83.33	{(g7033, F1, i)}
83.33	{(I13244, F1, i)}
83.33	{(g7033->I13244, F1, i)}
83.33	{(g7268, F1, i)}
83.33	{(I13244->g7268, F1, i)}
83.33	{(I13369, F1, i)}
83.33	{(g7268->I13369, F1, i)}
83.33	{(g7313, F1, i)}
83.33	{(I13369->g7313, F1, i)}
83.33	{(I13749, F1, i)}
83.33	{(g7313->I13749, F1, i)}
83.33	{(g7523, F1, i)}
83.33	{(I13749->g7523, F1, i)}
83.33	{(g7523->tmp_wire_275, F1, i)}
83.33	{(tmp_wire_275, F1, i)}
66.67	{(g1134->g6162, F1, i)}
66.67	{(g6162, F1, i)}
66.67	{(g6162->g6716, F1, i)}
66.67	{(g6716, F1, i)}
66.67	{(g6716->g7033, F1, i)}
