80.0	{(I9153, F1, i)}
80.0	{(I9153->g4810, F1, i)}
80.0	{(g4810, F1, i)}
80.0	{(g4810->g5566, F1, i)}
80.0	{(g5566, F1, i)}
80.0	{(I10678, F1, i)}
80.0	{(g5566->I10678, F1, i)}
80.0	{(g6063, F1, i)}
80.0	{(I10678->g6063, F1, i)}
80.0	{(I11458, F1, i)}
80.0	{(g6063->I11458, F1, i)}
80.0	{(g6377, F1, i)}
80.0	{(I11458->g6377, F1, i)}
80.0	{(g6377->tmp_wire_35, F1, i)}
80.0	{(tmp_wire_35, F1, i)}
80.0	{(g3883, F1, i)}
60.0	{(I9151->I9153, F1, i)}
60.0	{(g3883->I9151, F1, i)}
60.0	{(I9151, F1, i)}
60.0	{(g2276->g3883, F1, i)}
60.0	{(g3188, F1, i)}
60.0	{(g3188->g3883, F1, i)}
60.0	{(g2316->g3188, F1, i)}
