93.33	{(g6924, F1, i)}
93.33	{(I12965, F1, i)}
93.33	{(g6924->I12965, F1, i)}
93.33	{(g7125, F1, i)}
93.33	{(I12965->g7125, F1, i)}
93.33	{(I13475, F1, i)}
93.33	{(g7125->I13475, F1, i)}
93.33	{(g7353, F1, i)}
93.33	{(I13475->g7353, F1, i)}
93.33	{(I13894, F1, i)}
93.33	{(g7353->I13894, F1, i)}
93.33	{(g7583, F1, i)}
93.33	{(I13894->g7583, F1, i)}
93.33	{(I14085, F1, i)}
93.33	{(g7583->I14085, F1, i)}
93.33	{(g7738, F1, i)}
93.33	{(I14085->g7738, F1, i)}
93.33	{(g7738->tmp_wire_324, F1, i)}
93.33	{(tmp_wire_324, F1, i)}
92.0	{(g6400, F1, i)}
92.0	{(g6400->g6924, F1, i)}
89.33	{(g150->g6400, F1, i)}
