90.48	{(g3658, F1, i)}
90.48	{(g3658->g6994, F1, i)}
90.48	{(g6994, F1, i)}
90.48	{(g6994->g7324, F1, i)}
90.48	{(g7324, F1, i)}
90.48	{(I13837, F1, i)}
90.48	{(g7324->I13837, F1, i)}
90.48	{(g7551, F1, i)}
90.48	{(I13837->g7551, F1, i)}
90.48	{(I14142, F1, i)}
90.48	{(g7551->I14142, F1, i)}
90.48	{(g7757, F1, i)}
90.48	{(I14142->g7757, F1, i)}
90.48	{(g7757->tmp_wire_608, F1, i)}
90.48	{(tmp_wire_608, F1, i)}
90.48	{(g1974, F1, i)}
90.48	{(g803->g1974, F1, i)}
76.19	{(I7149, F1, i)}
76.19	{(I7149->g3658, F1, i)}
66.67	{(I7150, F1, i)}
66.67	{(I7150->g3658, F1, i)}
66.67	{(I7148, F1, i)}
