87.76	{(g7537, F1, i)}
87.76	{(I14305, F1, i)}
87.76	{(g7537->I14305, F1, i)}
87.76	{(g8012, F1, i)}
87.76	{(I14305->g8012, F1, i)}
87.76	{(I14637, F1, i)}
87.76	{(g8012->I14637, F1, i)}
87.76	{(g8481, F1, i)}
87.76	{(I14637->g8481, F1, i)}
87.76	{(I14810, F1, i)}
87.76	{(g8481->I14810, F1, i)}
87.76	{(g8672, F1, i)}
87.76	{(I14810->g8672, F1, i)}
87.76	{(g8672->tmp_wire_223, F1, i)}
87.76	{(tmp_wire_223, F1, i)}
59.18	{(g7363, F1, i)}
59.18	{(g7363->g7537, F1, i)}
59.18	{(I12582, F1, i)}
59.18	{(g6745->I12582, F1, i)}
59.18	{(g6903, F1, i)}
59.18	{(I12582->g6903, F1, i)}
59.18	{(g6903->g7363, F1, i)}
