95.24	{(g6996, F1, i)}
95.24	{(g7143, F1, i)}
95.24	{(g6996->g7143, F1, i)}
95.24	{(I13438, F1, i)}
95.24	{(g7143->I13438, F1, i)}
95.24	{(g7340, F1, i)}
95.24	{(I13438->g7340, F1, i)}
95.24	{(I13710, F1, i)}
95.24	{(g7340->I13710, F1, i)}
95.24	{(g7510, F1, i)}
95.24	{(I13710->g7510, F1, i)}
95.24	{(g7510->tmp_wire_609, F1, i)}
95.24	{(tmp_wire_609, F1, i)}
90.48	{(g3678, F1, i)}
90.48	{(g3678->g6996, F1, i)}
90.48	{(g2006, F1, i)}
90.48	{(g806->g2006, F1, i)}
85.71	{(I7174, F1, i)}
85.71	{(I7174->g3678, F1, i)}
76.19	{(g2006->I7174, F1, i)}
