82.35	{(g3665, F1, i)}
82.35	{(g4353, F1, i)}
82.35	{(g3665->g4353, F1, i)}
82.35	{(I9076, F1, i)}
82.35	{(g4353->I9076, F1, i)}
82.35	{(g4746, F1, i)}
82.35	{(I9076->g4746, F1, i)}
82.35	{(I9624, F1, i)}
82.35	{(g4746->I9624, F1, i)}
82.35	{(g5166, F1, i)}
82.35	{(I9624->g5166, F1, i)}
82.35	{(g5166->tmp_wire_653, F1, i)}
82.35	{(tmp_wire_653, F1, i)}
82.35	{(g2331, F1, i)}
82.35	{(g933->g2331, F1, i)}
61.76	{(I7158, F1, i)}
61.76	{(I7158->g3665, F1, i)}
58.82	{(I7156, F1, i)}
55.88	{(I7157, F1, i)}
55.88	{(I7157->g3665, F1, i)}
