100.0	{(g6734, F1, i)}
100.0	{(g6734->g7041, F1, i)}
100.0	{(g7041, F1, i)}
100.0	{(I13261, F1, i)}
100.0	{(g7041->I13261, F1, i)}
100.0	{(g7275, F1, i)}
100.0	{(I13261->g7275, F1, i)}
100.0	{(I13383, F1, i)}
100.0	{(g7275->I13383, F1, i)}
100.0	{(g7317, F1, i)}
100.0	{(I13383->g7317, F1, i)}
100.0	{(I13755, F1, i)}
100.0	{(g7317->I13755, F1, i)}
100.0	{(g7525, F1, i)}
100.0	{(I13755->g7525, F1, i)}
100.0	{(g7525->tmp_wire_277, F1, i)}
100.0	{(tmp_wire_277, F1, i)}
100.0	{(g6580, F1, i)}
100.0	{(g6580->g6966, F1, i)}
100.0	{(g6039, F1, i)}
100.0	{(g6039->g6580, F1, i)}
100.0	{(g6966, F1, i)}
100.0	{(I13152, F1, i)}
100.0	{(g6966->I13152, F1, i)}
100.0	{(g7216, F1, i)}
100.0	{(I13152->g7216, F1, i)}
100.0	{(I13595, F1, i)}
100.0	{(g7216->I13595, F1, i)}
100.0	{(g7446, F1, i)}
100.0	{(I13595->g7446, F1, i)}
100.0	{(I13737, F1, i)}
100.0	{(g7446->I13737, F1, i)}
100.0	{(g7519, F1, i)}
100.0	{(I13737->g7519, F1, i)}
100.0	{(g7519->tmp_wire_278, F1, i)}
100.0	{(tmp_wire_278, F1, i)}
