90.48	{(g7834, F1, i)}
90.48	{(I14763, F1, i)}
90.48	{(g7834->I14763, F1, i)}
90.48	{(g8657, F1, i)}
90.48	{(I14763->g8657, F1, i)}
90.48	{(I14857, F1, i)}
90.48	{(g8657->I14857, F1, i)}
90.48	{(g8689, F1, i)}
90.48	{(I14857->g8689, F1, i)}
90.48	{(I15225, F1, i)}
90.48	{(g8689->I15225, F1, i)}
90.48	{(g8883, F1, i)}
90.48	{(I15225->g8883, F1, i)}
90.48	{(I15382, F1, i)}
90.48	{(g8883->I15382, F1, i)}
90.48	{(g8956, F1, i)}
90.48	{(I15382->g8956, F1, i)}
90.48	{(g8956->tmp_wire_668, F1, i)}
90.48	{(tmp_wire_668, F1, i)}
85.71	{(g7337, F1, i)}
85.71	{(g7337->g7724, F1, i)}
85.71	{(g7724, F1, i)}
85.71	{(g7724->g7834, F1, i)}
85.71	{(g4546, F1, i)}
85.71	{(g4546->g7337, F1, i)}
4.76	{(g6762, F0, i)}
4.76	{(g5847->g6762, F0, i)}
4.76	{(g5412->g6762, F0, i)}
4.76	{(g6762->g7834, F0, i)}
