81.82	{(g5624, F1, i)}
81.82	{(I11132, F1, i)}
81.82	{(g5624->I11132, F1, i)}
81.82	{(g6279, F1, i)}
81.82	{(I11132->g6279, F1, i)}
81.82	{(I11569, F1, i)}
81.82	{(g6279->I11569, F1, i)}
81.82	{(g6432, F1, i)}
81.82	{(I11569->g6432, F1, i)}
81.82	{(I12430, F1, i)}
81.82	{(g6432->I12430, F1, i)}
81.82	{(g6853, F1, i)}
81.82	{(I12430->g6853, F1, i)}
81.82	{(g6853->tmp_wire_253, F1, i)}
81.82	{(tmp_wire_253, F1, i)}
68.18	{(g5140, F1, i)}
68.18	{(g5140->g5624, F1, i)}
59.09	{(g2794, F1, i)}
59.09	{(g2185->g2794, F1, i)}
59.09	{(g2794->g5624, F1, i)}
54.55	{(g4333, F1, i)}
54.55	{(g4333->g5140, F1, i)}
