87.5	{(g2038, F1, i)}
87.5	{(g809->g2038, F1, i)}
87.5	{(I8504, F1, i)}
87.5	{(I8504->g4474, F1, i)}
87.5	{(g4474, F1, i)}
87.5	{(g4474->g6998, F1, i)}
87.5	{(g6998, F1, i)}
87.5	{(g7146, F1, i)}
87.5	{(g6998->g7146, F1, i)}
87.5	{(I13441, F1, i)}
87.5	{(g7146->I13441, F1, i)}
87.5	{(g7341, F1, i)}
87.5	{(I13441->g7341, F1, i)}
87.5	{(I13713, F1, i)}
87.5	{(g7341->I13713, F1, i)}
87.5	{(g7511, F1, i)}
87.5	{(I13713->g7511, F1, i)}
87.5	{(g7511->tmp_wire_610, F1, i)}
87.5	{(tmp_wire_610, F1, i)}
63.64	{(g2986, F1, i)}
62.5	{(g2038->I8504, F1, i)}
