88.37	{(g6571, F1, i)}
88.37	{(I12609, F1, i)}
88.37	{(g6571->I12609, F1, i)}
88.37	{(g6918, F1, i)}
88.37	{(I12609->g6918, F1, i)}
88.37	{(I12906, F1, i)}
88.37	{(g6918->I12906, F1, i)}
88.37	{(g7106, F1, i)}
88.37	{(I12906->g7106, F1, i)}
88.37	{(g7106->tmp_wire_249, F1, i)}
88.37	{(tmp_wire_249, F1, i)}
88.37	{(g1758, F1, i)}
88.37	{(g1084->g1758, F1, i)}
88.37	{(g5549, F1, i)}
88.37	{(g6118, F1, i)}
88.37	{(g5549->g6118, F1, i)}
79.07	{(I11759, F1, i)}
79.07	{(I11759->g6571, F1, i)}
72.09	{(I11758, F1, i)}
72.09	{(I11758->g6571, F1, i)}
72.09	{(g4712, F1, i)}
72.09	{(g4712->g5549, F1, i)}
67.44	{(g2935, F1, i)}
67.44	{(g2935->g5549, F1, i)}
65.12	{(I11757, F1, i)}
55.81	{(I11757->I11759, F1, i)}
55.81	{(g1758->I11757, F1, i)}
48.84	{(I11757->I11758, F1, i)}
48.84	{(g6118->I11757, F1, i)}
39.53	{(g6118->I11759, F1, i)}
32.56	{(g1758->I11758, F1, i)}
