100.0	{(g5566, F1, i)}
100.0	{(I10678, F1, i)}
100.0	{(g5566->I10678, F1, i)}
100.0	{(g6063, F1, i)}
100.0	{(I10678->g6063, F1, i)}
100.0	{(I11458, F1, i)}
100.0	{(g6063->I11458, F1, i)}
100.0	{(g6377, F1, i)}
100.0	{(I11458->g6377, F1, i)}
100.0	{(g6377->tmp_wire_35, F1, i)}
100.0	{(g5537, F1, i)}
100.0	{(I10716, F1, i)}
100.0	{(g5537->I10716, F1, i)}
100.0	{(g6094, F1, i)}
100.0	{(I10716->g6094, F1, i)}
100.0	{(I11461, F1, i)}
100.0	{(g6094->I11461, F1, i)}
100.0	{(g6378, F1, i)}
100.0	{(I11461->g6378, F1, i)}
100.0	{(g6378->tmp_wire_36, F1, i)}
100.0	{(tmp_wire_36, F1, i)}
