100.0	{(g6285, F1, i)}
100.0	{(I11809, F1, i)}
100.0	{(g6285->I11809, F1, i)}
100.0	{(g6599, F1, i)}
100.0	{(I11809->g6599, F1, i)}
100.0	{(I12535, F1, i)}
100.0	{(g6599->I12535, F1, i)}
100.0	{(g6888, F1, i)}
100.0	{(I12535->g6888, F1, i)}
100.0	{(g6888->tmp_wire_149, F1, i)}
100.0	{(tmp_wire_149, F1, i)}
100.0	{(I7885, F1, i)}
100.0	{(g2837->I7885, F1, i)}
100.0	{(g4088, F1, i)}
100.0	{(I7885->g4088, F1, i)}
100.0	{(g4908, F1, i)}
100.0	{(g4088->g4908, F1, i)}
100.0	{(g5477, F1, i)}
100.0	{(g4908->g5477, F1, i)}
95.92	{(g1780, F1, i)}
95.92	{(g614->g1780, F1, i)}
95.92	{(g2837, F1, i)}
95.92	{(g1780->g2837, F1, i)}
