90.74	{(g7254, F1, i)}
90.74	{(I13481, F1, i)}
90.74	{(g7254->I13481, F1, i)}
90.74	{(g7355, F1, i)}
90.74	{(I13481->g7355, F1, i)}
90.74	{(I13940, F1, i)}
90.74	{(g7355->I13940, F1, i)}
90.74	{(g7603, F1, i)}
90.74	{(I13940->g7603, F1, i)}
90.74	{(I14370, F1, i)}
90.74	{(g7603->I14370, F1, i)}
90.74	{(g8093, F1, i)}
90.74	{(I14370->g8093, F1, i)}
90.74	{(I14457, F1, i)}
90.74	{(g8093->I14457, F1, i)}
90.74	{(g8226, F1, i)}
90.74	{(I14457->g8226, F1, i)}
90.74	{(g8226->tmp_wire_184, F1, i)}
90.74	{(tmp_wire_184, F1, i)}
79.63	{(g6923, F1, i)}
79.63	{(g6923->g7254, F1, i)}
74.07	{(g1486->I11752, F1, i)}
74.07	{(I11752, F1, i)}
74.07	{(I11752->g6570, F1, i)}
74.07	{(g6570, F1, i)}
74.07	{(g6570->g6923, F1, i)}
