86.27	{(g7254, F1, i)}
86.27	{(I13481, F1, i)}
86.27	{(g7254->I13481, F1, i)}
86.27	{(g7355, F1, i)}
86.27	{(I13481->g7355, F1, i)}
86.27	{(I13940, F1, i)}
86.27	{(g7355->I13940, F1, i)}
86.27	{(g7603, F1, i)}
86.27	{(I13940->g7603, F1, i)}
86.27	{(I14370, F1, i)}
86.27	{(g7603->I14370, F1, i)}
86.27	{(g8093, F1, i)}
86.27	{(I14370->g8093, F1, i)}
86.27	{(I14457, F1, i)}
86.27	{(g8093->I14457, F1, i)}
86.27	{(g8226, F1, i)}
86.27	{(I14457->g8226, F1, i)}
86.27	{(g8226->tmp_wire_184, F1, i)}
86.27	{(tmp_wire_184, F1, i)}
68.63	{(g6923, F1, i)}
68.63	{(g6923->g7254, F1, i)}
58.82	{(g5298, F1, i)}
58.82	{(g5298->g7254, F1, i)}
54.9	{(g6570, F1, i)}
54.9	{(g6570->g6923, F1, i)}
31.37	{(g1912, F1, i)}
31.37	{(g1524->g1912, F1, i)}
31.37	{(g1912->g5298, F1, i)}
