92.86	{(g6602, F1, i)}
92.86	{(I12806, F1, i)}
92.86	{(g6602->I12806, F1, i)}
92.86	{(g7046, F1, i)}
92.86	{(I12806->g7046, F1, i)}
92.86	{(I12909, F1, i)}
92.86	{(g7046->I12909, F1, i)}
92.86	{(g7107, F1, i)}
92.86	{(I12909->g7107, F1, i)}
92.86	{(g7107->tmp_wire_256, F1, i)}
92.86	{(tmp_wire_256, F1, i)}
71.43	{(I6826, F1, i)}
71.43	{(g2185->I6826, F1, i)}
71.43	{(g3092, F1, i)}
71.43	{(I6826->g3092, F1, i)}
71.43	{(g3092->g6602, F1, i)}
64.29	{(g5561, F1, i)}
64.29	{(g5561->g6058, F1, i)}
64.29	{(g6058, F1, i)}
64.29	{(g6058->g6602, F1, i)}
