100.0	{(g5452, F1, i)}
100.0	{(I10786, F1, i)}
100.0	{(g5452->I10786, F1, i)}
100.0	{(g6141, F1, i)}
100.0	{(I10786->g6141, F1, i)}
100.0	{(I11897, F1, i)}
100.0	{(g6141->I11897, F1, i)}
100.0	{(g6635, F1, i)}
100.0	{(I11897->g6635, F1, i)}
100.0	{(I12436, F1, i)}
100.0	{(g6635->I12436, F1, i)}
100.0	{(g6855, F1, i)}
100.0	{(I12436->g6855, F1, i)}
100.0	{(g6855->tmp_wire_255, F1, i)}
100.0	{(tmp_wire_255, F1, i)}
100.0	{(tmp_wire_256, F1, i)}
100.0	{(g6602, F1, i)}
100.0	{(I12806, F1, i)}
100.0	{(g6602->I12806, F1, i)}
100.0	{(g7046, F1, i)}
100.0	{(I12806->g7046, F1, i)}
100.0	{(I12909, F1, i)}
100.0	{(g7046->I12909, F1, i)}
100.0	{(g7107, F1, i)}
100.0	{(I12909->g7107, F1, i)}
100.0	{(g7107->tmp_wire_256, F1, i)}
