80.56	{(g9291, F1, i)}
76.29	{(I16052, F1, i)}
76.29	{(g9291->I16052, F1, i)}
76.29	{(I16052->g9312, F1, i)}
75.45	{(I15842, F1, i)}
75.45	{(g9171->I15842, F1, i)}
75.45	{(g9188, F1, i)}
75.45	{(I15842->g9188, F1, i)}
75.45	{(g9199, F1, i)}
75.45	{(g9188->g9199, F1, i)}
75.45	{(g9209, F1, i)}
75.45	{(g9199->g9209, F1, i)}
75.45	{(I15930, F1, i)}
75.45	{(g9209->I15930, F1, i)}
75.45	{(g9218, F1, i)}
75.45	{(I15930->g9218, F1, i)}
75.45	{(I15962, F1, i)}
75.45	{(g9218->I15962, F1, i)}
75.45	{(g9236, F1, i)}
75.45	{(I15962->g9236, F1, i)}
75.45	{(I15982, F1, i)}
75.45	{(g9236->I15982, F1, i)}
75.45	{(g9252, F1, i)}
75.45	{(I15982->g9252, F1, i)}
68.8	{(g9252->g9273, F1, i)}
68.8	{(g9273, F1, i)}
68.8	{(g9273->g9291, F1, i)}
