85.71	{(g7008, F1, i)}
85.71	{(I13196, F1, i)}
85.71	{(g7008->I13196, F1, i)}
85.71	{(g7246, F1, i)}
85.71	{(I13196->g7246, F1, i)}
85.71	{(I13653, F1, i)}
85.71	{(g7246->I13653, F1, i)}
85.71	{(g7491, F1, i)}
85.71	{(I13653->g7491, F1, i)}
85.71	{(I13770, F1, i)}
85.71	{(g7491->I13770, F1, i)}
85.71	{(g7530, F1, i)}
85.71	{(I13770->g7530, F1, i)}
85.71	{(g7530->tmp_wire_74, F1, i)}
85.71	{(tmp_wire_74, F1, i)}
71.43	{(I11841->I11843, F1, i)}
71.43	{(I11843, F1, i)}
71.43	{(I11843->g6615, F1, i)}
71.43	{(g6615, F1, i)}
71.43	{(g6615->g7008, F1, i)}
71.43	{(g2548->I11841, F1, i)}
71.43	{(I11841, F1, i)}
71.43	{(g2548, F1, i)}
71.43	{(g1351->g2548, F1, i)}
