98.53	{(g7166, F1, i)}
98.53	{(I13425, F1, i)}
98.53	{(g7166->I13425, F1, i)}
98.53	{(g7335, F1, i)}
98.53	{(I13425->g7335, F1, i)}
98.53	{(I13888, F1, i)}
98.53	{(g7335->I13888, F1, i)}
98.53	{(g7581, F1, i)}
98.53	{(I13888->g7581, F1, i)}
98.53	{(I14338, F1, i)}
98.53	{(g7581->I14338, F1, i)}
98.53	{(g8065, F1, i)}
98.53	{(I14338->g8065, F1, i)}
98.53	{(I14442, F1, i)}
98.53	{(g8065->I14442, F1, i)}
98.53	{(g8221, F1, i)}
98.53	{(I14442->g8221, F1, i)}
98.53	{(g8221->tmp_wire_637, F1, i)}
98.53	{(tmp_wire_637, F1, i)}
97.06	{(g859->g6437, F1, i)}
97.06	{(g6437, F1, i)}
97.06	{(g6437->g7166, F1, i)}
