100.0	{(g6440, F1, i)}
100.0	{(g6440->g7087, F1, i)}
100.0	{(g6268, F1, i)}
100.0	{(g6268->g6440, F1, i)}
100.0	{(g1092->g6268, F1, i)}
100.0	{(g7087, F1, i)}
100.0	{(I13028, F1, i)}
100.0	{(g7087->I13028, F1, i)}
100.0	{(g7148, F1, i)}
100.0	{(I13028->g7148, F1, i)}
100.0	{(I13506, F1, i)}
100.0	{(g7148->I13506, F1, i)}
100.0	{(g7364, F1, i)}
100.0	{(I13506->g7364, F1, i)}
100.0	{(I13740, F1, i)}
100.0	{(g7364->I13740, F1, i)}
100.0	{(g7520, F1, i)}
100.0	{(I13740->g7520, F1, i)}
100.0	{(g7520->tmp_wire_273, F1, i)}
100.0	{(tmp_wire_273, F1, i)}
