100.0	{(g6685, F1, i)}
100.0	{(I12760, F1, i)}
100.0	{(g6685->I12760, F1, i)}
100.0	{(g7014, F1, i)}
100.0	{(I12760->g7014, F1, i)}
100.0	{(I12927, F1, i)}
100.0	{(g7014->I12927, F1, i)}
100.0	{(g7113, F1, i)}
100.0	{(I12927->g7113, F1, i)}
100.0	{(g7113->tmp_wire_113, F1, i)}
100.0	{(tmp_wire_113, F1, i)}
100.0	{(g6013, F1, i)}
100.0	{(g6013->g6735, F1, i)}
100.0	{(g6735, F1, i)}
100.0	{(I12771, F1, i)}
100.0	{(g6735->I12771, F1, i)}
100.0	{(g7019, F1, i)}
100.0	{(I12771->g7019, F1, i)}
100.0	{(I12930, F1, i)}
100.0	{(g7019->I12930, F1, i)}
100.0	{(g7114, F1, i)}
100.0	{(I12930->g7114, F1, i)}
100.0	{(g7114->tmp_wire_114, F1, i)}
100.0	{(tmp_wire_114, F1, i)}
