100.0	{(g6740, F1, i)}
100.0	{(I12779, F1, i)}
100.0	{(g6740->I12779, F1, i)}
100.0	{(g7023, F1, i)}
100.0	{(I12779->g7023, F1, i)}
100.0	{(I12942, F1, i)}
100.0	{(g7023->I12942, F1, i)}
100.0	{(g7118, F1, i)}
100.0	{(I12942->g7118, F1, i)}
100.0	{(g7118->tmp_wire_118, F1, i)}
100.0	{(tmp_wire_118, F1, i)}
100.0	{(g7086, F1, i)}
100.0	{(I13164, F1, i)}
100.0	{(g7086->I13164, F1, i)}
100.0	{(g7224, F1, i)}
100.0	{(I13164->g7224, F1, i)}
100.0	{(I13347, F1, i)}
100.0	{(g7224->I13347, F1, i)}
100.0	{(g7305, F1, i)}
100.0	{(I13347->g7305, F1, i)}
100.0	{(g7305->tmp_wire_119, F1, i)}
100.0	{(tmp_wire_119, F1, i)}
