81.78	{(g7248, F1, i)}
79.76	{(I11129, F1, i)}
79.76	{(g5418->I11129, F1, i)}
79.76	{(g6278, F1, i)}
79.76	{(I11129->g6278, F1, i)}
79.76	{(I11987, F1, i)}
79.76	{(g6278->I11987, F1, i)}
79.76	{(g6677, F1, i)}
79.76	{(I11987->g6677, F1, i)}
76.11	{(g6677->g7079, F1, i)}
76.11	{(g7079, F1, i)}
76.11	{(g7079->g7248, F1, i)}
74.79	{(g4960, F1, i)}
74.79	{(g4259->g4960, F1, i)}
74.79	{(I10135, F1, i)}
74.79	{(g4960->I10135, F1, i)}
74.79	{(g5652, F1, i)}
74.79	{(I10135->g5652, F1, i)}
74.79	{(g5652->g7248, F1, i)}
74.21	{(I13628, F1, i)}
74.21	{(g7248->I13628, F1, i)}
74.21	{(I13628->g7474, F1, i)}
64.71	{(g2521, F1, i)}
64.71	{(g3654, F1, i)}
64.71	{(g2521->g3654, F1, i)}
64.71	{(I8196, F1, i)}
64.71	{(g3654->I8196, F1, i)}
64.71	{(g4259, F1, i)}
64.71	{(I8196->g4259, F1, i)}
