84.21	{(g5483, F1, i)}
84.21	{(g5483->g6949, F1, i)}
84.21	{(g4740, F1, i)}
84.21	{(g4740->g5483, F1, i)}
84.21	{(g6949, F1, i)}
84.21	{(I13126, F1, i)}
84.21	{(g6949->I13126, F1, i)}
84.21	{(g7198, F1, i)}
84.21	{(I13126->g7198, F1, i)}
84.21	{(I13570, F1, i)}
84.21	{(g7198->I13570, F1, i)}
84.21	{(g7437, F1, i)}
84.21	{(I13570->g7437, F1, i)}
84.21	{(I13725, F1, i)}
84.21	{(g7437->I13725, F1, i)}
84.21	{(g7515, F1, i)}
84.21	{(I13725->g7515, F1, i)}
84.21	{(g7515->tmp_wire_226, F1, i)}
84.21	{(tmp_wire_226, F1, i)}
78.95	{(g2242->g4740, F1, i)}
57.89	{(g4275, F1, i)}
57.89	{(g3790->g4275, F1, i)}
57.89	{(g4275->g4740, F1, i)}
