100.0	{(g7240, F1, i)}
100.0	{(I13669, F1, i)}
100.0	{(g7240->I13669, F1, i)}
100.0	{(g7497, F1, i)}
100.0	{(I13669->g7497, F1, i)}
100.0	{(I13776, F1, i)}
100.0	{(g7497->I13776, F1, i)}
100.0	{(g7532, F1, i)}
100.0	{(I13776->g7532, F1, i)}
100.0	{(I14193, F1, i)}
100.0	{(g7532->I14193, F1, i)}
100.0	{(g7774, F1, i)}
100.0	{(I14193->g7774, F1, i)}
100.0	{(g7774->tmp_wire_190, F1, i)}
100.0	{(g7242, F1, i)}
100.0	{(I13672, F1, i)}
100.0	{(g7242->I13672, F1, i)}
100.0	{(g7498, F1, i)}
100.0	{(I13672->g7498, F1, i)}
100.0	{(I13782, F1, i)}
100.0	{(g7498->I13782, F1, i)}
100.0	{(g7534, F1, i)}
100.0	{(I13782->g7534, F1, i)}
100.0	{(I14196, F1, i)}
100.0	{(g7534->I14196, F1, i)}
100.0	{(g7775, F1, i)}
100.0	{(I14196->g7775, F1, i)}
100.0	{(g7775->tmp_wire_191, F1, i)}
