97.3	{(g3665, F1, i)}
97.3	{(g4353, F1, i)}
97.3	{(g3665->g4353, F1, i)}
97.3	{(I9076, F1, i)}
97.3	{(g4353->I9076, F1, i)}
97.3	{(g4746, F1, i)}
97.3	{(I9076->g4746, F1, i)}
97.3	{(I9624, F1, i)}
97.3	{(g4746->I9624, F1, i)}
97.3	{(g5166, F1, i)}
97.3	{(I9624->g5166, F1, i)}
97.3	{(g5166->tmp_wire_653, F1, i)}
97.3	{(tmp_wire_653, F1, i)}
97.3	{(g2331, F1, i)}
97.3	{(g933->g2331, F1, i)}
83.78	{(I7158, F1, i)}
83.78	{(I7158->g3665, F1, i)}
78.38	{(I7157, F1, i)}
78.38	{(I7157->g3665, F1, i)}
70.27	{(I7156, F1, i)}
