100.0	{(g6923, F1, i)}
100.0	{(g6923->g7254, F1, i)}
100.0	{(g7254, F1, i)}
100.0	{(I13481, F1, i)}
100.0	{(g7254->I13481, F1, i)}
100.0	{(g7355, F1, i)}
100.0	{(I13481->g7355, F1, i)}
100.0	{(I13940, F1, i)}
100.0	{(g7355->I13940, F1, i)}
100.0	{(g7603, F1, i)}
100.0	{(I13940->g7603, F1, i)}
100.0	{(I14370, F1, i)}
100.0	{(g7603->I14370, F1, i)}
100.0	{(g8093, F1, i)}
100.0	{(I14370->g8093, F1, i)}
100.0	{(I14457, F1, i)}
100.0	{(g8093->I14457, F1, i)}
100.0	{(g8226, F1, i)}
100.0	{(I14457->g8226, F1, i)}
100.0	{(g8226->tmp_wire_184, F1, i)}
