100.0	{(g8798, F1, i)}
100.0	{(g8798->g8911, F1, i)}
100.0	{(g8911, F1, i)}
100.0	{(I15433, F1, i)}
100.0	{(g8911->I15433, F1, i)}
100.0	{(g8977, F1, i)}
100.0	{(I15433->g8977, F1, i)}
100.0	{(I15516, F1, i)}
100.0	{(g8977->I15516, F1, i)}
100.0	{(g9034, F1, i)}
100.0	{(I15516->g9034, F1, i)}
100.0	{(g9034->tmp_wire_241, F1, i)}
100.0	{(tmp_wire_241, F1, i)}
100.0	{(g8801, F1, i)}
100.0	{(I15218, F1, i)}
100.0	{(g8801->I15218, F1, i)}
100.0	{(g8880, F1, i)}
100.0	{(I15218->g8880, F1, i)}
100.0	{(I15385, F1, i)}
100.0	{(g8880->I15385, F1, i)}
100.0	{(g8957, F1, i)}
100.0	{(I15385->g8957, F1, i)}
100.0	{(g8957->tmp_wire_242, F1, i)}
100.0	{(tmp_wire_242, F1, i)}
