100.0	{(g7837, F1, i)}
100.0	{(I14643, F1, i)}
100.0	{(g7837->I14643, F1, i)}
100.0	{(g8510, F1, i)}
100.0	{(I14643->g8510, F1, i)}
100.0	{(I14996, F1, i)}
100.0	{(g8510->I14996, F1, i)}
100.0	{(g8792, F1, i)}
100.0	{(I14996->g8792, F1, i)}
100.0	{(I15199, F1, i)}
100.0	{(g8792->I15199, F1, i)}
100.0	{(g8871, F1, i)}
100.0	{(I15199->g8871, F1, i)}
100.0	{(g8871->tmp_wire_240, F1, i)}
100.0	{(tmp_wire_240, F1, i)}
100.0	{(g3220, F1, i)}
100.0	{(g1889->g3220, F1, i)}
28.57	{(I8119->I8121, F1, i)}
28.57	{(I8119->I8120, F1, i)}
28.57	{(I8119, F1, i)}
28.57	{(g1904->I8119, F0, i)}
28.57	{(g3220->I8119, F0, i)}
