90.0	{(g8154, F1, i)}
90.0	{(g8154->g8607, F1, i)}
90.0	{(g8607, F1, i)}
90.0	{(I15014, F1, i)}
90.0	{(g8607->I15014, F1, i)}
90.0	{(g8802, F1, i)}
90.0	{(I15014->g8802, F1, i)}
90.0	{(I15337, F1, i)}
90.0	{(g8802->I15337, F1, i)}
90.0	{(g8917, F1, i)}
90.0	{(I15337->g8917, F1, i)}
90.0	{(I15391, F1, i)}
90.0	{(g8917->I15391, F1, i)}
90.0	{(g8959, F1, i)}
90.0	{(I15391->g8959, F1, i)}
90.0	{(g8959->tmp_wire_283, F1, i)}
90.0	{(tmp_wire_283, F1, i)}
70.0	{(g6054, F1, i)}
70.0	{(g6054->g8154, F1, i)}
60.0	{(g7607, F1, i)}
60.0	{(g7607->g8154, F1, i)}
