82.35	{(g7008, F1, i)}
82.35	{(I13196, F1, i)}
82.35	{(g7008->I13196, F1, i)}
82.35	{(g7246, F1, i)}
82.35	{(I13196->g7246, F1, i)}
82.35	{(I13653, F1, i)}
82.35	{(g7246->I13653, F1, i)}
82.35	{(g7491, F1, i)}
82.35	{(I13653->g7491, F1, i)}
82.35	{(I13770, F1, i)}
82.35	{(g7491->I13770, F1, i)}
82.35	{(g7530, F1, i)}
82.35	{(I13770->g7530, F1, i)}
82.35	{(g7530->tmp_wire_74, F1, i)}
82.35	{(tmp_wire_74, F1, i)}
58.82	{(g6615, F1, i)}
58.82	{(g6615->g7008, F1, i)}
58.82	{(g6158, F1, i)}
55.88	{(I11843, F1, i)}
55.88	{(I11843->g6615, F1, i)}
