100.0	{(g2275, F1, i)}
100.0	{(g990->g2275, F1, i)}
100.0	{(I6996, F1, i)}
100.0	{(I6996->I6998, F1, i)}
100.0	{(I6998, F1, i)}
100.0	{(I6998->g3518, F1, i)}
100.0	{(g3518, F1, i)}
100.0	{(g3518->g4743, F1, i)}
100.0	{(g5511, F1, i)}
100.0	{(g5511->g6951, F1, i)}
100.0	{(g4743, F1, i)}
100.0	{(g4743->g5511, F1, i)}
100.0	{(g6951, F1, i)}
100.0	{(I13131, F1, i)}
100.0	{(g6951->I13131, F1, i)}
100.0	{(g7205, F1, i)}
100.0	{(I13131->g7205, F1, i)}
100.0	{(I13574, F1, i)}
100.0	{(g7205->I13574, F1, i)}
100.0	{(g7439, F1, i)}
100.0	{(I13574->g7439, F1, i)}
100.0	{(I13728, F1, i)}
100.0	{(g7439->I13728, F1, i)}
100.0	{(g7516, F1, i)}
100.0	{(I13728->g7516, F1, i)}
100.0	{(g7516->tmp_wire_227, F1, i)}
100.0	{(tmp_wire_227, F1, i)}
100.0	{(g2275->I6996, F1, i)}
