91.3	{(g7328, F1, i)}
91.3	{(I13850, F1, i)}
91.3	{(g7328->I13850, F1, i)}
91.3	{(g7558, F1, i)}
91.3	{(I13850->g7558, F1, i)}
91.3	{(I14154, F1, i)}
91.3	{(g7558->I14154, F1, i)}
91.3	{(g7761, F1, i)}
91.3	{(I14154->g7761, F1, i)}
91.3	{(g7761->tmp_wire_615, F1, i)}
91.3	{(tmp_wire_615, F1, i)}
86.96	{(g3722, F1, i)}
86.96	{(g3722->g7001, F1, i)}
86.96	{(g7001, F1, i)}
86.96	{(g7001->g7328, F1, i)}
86.96	{(g2091, F1, i)}
86.96	{(g819->g2091, F1, i)}
78.26	{(I7215, F1, i)}
78.26	{(I7215->g3722, F1, i)}
60.87	{(I7216, F1, i)}
60.87	{(I7216->g3722, F1, i)}
60.87	{(I7214, F1, i)}
