84.62	{(g4747, F1, i)}
84.62	{(I9785, F1, i)}
84.62	{(g4747->I9785, F1, i)}
84.62	{(g5267, F1, i)}
84.62	{(I9785->g5267, F1, i)}
84.62	{(I10643, F1, i)}
84.62	{(g5267->I10643, F1, i)}
84.62	{(g6036, F1, i)}
84.62	{(I10643->g6036, F1, i)}
84.62	{(I11725, F1, i)}
84.62	{(g6036->I11725, F1, i)}
84.62	{(g6553, F1, i)}
84.62	{(I11725->g6553, F1, i)}
84.62	{(I12427, F1, i)}
84.62	{(g6553->I12427, F1, i)}
84.62	{(g6852, F1, i)}
84.62	{(I12427->g6852, F1, i)}
84.62	{(g6852->tmp_wire_244, F1, i)}
84.62	{(tmp_wire_244, F1, i)}
66.67	{(g3984, F1, i)}
66.67	{(g3984->g4747, F1, i)}
58.97	{(g2912, F1, i)}
58.97	{(g2912->g4747, F1, i)}
