81.43	{(I6770, F1, i)}
81.43	{(g1590->I6770, F1, i)}
81.43	{(g3018, F1, i)}
81.43	{(I6770->g3018, F1, i)}
81.43	{(I7368, F1, i)}
81.43	{(g3018->I7368, F1, i)}
81.43	{(g3855, F1, i)}
81.43	{(I7368->g3855, F1, i)}
81.43	{(g3855->tmp_wire_656, F1, i)}
81.43	{(tmp_wire_656, F1, i)}
64.13	{(I5466, F1, i)}
64.13	{(g926->I5466, F1, i)}
64.13	{(g1590, F1, i)}
64.13	{(I5466->g1590, F1, i)}
14.29	{(g6459, F1, i)}
14.29	{(I12659, F1, i)}
14.29	{(g6459->I12659, F1, i)}
14.29	{(g6950, F1, i)}
14.29	{(I12659->g6950, F1, i)}
14.29	{(I12891, F1, i)}
14.29	{(g6950->I12891, F1, i)}
14.29	{(g7101, F1, i)}
14.29	{(I12891->g7101, F1, i)}
14.29	{(g7101->tmp_wire_666, F1, i)}
14.29	{(tmp_wire_666, F1, i)}
12.86	{(g6259->g6459, F1, i)}
11.43	{(g6193, F1, i)}
11.43	{(g6193->I11603, F1, i)}
11.43	{(I11603, F1, i)}
11.43	{(I11603->g6459, F1, i)}
8.0	{(g4335, F1, i)}
8.0	{(g3659->g4335, F1, i)}
5.71	{(g5310, F1, i)}
5.71	{(g5310->g6193, F1, i)}
100.0	{(g883->I6209, F0, i)}
