91.78	{(tmp_wire_329, F1, i)}
91.78	{(g6935, F1, i)}
91.78	{(I13009, F1, i)}
91.78	{(g6935->I13009, F1, i)}
91.78	{(g7141, F1, i)}
91.78	{(I13009->g7141, F1, i)}
91.78	{(I13518, F1, i)}
91.78	{(g7141->I13518, F1, i)}
91.78	{(g7405, F1, i)}
91.78	{(I13518->g7405, F1, i)}
91.78	{(I13930, F1, i)}
91.78	{(g7405->I13930, F1, i)}
91.78	{(g7595, F1, i)}
91.78	{(I13930->g7595, F1, i)}
91.78	{(I14097, F1, i)}
91.78	{(g7595->I14097, F1, i)}
91.78	{(g7742, F1, i)}
91.78	{(I14097->g7742, F1, i)}
91.78	{(g7742->tmp_wire_329, F1, i)}
90.41	{(g6429, F1, i)}
90.41	{(g6429->g6935, F1, i)}
89.04	{(g168->g6429, F1, i)}
