85.71	{(g4747, F1, i)}
85.71	{(I9785, F1, i)}
85.71	{(g4747->I9785, F1, i)}
85.71	{(g5267, F1, i)}
85.71	{(I9785->g5267, F1, i)}
85.71	{(I10643, F1, i)}
85.71	{(g5267->I10643, F1, i)}
85.71	{(g6036, F1, i)}
85.71	{(I10643->g6036, F1, i)}
85.71	{(I11725, F1, i)}
85.71	{(g6036->I11725, F1, i)}
85.71	{(g6553, F1, i)}
85.71	{(I11725->g6553, F1, i)}
85.71	{(I12427, F1, i)}
85.71	{(g6553->I12427, F1, i)}
85.71	{(g6852, F1, i)}
85.71	{(I12427->g6852, F1, i)}
85.71	{(g6852->tmp_wire_244, F1, i)}
85.71	{(tmp_wire_244, F1, i)}
71.43	{(g2912, F1, i)}
71.43	{(g2912->g4747, F1, i)}
65.71	{(g3984, F1, i)}
65.71	{(g3984->g4747, F1, i)}
62.86	{(g1945, F1, i)}
62.86	{(g1081->g1945, F1, i)}
