91.18	{(g6929, F1, i)}
91.18	{(I12980, F1, i)}
91.18	{(g6929->I12980, F1, i)}
91.18	{(g7132, F1, i)}
91.18	{(I12980->g7132, F1, i)}
91.18	{(I13493, F1, i)}
91.18	{(g7132->I13493, F1, i)}
91.18	{(g7359, F1, i)}
91.18	{(I13493->g7359, F1, i)}
91.18	{(I13912, F1, i)}
91.18	{(g7359->I13912, F1, i)}
91.18	{(g7589, F1, i)}
91.18	{(I13912->g7589, F1, i)}
91.18	{(I14091, F1, i)}
91.18	{(g7589->I14091, F1, i)}
91.18	{(g7740, F1, i)}
91.18	{(I14091->g7740, F1, i)}
91.18	{(g7740->tmp_wire_327, F1, i)}
91.18	{(tmp_wire_327, F1, i)}
88.24	{(g158->g6412, F1, i)}
88.24	{(g6412, F1, i)}
88.24	{(g6412->g6929, F1, i)}
