93.75	{(g9011, F1, i)}
93.75	{(g9011->g9080, F1, i)}
93.75	{(g6046, F1, i)}
93.75	{(g6046->g9011, F1, i)}
93.75	{(g9080, F1, i)}
93.75	{(I15753, F1, i)}
93.75	{(g9080->I15753, F1, i)}
93.75	{(g9125, F1, i)}
93.75	{(I15753->g9125, F1, i)}
93.75	{(I15784, F1, i)}
93.75	{(g9125->I15784, F1, i)}
93.75	{(g9140, F1, i)}
93.75	{(I15784->g9140, F1, i)}
93.75	{(I15791, F1, i)}
93.75	{(g9140->I15791, F1, i)}
93.75	{(g9145, F1, i)}
93.75	{(I15791->g9145, F1, i)}
93.75	{(g9145->tmp_wire_287, F1, i)}
93.75	{(tmp_wire_287, F1, i)}
68.75	{(g1073->g6046, F1, i)}
