95.24	{(g3679, F1, i)}
95.24	{(g4357, F1, i)}
95.24	{(g3679->g4357, F1, i)}
95.24	{(I9081, F1, i)}
95.24	{(g4357->I9081, F1, i)}
95.24	{(g4776, F1, i)}
95.24	{(I9081->g4776, F1, i)}
95.24	{(I9612, F1, i)}
95.24	{(g4776->I9612, F1, i)}
95.24	{(g5162, F1, i)}
95.24	{(I9612->g5162, F1, i)}
95.24	{(g5162->tmp_wire_605, F1, i)}
95.24	{(tmp_wire_605, F1, i)}
95.24	{(g2351, F1, i)}
95.24	{(g792->g2351, F1, i)}
80.95	{(I7181, F1, i)}
80.95	{(I7181->g3679, F1, i)}
80.95	{(I7179, F1, i)}
66.67	{(I7179->I7181, F1, i)}
66.67	{(g2351->I7179, F1, i)}
