93.94	{(g7228, F1, i)}
93.94	{(I13656, F1, i)}
93.94	{(g7228->I13656, F1, i)}
93.94	{(g7492, F1, i)}
93.94	{(I13656->g7492, F1, i)}
93.94	{(I14046, F1, i)}
93.94	{(g7492->I14046, F1, i)}
93.94	{(g7725, F1, i)}
93.94	{(I14046->g7725, F1, i)}
93.94	{(I14181, F1, i)}
93.94	{(g7725->I14181, F1, i)}
93.94	{(g7770, F1, i)}
93.94	{(I14181->g7770, F1, i)}
93.94	{(g7770->tmp_wire_186, F1, i)}
93.94	{(tmp_wire_186, F1, i)}
78.79	{(g6688, F1, i)}
78.79	{(g6688->g7228, F1, i)}
69.7	{(g5570, F1, i)}
69.7	{(g5570->g6688, F1, i)}
63.64	{(g6145, F1, i)}
63.64	{(g6145->g6688, F1, i)}
