100.0	{(g8584, F1, i)}
100.0	{(I15010, F1, i)}
100.0	{(g8584->I15010, F1, i)}
100.0	{(g8800, F1, i)}
100.0	{(I15010->g8800, F1, i)}
100.0	{(I15334, F1, i)}
100.0	{(g8800->I15334, F1, i)}
100.0	{(g8916, F1, i)}
100.0	{(I15334->g8916, F1, i)}
100.0	{(I15394, F1, i)}
100.0	{(g8916->I15394, F1, i)}
100.0	{(g8960, F1, i)}
100.0	{(I15394->g8960, F1, i)}
100.0	{(g8960->tmp_wire_195, F1, i)}
100.0	{(tmp_wire_195, F1, i)}
100.0	{(g8779, F1, i)}
100.0	{(I15324, F1, i)}
100.0	{(g8779->I15324, F1, i)}
100.0	{(g8910, F1, i)}
100.0	{(I15324->g8910, F1, i)}
100.0	{(I15478, F1, i)}
100.0	{(g8910->I15478, F1, i)}
100.0	{(g9018, F1, i)}
100.0	{(I15478->g9018, F1, i)}
100.0	{(I15522, F1, i)}
100.0	{(g9018->I15522, F1, i)}
100.0	{(g9036, F1, i)}
100.0	{(I15522->g9036, F1, i)}
100.0	{(g9036->tmp_wire_196, F1, i)}
