86.49	{(g6974, F1, i)}
86.49	{(g7127, F1, i)}
86.49	{(g6974->g7127, F1, i)}
86.49	{(I13413, F1, i)}
86.49	{(g7127->I13413, F1, i)}
86.49	{(g7331, F1, i)}
86.49	{(I13413->g7331, F1, i)}
86.49	{(I13716, F1, i)}
86.49	{(g7331->I13716, F1, i)}
86.49	{(g7512, F1, i)}
86.49	{(I13716->g7512, F1, i)}
86.49	{(g7512->tmp_wire_616, F1, i)}
86.49	{(tmp_wire_616, F1, i)}
78.38	{(g3613, F1, i)}
78.38	{(g3613->g6974, F1, i)}
78.38	{(g1918, F1, i)}
78.38	{(g822->g1918, F1, i)}
67.57	{(I7087, F1, i)}
67.57	{(I7087->g3613, F1, i)}
59.46	{(I7086, F1, i)}
59.46	{(I7086->g3613, F1, i)}
59.46	{(I7085, F1, i)}
