100.0	{(g7443, F1, i)}
100.0	{(I14022, F1, i)}
100.0	{(g7443->I14022, F1, i)}
100.0	{(g7715, F1, i)}
100.0	{(I14022->g7715, F1, i)}
100.0	{(I14169, F1, i)}
100.0	{(g7715->I14169, F1, i)}
100.0	{(g7766, F1, i)}
100.0	{(I14169->g7766, F1, i)}
100.0	{(g7766->tmp_wire_259, F1, i)}
100.0	{(tmp_wire_259, F1, i)}
100.0	{(tmp_wire_260, F1, i)}
100.0	{(g7697, F1, i)}
100.0	{(I14410, F1, i)}
100.0	{(g7697->I14410, F1, i)}
100.0	{(g8177, F1, i)}
100.0	{(I14410->g8177, F1, i)}
100.0	{(I14454, F1, i)}
100.0	{(g8177->I14454, F1, i)}
100.0	{(g8225, F1, i)}
100.0	{(I14454->g8225, F1, i)}
100.0	{(g8225->tmp_wire_260, F1, i)}
