100.0	{(g2333, F1, i)}
100.0	{(g3525, F1, i)}
100.0	{(g3525->g4744, F1, i)}
100.0	{(g5518, F1, i)}
100.0	{(g5518->g6954, F1, i)}
100.0	{(g4744, F1, i)}
100.0	{(g4744->g5518, F1, i)}
100.0	{(g6954, F1, i)}
100.0	{(I13140, F1, i)}
100.0	{(g6954->I13140, F1, i)}
100.0	{(g7208, F1, i)}
100.0	{(I13140->g7208, F1, i)}
100.0	{(I13580, F1, i)}
100.0	{(g7208->I13580, F1, i)}
100.0	{(g7441, F1, i)}
100.0	{(I13580->g7441, F1, i)}
100.0	{(I13731, F1, i)}
100.0	{(g7441->I13731, F1, i)}
100.0	{(g7517, F1, i)}
100.0	{(I13731->g7517, F1, i)}
100.0	{(g7517->tmp_wire_228, F1, i)}
100.0	{(tmp_wire_228, F1, i)}
