100.0	{(g4302, F1, i)}
100.0	{(I9064, F1, i)}
100.0	{(g4302->I9064, F1, i)}
100.0	{(g4742, F1, i)}
100.0	{(I9064->g4742, F1, i)}
100.0	{(I9618, F1, i)}
100.0	{(g4742->I9618, F1, i)}
100.0	{(I9618->g5164, F1, i)}
63.64	{(g6459, F1, i)}
63.64	{(I12659, F1, i)}
63.64	{(g6459->I12659, F1, i)}
63.64	{(g6950, F1, i)}
63.64	{(I12659->g6950, F1, i)}
63.64	{(I12891, F1, i)}
63.64	{(g6950->I12891, F1, i)}
63.64	{(g7101, F1, i)}
63.64	{(I12891->g7101, F1, i)}
63.64	{(g7101->tmp_wire_666, F1, i)}
63.64	{(tmp_wire_666, F1, i)}
57.58	{(I11603, F1, i)}
57.58	{(I11603->g6459, F1, i)}
54.55	{(g6175, F1, i)}
54.55	{(g6175->I11603, F1, i)}
44.74	{(g5305, F1, i)}
15.79	{(g3681->g4332, F1, i)}
100.0	{(g6056, F1, i)}
100.0	{(I11764, F1, i)}
100.0	{(g6056->I11764, F1, i)}
100.0	{(g6572, F1, i)}
100.0	{(I11764->g6572, F1, i)}
100.0	{(I12418, F1, i)}
100.0	{(g6572->I12418, F1, i)}
100.0	{(I12418->g6849, F1, i)}
