100.0	{(I10914, F1, i)}
100.0	{(g5448->I10914, F1, i)}
100.0	{(g6183, F1, i)}
100.0	{(I10914->g6183, F1, i)}
100.0	{(I11242, F1, i)}
100.0	{(g6183->I11242, F1, i)}
100.0	{(g6305, F1, i)}
100.0	{(I11242->g6305, F1, i)}
100.0	{(g6305->tmp_wire_29, F1, i)}
100.0	{(tmp_wire_668, F1, i)}
100.0	{(g7337, F1, i)}
100.0	{(g7337->g7724, F1, i)}
100.0	{(g7724, F1, i)}
100.0	{(g7724->g7834, F1, i)}
100.0	{(g4546, F1, i)}
100.0	{(g4546->g7337, F1, i)}
100.0	{(g7834, F1, i)}
100.0	{(I14763, F1, i)}
100.0	{(g7834->I14763, F1, i)}
100.0	{(g8657, F1, i)}
100.0	{(I14763->g8657, F1, i)}
100.0	{(I14857, F1, i)}
100.0	{(g8657->I14857, F1, i)}
100.0	{(g8689, F1, i)}
100.0	{(I14857->g8689, F1, i)}
100.0	{(I15225, F1, i)}
100.0	{(g8689->I15225, F1, i)}
100.0	{(g8883, F1, i)}
100.0	{(I15225->g8883, F1, i)}
100.0	{(I15382, F1, i)}
100.0	{(g8883->I15382, F1, i)}
100.0	{(g8956, F1, i)}
100.0	{(I15382->g8956, F1, i)}
100.0	{(g8956->tmp_wire_668, F1, i)}
12.5	{(g5790->g6489, F0, i)}
