100.0	{(I10914, F1, i)}
100.0	{(g5448->I10914, F1, i)}
100.0	{(g6183, F1, i)}
100.0	{(I10914->g6183, F1, i)}
100.0	{(I11242, F1, i)}
100.0	{(g6183->I11242, F1, i)}
100.0	{(g6305, F1, i)}
100.0	{(I11242->g6305, F1, i)}
100.0	{(g6305->tmp_wire_29, F1, i)}
100.0	{(tmp_wire_29, F1, i)}
100.0	{(g4546, F1, i)}
100.0	{(g4546->g7337, F1, i)}
100.0	{(g7834, F1, i)}
100.0	{(I14763, F1, i)}
100.0	{(g7834->I14763, F1, i)}
100.0	{(g8657, F1, i)}
100.0	{(I14763->g8657, F1, i)}
100.0	{(I14857, F1, i)}
100.0	{(g8657->I14857, F1, i)}
100.0	{(g8689, F1, i)}
100.0	{(I14857->g8689, F1, i)}
100.0	{(I15225, F1, i)}
100.0	{(g8689->I15225, F1, i)}
100.0	{(g8883, F1, i)}
100.0	{(I15225->g8883, F1, i)}
100.0	{(I15382, F1, i)}
100.0	{(g8883->I15382, F1, i)}
100.0	{(g8956, F1, i)}
100.0	{(I15382->g8956, F1, i)}
100.0	{(g8956->tmp_wire_668, F1, i)}
100.0	{(g7724, F1, i)}
100.0	{(g7724->g7834, F1, i)}
100.0	{(g7337, F1, i)}
100.0	{(g7337->g7724, F1, i)}
100.0	{(g9352, F1, i)}
100.0	{(g9352->g9371, F1, i)}
100.0	{(g9377, F1, i)}
100.0	{(I16165, F1, i)}
100.0	{(g9377->I16165, F1, i)}
100.0	{(g9381, F1, i)}
100.0	{(I16165->g9381, F1, i)}
100.0	{(I16168, F1, i)}
100.0	{(g9381->I16168, F1, i)}
100.0	{(g9382, F1, i)}
100.0	{(I16168->g9382, F1, i)}
100.0	{(I16173, F1, i)}
100.0	{(g9382->I16173, F1, i)}
100.0	{(g9385, F1, i)}
100.0	{(I16173->g9385, F1, i)}
100.0	{(I16176, F1, i)}
100.0	{(g9385->I16176, F1, i)}
100.0	{(g9386, F1, i)}
100.0	{(I16176->g9386, F1, i)}
100.0	{(g9386->tmp_wire_667, F1, i)}
100.0	{(g4526, F1, i)}
100.0	{(g4526->g9352, F1, i)}
100.0	{(g9371, F1, i)}
100.0	{(g9371->g9377, F1, i)}
