100.0	{(g6931, F1, i)}
100.0	{(I12986, F1, i)}
100.0	{(g6931->I12986, F1, i)}
100.0	{(g7134, F1, i)}
100.0	{(I12986->g7134, F1, i)}
100.0	{(I13499, F1, i)}
100.0	{(g7134->I13499, F1, i)}
100.0	{(g7361, F1, i)}
100.0	{(I13499->g7361, F1, i)}
100.0	{(I13918, F1, i)}
100.0	{(g7361->I13918, F1, i)}
100.0	{(g7591, F1, i)}
100.0	{(I13918->g7591, F1, i)}
100.0	{(I14124, F1, i)}
100.0	{(g7591->I14124, F1, i)}
100.0	{(g7751, F1, i)}
100.0	{(I14124->g7751, F1, i)}
100.0	{(g7751->tmp_wire_581, F1, i)}
100.0	{(g6417, F1, i)}
100.0	{(g6417->g6932, F1, i)}
100.0	{(g6932, F1, i)}
100.0	{(I12989, F1, i)}
100.0	{(g6932->I12989, F1, i)}
100.0	{(g7135, F1, i)}
100.0	{(I12989->g7135, F1, i)}
100.0	{(I13502, F1, i)}
100.0	{(g7135->I13502, F1, i)}
100.0	{(g7362, F1, i)}
100.0	{(I13502->g7362, F1, i)}
100.0	{(I13921, F1, i)}
100.0	{(g7362->I13921, F1, i)}
100.0	{(g7592, F1, i)}
100.0	{(I13921->g7592, F1, i)}
100.0	{(I14130, F1, i)}
100.0	{(g7592->I14130, F1, i)}
100.0	{(g7753, F1, i)}
100.0	{(I14130->g7753, F1, i)}
100.0	{(g7753->tmp_wire_583, F1, i)}
