89.06	{(g1967, F1, i)}
89.06	{(g1432->g1967, F1, i)}
88.75	{(I6791, F1, i)}
88.75	{(g1967->I6791, F1, i)}
88.75	{(g3051, F1, i)}
88.75	{(I6791->g3051, F1, i)}
88.75	{(I8665, F1, i)}
88.75	{(g3051->I8665, F1, i)}
88.75	{(g4564, F1, i)}
88.75	{(I8665->g4564, F1, i)}
88.75	{(I9443, F1, i)}
88.75	{(g4564->I9443, F1, i)}
88.75	{(g5075, F1, i)}
88.75	{(I9443->g5075, F1, i)}
88.75	{(I10207, F1, i)}
88.75	{(g5075->I10207, F1, i)}
88.75	{(g5696, F1, i)}
88.75	{(I10207->g5696, F1, i)}
88.75	{(I11055, F1, i)}
88.75	{(g5696->I11055, F1, i)}
88.75	{(g6246, F1, i)}
88.75	{(I11055->g6246, F1, i)}
