50.0	{(I14019, F1, i)}
50.0	{(g7480->I14019, F1, i)}
50.0	{(g7714, F1, i)}
50.0	{(I14019->g7714, F1, i)}
50.0	{(I14070, F1, i)}
50.0	{(g7714->I14070, F1, i)}
50.0	{(g7733, F1, i)}
50.0	{(I14070->g7733, F1, i)}
50.0	{(g7733->tmp_wire_302, F1, i)}
50.0	{(tmp_wire_302, F1, i)}
48.44	{(g7069, F1, i)}
48.44	{(g6695, F1, i)}
48.44	{(g6701, F1, i)}
48.44	{(g6709, F1, i)}
48.44	{(g6722, F1, i)}
48.44	{(g7065, F1, i)}
48.44	{(g7082, F1, i)}
48.44	{(g7257, F1, i)}
48.44	{(g7480, F1, i)}
48.44	{(I13640, F1, i)}
48.44	{(I13640->g7480, F1, i)}
45.9	{(g9239, F1, i)}
45.9	{(I15990, F1, i)}
45.9	{(g9239->I15990, F1, i)}
45.9	{(g9260, F1, i)}
45.9	{(I15990->g9260, F1, i)}
45.9	{(g9301, F1, i)}
45.9	{(g9260->g9301, F1, i)}
45.9	{(g9303, F1, i)}
45.9	{(g9301->g9303, F1, i)}
45.9	{(I16072, F1, i)}
45.9	{(g9303->I16072, F1, i)}
45.9	{(g9324, F1, i)}
45.9	{(I16072->g9324, F1, i)}
45.9	{(I16084, F1, i)}
45.9	{(g9324->I16084, F1, i)}
45.9	{(g9336, F1, i)}
45.9	{(I16084->g9336, F1, i)}
45.9	{(I16090, F1, i)}
45.9	{(g9336->I16090, F1, i)}
45.9	{(g9340, F1, i)}
45.9	{(I16090->g9340, F1, i)}
45.31	{(I12079, F1, i)}
45.31	{(I12079->g6722, F1, i)}
45.0	{(g9226, F1, i)}
45.0	{(g9226->g9239, F1, i)}
43.55	{(I13638, F1, i)}
43.55	{(g7257->I13638, F1, i)}
43.55	{(I13638->I13640, F1, i)}
43.33	{(g9203, F1, i)}
43.33	{(g9202, F1, i)}
43.33	{(g9205, F1, i)}
43.33	{(g9220, F1, i)}
43.33	{(g9205->g9220, F1, i)}
43.33	{(g9220->g9226, F1, i)}
43.33	{(g9191, F1, i)}
43.33	{(g9179, F1, i)}
43.33	{(g9190, F1, i)}
42.37	{(I15856, F1, i)}
42.37	{(I15856->g9191, F1, i)}
42.19	{(I12015, F1, i)}
42.19	{(I12053, F1, i)}
42.19	{(I12053->g6709, F1, i)}
42.19	{(I13214, F1, i)}
42.19	{(I13214->g7257, F1, i)}
41.67	{(I15889, F1, i)}
41.67	{(I15889->g9203, F1, i)}
40.98	{(g9363, F1, i)}
40.68	{(I15882, F1, i)}
40.68	{(I15882->g9202, F1, i)}
40.32	{(I12032, F1, i)}
40.32	{(I12032->g6701, F1, i)}
40.0	{(I15888, F1, i)}
40.0	{(I15888->g9203, F1, i)}
40.0	{(I15898, F1, i)}
40.0	{(I15898->g9205, F1, i)}
40.0	{(I15849, F1, i)}
40.0	{(I15849->g9190, F1, i)}
39.68	{(I12031, F1, i)}
39.34	{(I12016, F1, i)}
39.34	{(I12016->g6695, F1, i)}
39.34	{(g9359, F1, i)}
39.34	{(g9359->g9363, F1, i)}
39.34	{(g9340->g9359, F1, i)}
38.71	{(I12051, F1, i)}
38.71	{(I12853, F1, i)}
38.71	{(I12853->g7082, F1, i)}
38.33	{(I15881, F1, i)}
38.33	{(I15881->g9202, F1, i)}
38.33	{(g9202->I15898, F1, i)}
37.93	{(I15817, F1, i)}
37.5	{(I12854, F1, i)}
37.5	{(I12854->g7082, F1, i)}
37.29	{(g9191->I15889, F1, i)}
37.29	{(I15899, F1, i)}
37.29	{(I15899->g9205, F1, i)}
37.1	{(I12078, F1, i)}
36.67	{(I15857, F1, i)}
36.67	{(I15857->g9191, F1, i)}
36.67	{(I15818, F1, i)}
36.67	{(I15818->g9179, F1, i)}
36.51	{(I12834, F1, i)}
36.51	{(I12834->g7065, F1, i)}
36.51	{(I12852, F1, i)}
36.51	{(I13215, F1, i)}
36.51	{(I13215->g7257, F1, i)}
36.07	{(I12832, F1, i)}
36.07	{(I13213, F1, i)}
35.59	{(g5403->g9226, F1, i)}
35.59	{(g9203->I15899, F1, i)}
35.59	{(I15848, F1, i)}
35.48	{(I12017, F1, i)}
35.48	{(I12017->g6695, F1, i)}
33.87	{(I12052, F1, i)}
33.87	{(I12052->g6709, F1, i)}
33.87	{(g5971->I12078, F1, i)}
33.87	{(I12078->I12079, F1, i)}
33.87	{(I12833, F1, i)}
33.87	{(I12833->g7065, F1, i)}
33.33	{(I12033, F1, i)}
33.33	{(I12033->g6701, F1, i)}
33.33	{(I12080, F1, i)}
33.33	{(I12080->g6722, F1, i)}
33.33	{(I15819, F1, i)}
33.33	{(I15819->g9179, F1, i)}
32.79	{(g5847->I12015, F1, i)}
32.79	{(I12015->I12016, F1, i)}
32.26	{(g5956->I12051, F1, i)}
32.26	{(I12051->I12053, F1, i)}
32.2	{(g9154->I15848, F1, i)}
32.2	{(I15850, F1, i)}
32.2	{(I15850->g9190, F1, i)}
32.2	{(I15848->I15849, F1, i)}
31.15	{(g5897->I12031, F1, i)}
31.15	{(I12031->I12032, F1, i)}
31.03	{(g9148->I15817, F1, i)}
31.03	{(I15817->I15818, F1, i)}
30.16	{(g6709->I12834, F1, i)}
30.16	{(g7069->I13640, F1, i)}
29.51	{(g5988->I12079, F1, i)}
29.51	{(g7082->I13213, F1, i)}
29.51	{(I13213->I13214, F1, i)}
29.03	{(g5874->I12015, F1, i)}
29.03	{(I12015->I12017, F1, i)}
28.81	{(g9179->I15882, F1, i)}
27.59	{(g9151->I15817, F1, i)}
27.59	{(I15817->I15819, F1, i)}
27.42	{(g5939->I12053, F1, i)}
27.42	{(g6722->I12833, F1, i)}
27.42	{(g7065->I13214, F1, i)}
27.12	{(I15855, F1, i)}
26.67	{(g6680, F1, i)}
26.67	{(g6680->g7069, F1, i)}
26.67	{(g5918->I12032, F1, i)}
26.23	{(g6695->I12852, F1, i)}
26.23	{(I12852->I12853, F1, i)}
25.86	{(I15855->I15856, F1, i)}
25.86	{(g9165->I15855, F1, i)}
25.42	{(g6701->I12853, F1, i)}
24.14	{(g9162->I15848, F1, i)}
22.41	{(g6252, F1, i)}
22.41	{(g5418->g6252, F1, i)}
22.41	{(g6252->g6680, F1, i)}
20.34	{(g9168->I15855, F1, i)}
87.5	{(g9168->I15856, F1, i)}
75.0	{(I15880, F1, i)}
70.59	{(g9162->I15849, F1, i)}
66.67	{(I15880->I15882, F1, i)}
66.67	{(g9190->I15880, F1, i)}
58.82	{(g9151->I15818, F1, i)}
56.25	{(g9179->I15880, F1, i)}
