91.55	{(g6571, F1, i)}
91.55	{(I12609, F1, i)}
91.55	{(g6571->I12609, F1, i)}
91.55	{(g6918, F1, i)}
91.55	{(I12609->g6918, F1, i)}
91.55	{(I12906, F1, i)}
91.55	{(g6918->I12906, F1, i)}
91.55	{(g7106, F1, i)}
91.55	{(I12906->g7106, F1, i)}
91.55	{(g7106->tmp_wire_249, F1, i)}
91.55	{(tmp_wire_249, F1, i)}
91.55	{(g1758, F1, i)}
91.55	{(g1084->g1758, F1, i)}
91.55	{(g5549, F1, i)}
91.55	{(g6118, F1, i)}
91.55	{(g5549->g6118, F1, i)}
81.69	{(I11759, F1, i)}
81.69	{(I11759->g6571, F1, i)}
76.06	{(g4712, F1, i)}
76.06	{(g4712->g5549, F1, i)}
74.65	{(g2935, F1, i)}
74.65	{(g2935->g5549, F1, i)}
71.83	{(I11758, F1, i)}
71.83	{(I11758->g6571, F1, i)}
71.83	{(I11757, F1, i)}
61.97	{(I11757->I11759, F1, i)}
61.97	{(g1758->I11757, F1, i)}
52.11	{(I11757->I11758, F1, i)}
52.11	{(g6118->I11757, F1, i)}
39.44	{(g6118->I11759, F1, i)}
29.58	{(g1758->I11758, F1, i)}
