100.0	{(g7242, F1, i)}
100.0	{(I13672, F1, i)}
100.0	{(g7242->I13672, F1, i)}
100.0	{(g7498, F1, i)}
100.0	{(I13672->g7498, F1, i)}
100.0	{(I13782, F1, i)}
100.0	{(g7498->I13782, F1, i)}
100.0	{(g7534, F1, i)}
100.0	{(I13782->g7534, F1, i)}
100.0	{(I14196, F1, i)}
100.0	{(g7534->I14196, F1, i)}
100.0	{(g7775, F1, i)}
100.0	{(I14196->g7775, F1, i)}
100.0	{(g7775->tmp_wire_191, F1, i)}
100.0	{(tmp_wire_191, F1, i)}
100.0	{(g7449, F1, i)}
100.0	{(I14039, F1, i)}
100.0	{(g7449->I14039, F1, i)}
100.0	{(g7722, F1, i)}
100.0	{(I14039->g7722, F1, i)}
100.0	{(I14224, F1, i)}
100.0	{(g7722->I14224, F1, i)}
100.0	{(g7789, F1, i)}
100.0	{(I14224->g7789, F1, i)}
100.0	{(I14460, F1, i)}
100.0	{(g7789->I14460, F1, i)}
100.0	{(g8227, F1, i)}
100.0	{(I14460->g8227, F1, i)}
100.0	{(g8227->tmp_wire_192, F1, i)}
100.0	{(tmp_wire_192, F1, i)}
