92.11	{(g6974, F1, i)}
92.11	{(g7127, F1, i)}
92.11	{(g6974->g7127, F1, i)}
92.11	{(I13413, F1, i)}
92.11	{(g7127->I13413, F1, i)}
92.11	{(g7331, F1, i)}
92.11	{(I13413->g7331, F1, i)}
92.11	{(I13716, F1, i)}
92.11	{(g7331->I13716, F1, i)}
92.11	{(g7512, F1, i)}
92.11	{(I13716->g7512, F1, i)}
92.11	{(g7512->tmp_wire_616, F1, i)}
92.11	{(tmp_wire_616, F1, i)}
89.47	{(g3613, F1, i)}
89.47	{(g3613->g6974, F1, i)}
89.47	{(g1918, F1, i)}
89.47	{(g822->g1918, F1, i)}
78.95	{(I7087, F1, i)}
78.95	{(I7087->g3613, F1, i)}
65.79	{(I7086, F1, i)}
65.79	{(I7086->g3613, F1, i)}
