94.87	{(g4747, F1, i)}
94.87	{(I9785, F1, i)}
94.87	{(g4747->I9785, F1, i)}
94.87	{(g5267, F1, i)}
94.87	{(I9785->g5267, F1, i)}
94.87	{(I10643, F1, i)}
94.87	{(g5267->I10643, F1, i)}
94.87	{(g6036, F1, i)}
94.87	{(I10643->g6036, F1, i)}
94.87	{(I11725, F1, i)}
94.87	{(g6036->I11725, F1, i)}
94.87	{(g6553, F1, i)}
94.87	{(I11725->g6553, F1, i)}
94.87	{(I12427, F1, i)}
94.87	{(g6553->I12427, F1, i)}
94.87	{(g6852, F1, i)}
94.87	{(I12427->g6852, F1, i)}
94.87	{(g6852->tmp_wire_244, F1, i)}
94.87	{(tmp_wire_244, F1, i)}
76.92	{(g3984, F1, i)}
76.92	{(g3984->g4747, F1, i)}
