94.44	{(g5511, F1, i)}
94.44	{(g5511->g6951, F1, i)}
94.44	{(g4743, F1, i)}
94.44	{(g4743->g5511, F1, i)}
94.44	{(g6951, F1, i)}
94.44	{(I13131, F1, i)}
94.44	{(g6951->I13131, F1, i)}
94.44	{(g7205, F1, i)}
94.44	{(I13131->g7205, F1, i)}
94.44	{(I13574, F1, i)}
94.44	{(g7205->I13574, F1, i)}
94.44	{(g7439, F1, i)}
94.44	{(I13574->g7439, F1, i)}
94.44	{(I13728, F1, i)}
94.44	{(g7439->I13728, F1, i)}
94.44	{(g7516, F1, i)}
94.44	{(I13728->g7516, F1, i)}
94.44	{(g7516->tmp_wire_227, F1, i)}
94.44	{(tmp_wire_227, F1, i)}
88.89	{(g2275, F1, i)}
88.89	{(g990->g2275, F1, i)}
88.89	{(g3518, F1, i)}
88.89	{(g3518->g4743, F1, i)}
83.33	{(I6998, F1, i)}
83.33	{(I6998->g3518, F1, i)}
66.67	{(I6997, F1, i)}
66.67	{(I6997->g3518, F1, i)}
