100.0	{(g6056, F1, i)}
100.0	{(I11764, F1, i)}
100.0	{(g6056->I11764, F1, i)}
100.0	{(g6572, F1, i)}
100.0	{(I11764->g6572, F1, i)}
100.0	{(I12418, F1, i)}
100.0	{(g6572->I12418, F1, i)}
100.0	{(I12418->g6849, F1, i)}
51.35	{(g6457, F1, i)}
51.35	{(I12649, F1, i)}
51.35	{(g6457->I12649, F1, i)}
51.35	{(g6946, F1, i)}
51.35	{(I12649->g6946, F1, i)}
51.35	{(I12885, F1, i)}
51.35	{(g6946->I12885, F1, i)}
51.35	{(g7099, F1, i)}
51.35	{(I12885->g7099, F1, i)}
51.35	{(g7099->tmp_wire_664, F1, i)}
51.35	{(tmp_wire_664, F1, i)}
48.65	{(g6459, F1, i)}
48.65	{(I12659, F1, i)}
48.65	{(g6459->I12659, F1, i)}
48.65	{(g6950, F1, i)}
48.65	{(I12659->g6950, F1, i)}
48.65	{(I12891, F1, i)}
48.65	{(g6950->I12891, F1, i)}
48.65	{(g7101, F1, i)}
48.65	{(I12891->g7101, F1, i)}
48.65	{(g7101->tmp_wire_666, F1, i)}
48.65	{(tmp_wire_666, F1, i)}
43.24	{(g4937, F1, i)}
43.24	{(g4937->g6457, F1, i)}
43.24	{(g6259->g6459, F1, i)}
43.24	{(I11603, F1, i)}
43.24	{(I11603->g6459, F1, i)}
43.24	{(g6175, F1, i)}
43.24	{(g6175->I11603, F1, i)}
40.54	{(g3086->g4937, F1, i)}
32.43	{(g6196, F1, i)}
32.43	{(g6196->g6457, F1, i)}
15.22	{(g866->g3681, F1, i)}
9.52	{(g3681->g4318, F0, i)}
9.52	{(g4927, F1, i)}
9.52	{(g1590->g4927, F1, i)}
9.52	{(g4318->g4927, F1, i)}
9.52	{(g4318, F1, i)}
9.52	{(g4927->g6196, F1, i)}
