88.89	{(g7222, F1, i)}
88.89	{(g7222->g7415, F1, i)}
88.89	{(g7415, F1, i)}
88.89	{(I13979, F1, i)}
88.89	{(g7415->I13979, F1, i)}
88.89	{(g7686, F1, i)}
88.89	{(I13979->g7686, F1, i)}
88.89	{(I14397, F1, i)}
88.89	{(g7686->I14397, F1, i)}
88.89	{(g8172, F1, i)}
88.89	{(I14397->g8172, F1, i)}
88.89	{(I14451, F1, i)}
88.89	{(g8172->I14451, F1, i)}
88.89	{(g8224, F1, i)}
88.89	{(I14451->g8224, F1, i)}
88.89	{(g8224->tmp_wire_280, F1, i)}
88.89	{(tmp_wire_280, F1, i)}
77.78	{(g6971, F1, i)}
77.78	{(g6971->g7222, F1, i)}
66.67	{(g6049, F1, i)}
66.67	{(g6049->g7222, F1, i)}
