83.17	{(g8738, F1, i)}
83.17	{(I15315, F1, i)}
83.17	{(g8738->I15315, F1, i)}
83.17	{(g8903, F1, i)}
83.17	{(I15315->g8903, F1, i)}
83.17	{(g8903->g8976, F1, i)}
83.17	{(g8976, F1, i)}
83.17	{(I15635, F1, i)}
83.17	{(g8976->I15635, F1, i)}
83.17	{(g9081, F1, i)}
83.17	{(I15635->g9081, F1, i)}
83.17	{(I15756, F1, i)}
83.17	{(g9081->I15756, F1, i)}
83.17	{(g9126, F1, i)}
83.17	{(I15756->g9126, F1, i)}
83.17	{(I15773, F1, i)}
83.17	{(g9126->I15773, F1, i)}
83.17	{(g9133, F1, i)}
83.17	{(I15773->g9133, F1, i)}
83.17	{(g9133->tmp_wire_225, F1, i)}
