100.0	{(g3237, F1, i)}
100.0	{(I8097, F1, i)}
100.0	{(g3237->I8097, F1, i)}
100.0	{(g4196, F1, i)}
100.0	{(I8097->g4196, F1, i)}
100.0	{(I8919, F1, i)}
100.0	{(g4196->I8919, F1, i)}
100.0	{(g4668, F1, i)}
100.0	{(I8919->g4668, F1, i)}
100.0	{(g4668->tmp_wire_215, F1, i)}
100.0	{(tmp_wire_215, F1, i)}
100.0	{(g3429, F1, i)}
100.0	{(I8140, F1, i)}
100.0	{(g3429->I8140, F1, i)}
100.0	{(g4229, F1, i)}
100.0	{(I8140->g4229, F1, i)}
100.0	{(I8922, F1, i)}
100.0	{(g4229->I8922, F1, i)}
100.0	{(g4669, F1, i)}
100.0	{(I8922->g4669, F1, i)}
100.0	{(g4669->tmp_wire_210, F1, i)}
100.0	{(g4272, F1, i)}
100.0	{(I9162, F1, i)}
100.0	{(g4272->I9162, F1, i)}
100.0	{(g4813, F1, i)}
100.0	{(I9162->g4813, F1, i)}
100.0	{(I9684, F1, i)}
100.0	{(g4813->I9684, F1, i)}
100.0	{(g5186, F1, i)}
100.0	{(I9684->g5186, F1, i)}
100.0	{(g5186->tmp_wire_212, F1, i)}
100.0	{(tmp_wire_212, F1, i)}
