95.83	{(g6132, F1, i)}
95.83	{(g6132->g7183, F1, i)}
95.83	{(g7183, F1, i)}
95.83	{(g7183->g7436, F1, i)}
95.83	{(g7436, F1, i)}
95.83	{(I14009, F1, i)}
95.83	{(g7436->I14009, F1, i)}
95.83	{(g7710, F1, i)}
95.83	{(I14009->g7710, F1, i)}
95.83	{(I14205, F1, i)}
95.83	{(g7710->I14205, F1, i)}
95.83	{(g7778, F1, i)}
95.83	{(I14205->g7778, F1, i)}
95.83	{(g7778->tmp_wire_201, F1, i)}
95.83	{(tmp_wire_201, F1, i)}
83.33	{(g4793, F1, i)}
83.33	{(g4793->g6132, F1, i)}
83.33	{(g5436, F1, i)}
83.33	{(g5436->g6132, F1, i)}
58.33	{(I7430, F1, i)}
58.33	{(I7430->g3887, F1, i)}
58.33	{(g3887, F1, i)}
58.33	{(g3887->g4793, F1, i)}
