93.33	{(g7228, F1, i)}
93.33	{(I13656, F1, i)}
93.33	{(g7228->I13656, F1, i)}
93.33	{(g7492, F1, i)}
93.33	{(I13656->g7492, F1, i)}
93.33	{(I14046, F1, i)}
93.33	{(g7492->I14046, F1, i)}
93.33	{(g7725, F1, i)}
93.33	{(I14046->g7725, F1, i)}
93.33	{(I14181, F1, i)}
93.33	{(g7725->I14181, F1, i)}
93.33	{(g7770, F1, i)}
93.33	{(I14181->g7770, F1, i)}
93.33	{(g7770->tmp_wire_186, F1, i)}
93.33	{(tmp_wire_186, F1, i)}
86.67	{(g6688, F1, i)}
86.67	{(g6688->g7228, F1, i)}
80.0	{(g5570, F1, i)}
80.0	{(g5570->g6688, F1, i)}
73.33	{(I5598, F1, i)}
73.33	{(I5598->I5599, F1, i)}
73.33	{(I5599, F1, i)}
73.33	{(I5599->g1759, F1, i)}
73.33	{(g1759, F1, i)}
73.33	{(g1759->g5570, F1, i)}
73.33	{(g1489->I5598, F1, i)}
66.67	{(g6145, F1, i)}
66.67	{(g6145->g6688, F1, i)}
