100.0	{(g6458, F1, i)}
100.0	{(I12655, F1, i)}
100.0	{(g6458->I12655, F1, i)}
100.0	{(g6948, F1, i)}
100.0	{(I12655->g6948, F1, i)}
100.0	{(I12888, F1, i)}
100.0	{(g6948->I12888, F1, i)}
100.0	{(g7100, F1, i)}
100.0	{(I12888->g7100, F1, i)}
100.0	{(g7100->tmp_wire_665, F1, i)}
100.0	{(tmp_wire_665, F1, i)}
100.0	{(g6459, F1, i)}
100.0	{(I12659, F1, i)}
100.0	{(g6459->I12659, F1, i)}
100.0	{(g6950, F1, i)}
100.0	{(I12659->g6950, F1, i)}
100.0	{(I12891, F1, i)}
100.0	{(g6950->I12891, F1, i)}
100.0	{(g7101, F1, i)}
100.0	{(I12891->g7101, F1, i)}
100.0	{(g7101->tmp_wire_666, F1, i)}
100.0	{(tmp_wire_666, F1, i)}
