94.74	{(g7324, F1, i)}
94.74	{(I13837, F1, i)}
94.74	{(g7324->I13837, F1, i)}
94.74	{(g7551, F1, i)}
94.74	{(I13837->g7551, F1, i)}
94.74	{(I14142, F1, i)}
94.74	{(g7551->I14142, F1, i)}
94.74	{(g7757, F1, i)}
94.74	{(I14142->g7757, F1, i)}
94.74	{(g7757->tmp_wire_608, F1, i)}
94.74	{(tmp_wire_608, F1, i)}
84.21	{(g3658, F1, i)}
84.21	{(g3658->g6994, F1, i)}
84.21	{(g6994, F1, i)}
84.21	{(g6994->g7324, F1, i)}
84.21	{(g1974, F1, i)}
84.21	{(g803->g1974, F1, i)}
78.95	{(I7148, F1, i)}
68.42	{(I7149, F1, i)}
68.42	{(I7149->g3658, F1, i)}
63.16	{(I7148->I7149, F1, i)}
63.16	{(g1974->I7148, F1, i)}
