93.75	{(g7787, F1, i)}
93.75	{(I14668, F1, i)}
93.75	{(g7787->I14668, F1, i)}
93.75	{(g8583, F1, i)}
93.75	{(I14668->g8583, F1, i)}
93.75	{(I14792, F1, i)}
93.75	{(g8583->I14792, F1, i)}
93.75	{(g8666, F1, i)}
93.75	{(I14792->g8666, F1, i)}
93.75	{(g8666->tmp_wire_626, F1, i)}
93.75	{(tmp_wire_626, F1, i)}
87.5	{(g4791, F1, i)}
87.5	{(g4791->g7787, F1, i)}
81.25	{(g949->g4791, F1, i)}
68.75	{(g7602, F1, i)}
68.75	{(g7602->g7787, F1, i)}
12.5	{(I11689, F1, i)}
12.5	{(g5956->I11689, F1, i)}
12.5	{(g6509, F1, i)}
12.5	{(I11689->g6509, F1, i)}
12.5	{(I12635, F1, i)}
12.5	{(g6509->I12635, F1, i)}
12.5	{(g6938, F1, i)}
12.5	{(I12635->g6938, F1, i)}
12.5	{(g7229, F1, i)}
12.5	{(g6938->g7229, F1, i)}
12.5	{(g7476, F1, i)}
12.5	{(g7229->g7476, F1, i)}
12.5	{(g7476->g7602, F1, i)}
