80.65	{(g6571, F1, i)}
80.65	{(I12609, F1, i)}
80.65	{(g6571->I12609, F1, i)}
80.65	{(g6918, F1, i)}
80.65	{(I12609->g6918, F1, i)}
80.65	{(I12906, F1, i)}
80.65	{(g6918->I12906, F1, i)}
80.65	{(g7106, F1, i)}
80.65	{(I12906->g7106, F1, i)}
80.65	{(g7106->tmp_wire_249, F1, i)}
80.65	{(tmp_wire_249, F1, i)}
80.65	{(g1758, F1, i)}
80.65	{(g1084->g1758, F1, i)}
80.65	{(g5549, F1, i)}
80.65	{(g6118, F1, i)}
80.65	{(g5549->g6118, F1, i)}
72.58	{(I11759, F1, i)}
72.58	{(I11759->g6571, F1, i)}
66.13	{(g4712, F1, i)}
66.13	{(g4712->g5549, F1, i)}
64.52	{(I11758, F1, i)}
64.52	{(I11758->g6571, F1, i)}
64.52	{(g2935, F1, i)}
64.52	{(g2935->g5549, F1, i)}
61.29	{(I11757, F1, i)}
53.23	{(I11757->I11759, F1, i)}
53.23	{(g1758->I11757, F1, i)}
45.16	{(I11757->I11758, F1, i)}
45.16	{(g6118->I11757, F1, i)}
35.48	{(g6118->I11759, F1, i)}
27.42	{(g1758->I11758, F1, i)}
