100.0	{(g7833, F1, i)}
100.0	{(I14623, F1, i)}
100.0	{(g7833->I14623, F1, i)}
100.0	{(g8442, F1, i)}
100.0	{(I14623->g8442, F1, i)}
100.0	{(I14974, F1, i)}
100.0	{(g8442->I14974, F1, i)}
100.0	{(g8778, F1, i)}
100.0	{(I14974->g8778, F1, i)}
100.0	{(I15196, F1, i)}
100.0	{(g8778->I15196, F1, i)}
100.0	{(g8870, F1, i)}
100.0	{(I15196->g8870, F1, i)}
100.0	{(g8870->tmp_wire_239, F1, i)}
100.0	{(tmp_wire_239, F1, i)}
100.0	{(g7832, F1, i)}
100.0	{(I14614, F1, i)}
100.0	{(g7832->I14614, F1, i)}
100.0	{(g8406, F1, i)}
100.0	{(I14614->g8406, F1, i)}
100.0	{(I14964, F1, i)}
100.0	{(g8406->I14964, F1, i)}
100.0	{(g8774, F1, i)}
100.0	{(I14964->g8774, F1, i)}
100.0	{(I15193, F1, i)}
100.0	{(g8774->I15193, F1, i)}
100.0	{(g8869, F1, i)}
100.0	{(I15193->g8869, F1, i)}
100.0	{(g8869->tmp_wire_238, F1, i)}
100.0	{(tmp_wire_238, F1, i)}
100.0	{(g7837, F1, i)}
100.0	{(I14643, F1, i)}
100.0	{(g7837->I14643, F1, i)}
100.0	{(g8510, F1, i)}
100.0	{(I14643->g8510, F1, i)}
100.0	{(I14996, F1, i)}
100.0	{(g8510->I14996, F1, i)}
100.0	{(g8792, F1, i)}
100.0	{(I14996->g8792, F1, i)}
100.0	{(I15199, F1, i)}
100.0	{(g8792->I15199, F1, i)}
100.0	{(g8871, F1, i)}
100.0	{(I15199->g8871, F1, i)}
100.0	{(g8871->tmp_wire_240, F1, i)}
100.0	{(tmp_wire_240, F1, i)}
