100.0	{(g6458, F1, i)}
100.0	{(I12655, F1, i)}
100.0	{(g6458->I12655, F1, i)}
100.0	{(g6948, F1, i)}
100.0	{(I12655->g6948, F1, i)}
100.0	{(I12888, F1, i)}
100.0	{(g6948->I12888, F1, i)}
100.0	{(g7100, F1, i)}
100.0	{(I12888->g7100, F1, i)}
100.0	{(g7100->tmp_wire_665, F1, i)}
100.0	{(tmp_wire_665, F1, i)}
100.0	{(g6457, F1, i)}
100.0	{(I12649, F1, i)}
100.0	{(g6457->I12649, F1, i)}
100.0	{(g6946, F1, i)}
100.0	{(I12649->g6946, F1, i)}
100.0	{(I12885, F1, i)}
100.0	{(g6946->I12885, F1, i)}
100.0	{(g7099, F1, i)}
100.0	{(I12885->g7099, F1, i)}
100.0	{(g7099->tmp_wire_664, F1, i)}
100.0	{(tmp_wire_664, F1, i)}
