95.65	{(g6974, F1, i)}
95.65	{(g7127, F1, i)}
95.65	{(g6974->g7127, F1, i)}
95.65	{(I13413, F1, i)}
95.65	{(g7127->I13413, F1, i)}
95.65	{(g7331, F1, i)}
95.65	{(I13413->g7331, F1, i)}
95.65	{(I13716, F1, i)}
95.65	{(g7331->I13716, F1, i)}
95.65	{(g7512, F1, i)}
95.65	{(I13716->g7512, F1, i)}
95.65	{(g7512->tmp_wire_616, F1, i)}
95.65	{(tmp_wire_616, F1, i)}
91.3	{(g3613, F1, i)}
91.3	{(g3613->g6974, F1, i)}
91.3	{(g1918, F1, i)}
91.3	{(g822->g1918, F1, i)}
82.61	{(I7087, F1, i)}
82.61	{(I7087->g3613, F1, i)}
73.91	{(g1918->I7087, F1, i)}
