87.1	{(g6571, F1, i)}
87.1	{(I12609, F1, i)}
87.1	{(g6571->I12609, F1, i)}
87.1	{(g6918, F1, i)}
87.1	{(I12609->g6918, F1, i)}
87.1	{(I12906, F1, i)}
87.1	{(g6918->I12906, F1, i)}
87.1	{(g7106, F1, i)}
87.1	{(I12906->g7106, F1, i)}
87.1	{(g7106->tmp_wire_249, F1, i)}
87.1	{(tmp_wire_249, F1, i)}
87.1	{(g1758, F1, i)}
87.1	{(g1084->g1758, F1, i)}
87.1	{(g5549, F1, i)}
87.1	{(g6118, F1, i)}
87.1	{(g5549->g6118, F1, i)}
77.42	{(I11759, F1, i)}
77.42	{(I11759->g6571, F1, i)}
77.42	{(g2935, F1, i)}
77.42	{(g2935->g5549, F1, i)}
74.19	{(I11757, F1, i)}
74.19	{(g4712, F1, i)}
74.19	{(g4712->g5549, F1, i)}
64.52	{(I11757->I11759, F1, i)}
64.52	{(I11758, F1, i)}
64.52	{(I11758->g6571, F1, i)}
64.52	{(g1758->I11757, F1, i)}
