90.91	{(g7081, F1, i)}
90.91	{(g7081->g7242, F1, i)}
90.91	{(g7242, F1, i)}
90.91	{(I13672, F1, i)}
90.91	{(g7242->I13672, F1, i)}
90.91	{(g7498, F1, i)}
90.91	{(I13672->g7498, F1, i)}
90.91	{(I13782, F1, i)}
90.91	{(g7498->I13782, F1, i)}
90.91	{(g7534, F1, i)}
90.91	{(I13782->g7534, F1, i)}
90.91	{(I14196, F1, i)}
90.91	{(g7534->I14196, F1, i)}
90.91	{(g7775, F1, i)}
90.91	{(I14196->g7775, F1, i)}
90.91	{(g7775->tmp_wire_191, F1, i)}
90.91	{(tmp_wire_191, F1, i)}
72.73	{(g6629, F1, i)}
72.73	{(g6629->g7081, F1, i)}
63.64	{(g6172, F1, i)}
63.64	{(g6172->g7081, F1, i)}
