100.0	{(g9371, F1, i)}
100.0	{(g9371->g9377, F1, i)}
100.0	{(g4526, F1, i)}
100.0	{(g4526->g9352, F1, i)}
100.0	{(g9352, F1, i)}
100.0	{(g9352->g9371, F1, i)}
100.0	{(g9377, F1, i)}
100.0	{(I16165, F1, i)}
100.0	{(g9377->I16165, F1, i)}
100.0	{(g9381, F1, i)}
100.0	{(I16165->g9381, F1, i)}
100.0	{(I16168, F1, i)}
100.0	{(g9381->I16168, F1, i)}
100.0	{(g9382, F1, i)}
100.0	{(I16168->g9382, F1, i)}
100.0	{(I16173, F1, i)}
100.0	{(g9382->I16173, F1, i)}
100.0	{(g9385, F1, i)}
100.0	{(I16173->g9385, F1, i)}
100.0	{(I16176, F1, i)}
100.0	{(g9385->I16176, F1, i)}
100.0	{(g9386, F1, i)}
100.0	{(I16176->g9386, F1, i)}
100.0	{(g9386->tmp_wire_667, F1, i)}
100.0	{(tmp_wire_667, F1, i)}
