78.79	{(g9203, F1, i)}
78.79	{(g9202, F1, i)}
78.79	{(g9191, F1, i)}
78.79	{(g9179, F1, i)}
75.76	{(g9363, F1, i)}
72.73	{(I15882, F1, i)}
72.73	{(I15882->g9202, F1, i)}
71.88	{(I15856, F1, i)}
71.88	{(I15856->g9191, F1, i)}
70.97	{(I15889, F1, i)}
70.97	{(I15889->g9203, F1, i)}
69.7	{(I15857, F1, i)}
69.7	{(I15857->g9191, F1, i)}
68.75	{(I15888, F1, i)}
68.75	{(I15888->g9203, F1, i)}
68.75	{(I15818, F1, i)}
68.75	{(I15818->g9179, F1, i)}
66.67	{(I15881, F1, i)}
66.67	{(I15881->g9202, F1, i)}
66.67	{(g9359, F1, i)}
66.67	{(g9359->g9363, F1, i)}
64.52	{(g9191->I15889, F1, i)}
62.5	{(I15819, F1, i)}
62.5	{(I15819->g9179, F1, i)}
61.29	{(I15817->I15818, F1, i)}
58.06	{(g9179->I15882, F1, i)}
48.39	{(I15855->I15857, F1, i)}
34.38	{(g9165->I15857, F1, i)}
34.38	{(g5606, F1, i)}
34.38	{(g4748->g5606, F1, i)}
34.38	{(I10969, F1, i)}
34.38	{(g5606->I10969, F1, i)}
34.38	{(g6210, F1, i)}
34.38	{(I10969->g6210, F1, i)}
34.38	{(g6210->g9363, F1, i)}
32.26	{(I15880->I15882, F1, i)}
29.03	{(g9151->I15818, F1, i)}
92.0	{(I14019, F1, i)}
92.0	{(g7480->I14019, F1, i)}
92.0	{(g7714, F1, i)}
92.0	{(I14019->g7714, F1, i)}
92.0	{(I14070, F1, i)}
92.0	{(g7714->I14070, F1, i)}
92.0	{(g7733, F1, i)}
92.0	{(I14070->g7733, F1, i)}
92.0	{(g7733->tmp_wire_302, F1, i)}
92.0	{(tmp_wire_302, F1, i)}
60.0	{(g5874->I12015, F1, i)}
60.0	{(I12015->I12017, F1, i)}
44.0	{(g6252, F1, i)}
44.0	{(g5418->g6252, F1, i)}
44.0	{(g6252->g6680, F1, i)}
44.0	{(g5939->I12051, F1, i)}
44.0	{(I12051->I12052, F1, i)}
40.0	{(g7082->I13213, F1, i)}
40.0	{(I13213->I13214, F1, i)}
