82.61	{(g3679, F1, i)}
82.61	{(g4357, F1, i)}
82.61	{(g3679->g4357, F1, i)}
82.61	{(I9081, F1, i)}
82.61	{(g4357->I9081, F1, i)}
82.61	{(g4776, F1, i)}
82.61	{(I9081->g4776, F1, i)}
82.61	{(I9612, F1, i)}
82.61	{(g4776->I9612, F1, i)}
82.61	{(g5162, F1, i)}
82.61	{(I9612->g5162, F1, i)}
82.61	{(g5162->tmp_wire_605, F1, i)}
82.61	{(tmp_wire_605, F1, i)}
82.61	{(g2351, F1, i)}
82.61	{(g792->g2351, F1, i)}
63.04	{(I7180, F1, i)}
63.04	{(I7180->g3679, F1, i)}
60.87	{(I7181, F1, i)}
60.87	{(I7181->g3679, F1, i)}
58.7	{(I7179, F1, i)}
