96.77	{(g7238, F1, i)}
96.77	{(I13666, F1, i)}
96.77	{(g7238->I13666, F1, i)}
96.77	{(g7496, F1, i)}
96.77	{(I13666->g7496, F1, i)}
96.77	{(I13773, F1, i)}
96.77	{(g7496->I13773, F1, i)}
96.77	{(g7531, F1, i)}
96.77	{(I13773->g7531, F1, i)}
96.77	{(I14190, F1, i)}
96.77	{(g7531->I14190, F1, i)}
96.77	{(g7773, F1, i)}
96.77	{(I14190->g7773, F1, i)}
96.77	{(g7773->tmp_wire_189, F1, i)}
96.77	{(tmp_wire_189, F1, i)}
87.1	{(g6707, F1, i)}
87.1	{(g6707->g7238, F1, i)}
67.74	{(g5585, F1, i)}
67.74	{(g5585->g6707, F1, i)}
67.74	{(g6160, F1, i)}
67.74	{(g6160->g6707, F1, i)}
