87.5	{(g6728, F1, i)}
87.5	{(g6728->g7036, F1, i)}
87.5	{(g6168, F1, i)}
87.5	{(g6168->g6728, F1, i)}
87.5	{(g7036, F1, i)}
87.5	{(I13250, F1, i)}
87.5	{(g7036->I13250, F1, i)}
87.5	{(g7270, F1, i)}
87.5	{(I13250->g7270, F1, i)}
87.5	{(I13373, F1, i)}
87.5	{(g7270->I13373, F1, i)}
87.5	{(g7315, F1, i)}
87.5	{(I13373->g7315, F1, i)}
87.5	{(I13752, F1, i)}
87.5	{(g7315->I13752, F1, i)}
87.5	{(g7524, F1, i)}
87.5	{(I13752->g7524, F1, i)}
87.5	{(g7524->tmp_wire_276, F1, i)}
87.5	{(tmp_wire_276, F1, i)}
62.5	{(g5191, F1, i)}
62.5	{(g4969->g5191, F1, i)}
62.5	{(g5191->g6168, F1, i)}
62.5	{(g1138->g6168, F1, i)}
