88.0	{(g5518, F1, i)}
88.0	{(g5518->g6954, F1, i)}
88.0	{(g6954, F1, i)}
88.0	{(I13140, F1, i)}
88.0	{(g6954->I13140, F1, i)}
88.0	{(g7208, F1, i)}
88.0	{(I13140->g7208, F1, i)}
88.0	{(I13580, F1, i)}
88.0	{(g7208->I13580, F1, i)}
88.0	{(g7441, F1, i)}
88.0	{(I13580->g7441, F1, i)}
88.0	{(I13731, F1, i)}
88.0	{(g7441->I13731, F1, i)}
88.0	{(g7517, F1, i)}
88.0	{(I13731->g7517, F1, i)}
88.0	{(g7517->tmp_wire_228, F1, i)}
88.0	{(tmp_wire_228, F1, i)}
85.19	{(g2295, F1, i)}
85.19	{(g995->g2295, F1, i)}
84.0	{(g3525, F1, i)}
84.0	{(g3525->g4744, F1, i)}
84.0	{(g4744, F1, i)}
84.0	{(g4744->g5518, F1, i)}
84.0	{(g2333, F1, i)}
72.0	{(I7009, F1, i)}
64.0	{(I7010, F1, i)}
64.0	{(I7010->g3525, F1, i)}
64.0	{(g985->g2333, F1, i)}
60.0	{(I7011, F1, i)}
60.0	{(I7011->g3525, F1, i)}
16.0	{(g3790->g4118, F1, i)}
10.34	{(g2295->g3790, F0, i)}
100.0	{(g8635, F1, i)}
100.0	{(g8635->g8801, F1, i)}
100.0	{(g8801, F1, i)}
100.0	{(I15218, F1, i)}
100.0	{(g8801->I15218, F1, i)}
100.0	{(g8880, F1, i)}
100.0	{(I15218->g8880, F1, i)}
100.0	{(I15385, F1, i)}
100.0	{(g8880->I15385, F1, i)}
100.0	{(g8957, F1, i)}
100.0	{(I15385->g8957, F1, i)}
100.0	{(g8957->tmp_wire_242, F1, i)}
100.0	{(tmp_wire_242, F1, i)}
