85.65	{(g9261, F1, i)}
83.91	{(I15803, F1, i)}
83.91	{(g9148->I15803, F1, i)}
83.91	{(g9161, F1, i)}
83.91	{(I15803->g9161, F1, i)}
83.91	{(g9183, F1, i)}
83.91	{(g9161->g9183, F1, i)}
83.91	{(g9201, F1, i)}
83.91	{(g9183->g9201, F1, i)}
83.91	{(I15909, F1, i)}
83.91	{(g9201->I15909, F1, i)}
83.91	{(g9211, F1, i)}
83.91	{(I15909->g9211, F1, i)}
83.91	{(I15918, F1, i)}
83.91	{(g9211->I15918, F1, i)}
83.91	{(g9214, F1, i)}
83.91	{(I15918->g9214, F1, i)}
83.91	{(I15943, F1, i)}
83.91	{(g9214->I15943, F1, i)}
83.91	{(g9223, F1, i)}
83.91	{(I15943->g9223, F1, i)}
72.61	{(g9238, F1, i)}
72.61	{(g9238->g9261, F1, i)}
72.61	{(g9223->g9238, F1, i)}
