96.43	{(g5452, F1, i)}
96.43	{(I10786, F1, i)}
96.43	{(g5452->I10786, F1, i)}
96.43	{(g6141, F1, i)}
96.43	{(I10786->g6141, F1, i)}
96.43	{(I11897, F1, i)}
96.43	{(g6141->I11897, F1, i)}
96.43	{(g6635, F1, i)}
96.43	{(I11897->g6635, F1, i)}
96.43	{(I12436, F1, i)}
96.43	{(g6635->I12436, F1, i)}
96.43	{(g6855, F1, i)}
96.43	{(I12436->g6855, F1, i)}
96.43	{(g6855->tmp_wire_255, F1, i)}
96.43	{(tmp_wire_255, F1, i)}
71.43	{(g4876, F1, i)}
71.43	{(g4876->g5452, F1, i)}
67.86	{(g2783, F1, i)}
67.86	{(g2783->g4167, F1, i)}
67.86	{(g4167, F1, i)}
67.86	{(g4167->g4876, F1, i)}
