93.94	{(g7834, F1, i)}
93.94	{(I14763, F1, i)}
93.94	{(g7834->I14763, F1, i)}
93.94	{(g8657, F1, i)}
93.94	{(I14763->g8657, F1, i)}
93.94	{(I14857, F1, i)}
93.94	{(g8657->I14857, F1, i)}
93.94	{(g8689, F1, i)}
93.94	{(I14857->g8689, F1, i)}
93.94	{(I15225, F1, i)}
93.94	{(g8689->I15225, F1, i)}
93.94	{(g8883, F1, i)}
93.94	{(I15225->g8883, F1, i)}
93.94	{(I15382, F1, i)}
93.94	{(g8883->I15382, F1, i)}
93.94	{(g8956, F1, i)}
93.94	{(I15382->g8956, F1, i)}
93.94	{(g8956->tmp_wire_668, F1, i)}
93.94	{(tmp_wire_668, F1, i)}
90.91	{(g7724, F1, i)}
90.91	{(g7724->g7834, F1, i)}
87.88	{(g7337, F1, i)}
87.88	{(g7337->g7724, F1, i)}
84.85	{(g4546, F1, i)}
84.85	{(g4546->g7337, F1, i)}
