96.88	{(g7271, F1, i)}
96.88	{(I13407, F1, i)}
96.88	{(g7271->I13407, F1, i)}
96.88	{(g7329, F1, i)}
96.88	{(I13407->g7329, F1, i)}
96.88	{(I13858, F1, i)}
96.88	{(g7329->I13858, F1, i)}
96.88	{(g7562, F1, i)}
96.88	{(I13858->g7562, F1, i)}
96.88	{(I14178, F1, i)}
96.88	{(g7562->I14178, F1, i)}
96.88	{(g7769, F1, i)}
96.88	{(I14178->g7769, F1, i)}
96.88	{(g7769->tmp_wire_185, F1, i)}
96.88	{(tmp_wire_185, F1, i)}
87.5	{(g6436, F1, i)}
87.5	{(g6436->g7271, F1, i)}
81.25	{(g6266, F1, i)}
81.25	{(g6266->g6436, F1, i)}
71.88	{(g5285, F1, i)}
71.88	{(g4841->g5285, F1, i)}
71.88	{(g5285->g6266, F1, i)}
68.75	{(g5699, F1, i)}
68.75	{(g5699->g6436, F1, i)}
