86.67	{(g6571, F1, i)}
86.67	{(I12609, F1, i)}
86.67	{(g6571->I12609, F1, i)}
86.67	{(g6918, F1, i)}
86.67	{(I12609->g6918, F1, i)}
86.67	{(I12906, F1, i)}
86.67	{(g6918->I12906, F1, i)}
86.67	{(g7106, F1, i)}
86.67	{(I12906->g7106, F1, i)}
86.67	{(g7106->tmp_wire_249, F1, i)}
86.67	{(tmp_wire_249, F1, i)}
86.67	{(g1758, F1, i)}
86.67	{(g1084->g1758, F1, i)}
86.67	{(g5549, F1, i)}
86.67	{(g6118, F1, i)}
86.67	{(g5549->g6118, F1, i)}
76.0	{(I11759, F1, i)}
76.0	{(I11759->g6571, F1, i)}
76.0	{(g2935, F1, i)}
76.0	{(g2935->g5549, F1, i)}
70.67	{(I11758, F1, i)}
70.67	{(I11758->g6571, F1, i)}
64.0	{(I11757, F1, i)}
64.0	{(g4712, F1, i)}
64.0	{(g4712->g5549, F1, i)}
