87.5	{(g5479, F1, i)}
87.5	{(I10919, F1, i)}
87.5	{(g5479->I10919, F1, i)}
87.5	{(g6186, F1, i)}
87.5	{(I10919->g6186, F1, i)}
87.5	{(I11978, F1, i)}
87.5	{(g6186->I11978, F1, i)}
87.5	{(g6674, F1, i)}
87.5	{(I11978->g6674, F1, i)}
87.5	{(I12460, F1, i)}
87.5	{(g6674->I12460, F1, i)}
87.5	{(g6863, F1, i)}
87.5	{(I12460->g6863, F1, i)}
87.5	{(g6863->tmp_wire_68, F1, i)}
87.5	{(tmp_wire_68, F1, i)}
70.83	{(g5141, F1, i)}
70.83	{(g5141->g5479, F1, i)}
70.83	{(g4307, F1, i)}
70.83	{(g3700->g4307, F1, i)}
66.67	{(I9548, F1, i)}
66.67	{(I9548->g5141, F1, i)}
62.5	{(g1952->I9548, F1, i)}
