86.89	{(g6571, F1, i)}
86.89	{(I12609, F1, i)}
86.89	{(g6571->I12609, F1, i)}
86.89	{(g6918, F1, i)}
86.89	{(I12609->g6918, F1, i)}
86.89	{(I12906, F1, i)}
86.89	{(g6918->I12906, F1, i)}
86.89	{(g7106, F1, i)}
86.89	{(I12906->g7106, F1, i)}
86.89	{(g7106->tmp_wire_249, F1, i)}
86.89	{(tmp_wire_249, F1, i)}
86.89	{(g1758, F1, i)}
86.89	{(g1084->g1758, F1, i)}
86.89	{(g5549, F1, i)}
86.89	{(g6118, F1, i)}
86.89	{(g5549->g6118, F1, i)}
75.41	{(I11759, F1, i)}
75.41	{(I11759->g6571, F1, i)}
75.41	{(g2935, F1, i)}
75.41	{(g2935->g5549, F1, i)}
72.13	{(I11758, F1, i)}
72.13	{(I11758->g6571, F1, i)}
62.3	{(I11757, F1, i)}
62.3	{(g4712, F1, i)}
62.3	{(g4712->g5549, F1, i)}
