83.33	{(g7016, F1, i)}
83.33	{(g7016->g7177, F1, i)}
83.33	{(g7177, F1, i)}
83.33	{(I13559, F1, i)}
83.33	{(g7177->I13559, F1, i)}
83.33	{(g7432, F1, i)}
83.33	{(I13559->g7432, F1, i)}
83.33	{(I13997, F1, i)}
83.33	{(g7432->I13997, F1, i)}
83.33	{(g7702, F1, i)}
83.33	{(I13997->g7702, F1, i)}
83.33	{(I14166, F1, i)}
83.33	{(g7702->I14166, F1, i)}
83.33	{(g7765, F1, i)}
83.33	{(I14166->g7765, F1, i)}
83.33	{(g7765->tmp_wire_279, F1, i)}
83.33	{(tmp_wire_279, F1, i)}
66.67	{(g5581, F1, i)}
66.67	{(g4969->g5581, F1, i)}
66.67	{(g5581->g6042, F1, i)}
66.67	{(g6042, F1, i)}
66.67	{(g6042->g7016, F1, i)}
