83.33	{(g5489, F1, i)}
83.33	{(I10940, F1, i)}
83.33	{(g5489->I10940, F1, i)}
83.33	{(g6195, F1, i)}
83.33	{(I10940->g6195, F1, i)}
83.33	{(I11994, F1, i)}
83.33	{(g6195->I11994, F1, i)}
83.33	{(g6682, F1, i)}
83.33	{(I11994->g6682, F1, i)}
83.33	{(I12463, F1, i)}
83.33	{(g6682->I12463, F1, i)}
83.33	{(g6864, F1, i)}
83.33	{(I12463->g6864, F1, i)}
83.33	{(g6864->tmp_wire_69, F1, i)}
83.33	{(tmp_wire_69, F1, i)}
72.22	{(I9278, F1, i)}
72.22	{(I9278->g4912, F1, i)}
72.22	{(g4912, F1, i)}
72.22	{(g4912->g5489, F1, i)}
72.22	{(g4313, F1, i)}
61.11	{(g3712->g4313, F1, i)}
