93.75	{(g7324, F1, i)}
93.75	{(I13837, F1, i)}
93.75	{(g7324->I13837, F1, i)}
93.75	{(g7551, F1, i)}
93.75	{(I13837->g7551, F1, i)}
93.75	{(I14142, F1, i)}
93.75	{(g7551->I14142, F1, i)}
93.75	{(g7757, F1, i)}
93.75	{(I14142->g7757, F1, i)}
93.75	{(g7757->tmp_wire_608, F1, i)}
93.75	{(tmp_wire_608, F1, i)}
87.5	{(g3658, F1, i)}
87.5	{(g3658->g6994, F1, i)}
87.5	{(g6994, F1, i)}
87.5	{(g6994->g7324, F1, i)}
87.5	{(g1974, F1, i)}
87.5	{(g803->g1974, F1, i)}
68.75	{(I7149, F1, i)}
68.75	{(I7149->g3658, F1, i)}
68.75	{(I7148, F1, i)}
62.5	{(I7150, F1, i)}
62.5	{(I7150->g3658, F1, i)}
