82.81	{(g9363, F1, i)}
82.81	{(I16084, F1, i)}
82.81	{(g9324->I16084, F1, i)}
82.81	{(g9336, F1, i)}
82.81	{(I16084->g9336, F1, i)}
82.81	{(I16090, F1, i)}
82.81	{(g9336->I16090, F1, i)}
82.81	{(g9340, F1, i)}
82.81	{(I16090->g9340, F1, i)}
81.54	{(g9239, F1, i)}
81.54	{(I15990, F1, i)}
81.54	{(g9239->I15990, F1, i)}
81.54	{(g9260, F1, i)}
81.54	{(I15990->g9260, F1, i)}
81.54	{(g9301, F1, i)}
81.54	{(g9260->g9301, F1, i)}
81.54	{(g9303, F1, i)}
81.54	{(g9301->g9303, F1, i)}
81.54	{(I16072, F1, i)}
81.54	{(g9303->I16072, F1, i)}
81.54	{(g9324, F1, i)}
81.54	{(I16072->g9324, F1, i)}
75.38	{(g9226, F1, i)}
75.38	{(g9226->g9239, F1, i)}
71.88	{(g9205, F1, i)}
71.88	{(g9220, F1, i)}
71.88	{(g9205->g9220, F1, i)}
71.88	{(g9220->g9226, F1, i)}
71.88	{(g9179, F1, i)}
71.88	{(g9190, F1, i)}
71.88	{(g9191, F1, i)}
71.88	{(g9192, F1, i)}
71.88	{(g9202, F1, i)}
71.88	{(g9203, F1, i)}
70.31	{(g9359, F1, i)}
70.31	{(g9359->g9363, F1, i)}
70.31	{(g9340->g9359, F1, i)}
68.75	{(I15863, F1, i)}
68.75	{(I15863->g9192, F1, i)}
67.19	{(I15856, F1, i)}
67.19	{(I15856->g9191, F1, i)}
65.62	{(I15899, F1, i)}
65.62	{(I15899->g9205, F1, i)}
65.62	{(I15864, F1, i)}
65.62	{(I15864->g9192, F1, i)}
65.62	{(I15889, F1, i)}
65.62	{(I15889->g9203, F1, i)}
64.06	{(I15898, F1, i)}
64.06	{(I15898->g9205, F1, i)}
64.06	{(I15849, F1, i)}
64.06	{(I15849->g9190, F1, i)}
64.06	{(I15882, F1, i)}
64.06	{(I15882->g9202, F1, i)}
62.5	{(I15881, F1, i)}
62.5	{(I15881->g9202, F1, i)}
62.5	{(g9191->I15889, F1, i)}
61.54	{(g5403->g9226, F1, i)}
60.94	{(I15818, F1, i)}
60.94	{(I15818->g9179, F1, i)}
60.94	{(I15857, F1, i)}
60.94	{(I15857->g9191, F1, i)}
59.38	{(I15817, F1, i)}
59.38	{(I15819, F1, i)}
59.38	{(I15819->g9179, F1, i)}
59.38	{(I15888, F1, i)}
59.38	{(I15888->g9203, F1, i)}
57.81	{(I15848, F1, i)}
57.81	{(I15850, F1, i)}
57.81	{(I15850->g9190, F1, i)}
56.25	{(g9192->I15888, F1, i)}
