90.32	{(g9356, F1, i)}
90.32	{(I16132, F1, i)}
90.32	{(g9356->I16132, F1, i)}
90.32	{(g9368, F1, i)}
90.32	{(I16132->g9368, F1, i)}
90.32	{(I16148, F1, i)}
90.32	{(g9368->I16148, F1, i)}
90.32	{(g9374, F1, i)}
90.32	{(I16148->g9374, F1, i)}
90.32	{(g9374->tmp_wire_15, F1, i)}
72.58	{(g9346, F1, i)}
72.58	{(g9346->g9356, F1, i)}
66.13	{(I16049, F1, i)}
66.13	{(g9288->I16049, F1, i)}
66.13	{(g9311, F1, i)}
66.13	{(I16049->g9311, F1, i)}
66.13	{(g9321, F1, i)}
66.13	{(g9311->g9321, F1, i)}
66.13	{(g9331, F1, i)}
66.13	{(g9321->g9331, F1, i)}
66.13	{(g9331->g9346, F1, i)}
