85.71	{(g7318, F1, i)}
85.71	{(I13825, F1, i)}
85.71	{(g7318->I13825, F1, i)}
85.71	{(g7547, F1, i)}
85.71	{(I13825->g7547, F1, i)}
85.71	{(I14157, F1, i)}
85.71	{(g7547->I14157, F1, i)}
85.71	{(g7762, F1, i)}
85.71	{(I14157->g7762, F1, i)}
85.71	{(g7762->tmp_wire_618, F1, i)}
85.71	{(tmp_wire_618, F1, i)}
71.43	{(g1942->I9477, F1, i)}
71.43	{(I9477, F1, i)}
71.43	{(I9477->g5095, F1, i)}
71.43	{(g5095, F1, i)}
71.43	{(g5095->g6979, F1, i)}
71.43	{(g6979, F1, i)}
71.43	{(g6979->g7318, F1, i)}
71.43	{(g1942, F1, i)}
71.43	{(g828->g1942, F1, i)}
