87.5	{(g6580, F1, i)}
87.5	{(g6580->g6966, F1, i)}
87.5	{(g6039, F1, i)}
87.5	{(g6039->g6580, F1, i)}
87.5	{(g6966, F1, i)}
87.5	{(I13152, F1, i)}
87.5	{(g6966->I13152, F1, i)}
87.5	{(g7216, F1, i)}
87.5	{(I13152->g7216, F1, i)}
87.5	{(I13595, F1, i)}
87.5	{(g7216->I13595, F1, i)}
87.5	{(g7446, F1, i)}
87.5	{(I13595->g7446, F1, i)}
87.5	{(I13737, F1, i)}
87.5	{(g7446->I13737, F1, i)}
87.5	{(g7519, F1, i)}
87.5	{(I13737->g7519, F1, i)}
87.5	{(g7519->tmp_wire_278, F1, i)}
87.5	{(tmp_wire_278, F1, i)}
62.5	{(g1037->g6039, F1, i)}
