100.0	{(I8543, F1, i)}
100.0	{(g2810->I8543, F1, i)}
100.0	{(g4493, F1, i)}
100.0	{(I8543->g4493, F1, i)}
100.0	{(I9336, F1, i)}
100.0	{(g4493->I9336, F1, i)}
100.0	{(g5007, F1, i)}
100.0	{(I9336->g5007, F1, i)}
100.0	{(I10151, F1, i)}
100.0	{(g5007->I10151, F1, i)}
100.0	{(g5668, F1, i)}
100.0	{(I10151->g5668, F1, i)}
100.0	{(I10933, F1, i)}
100.0	{(g5668->I10933, F1, i)}
100.0	{(g6190, F1, i)}
100.0	{(I10933->g6190, F1, i)}
100.0	{(g2764->I8605, F1, i)}
100.0	{(g4528->g4888, F0, i)}
100.0	{(I8605->I8606, F0, i)}
100.0	{(g2487->I8606, F0, i)}
100.0	{(I8606, F1, i)}
100.0	{(g6386->tmp_wire_125, F0, i)}
100.0	{(g1342->I6323, F0, i)}
100.0	{(g2487, F0, i)}
100.0	{(I6323->g2487, F1, i)}
100.0	{(I6323, F1, i)}
