100.0	{(g4302, F1, i)}
100.0	{(I9064, F1, i)}
100.0	{(g4302->I9064, F1, i)}
100.0	{(g4742, F1, i)}
100.0	{(I9064->g4742, F1, i)}
100.0	{(I9618, F1, i)}
100.0	{(g4742->I9618, F1, i)}
100.0	{(I9618->g5164, F1, i)}
56.76	{(g6459, F1, i)}
56.76	{(I12659, F1, i)}
56.76	{(g6459->I12659, F1, i)}
56.76	{(g6950, F1, i)}
56.76	{(I12659->g6950, F1, i)}
56.76	{(I12891, F1, i)}
56.76	{(g6950->I12891, F1, i)}
56.76	{(g7101, F1, i)}
56.76	{(I12891->g7101, F1, i)}
56.76	{(g7101->tmp_wire_666, F1, i)}
56.76	{(tmp_wire_666, F1, i)}
51.35	{(I11603, F1, i)}
51.35	{(I11603->g6459, F1, i)}
48.65	{(g6175, F1, i)}
48.65	{(g6175->I11603, F1, i)}
48.15	{(g4328, F1, i)}
48.15	{(g3086->g4328, F1, i)}
