100.0	{(g6952, F1, i)}
100.0	{(g7150, F1, i)}
100.0	{(g6952->g7150, F1, i)}
100.0	{(g7344, F1, i)}
100.0	{(g7150->g7344, F1, i)}
100.0	{(g7721, F1, i)}
100.0	{(g7344->g7721, F1, i)}
100.0	{(g8198, F1, i)}
100.0	{(g7721->g8198, F1, i)}
100.0	{(I14709, F1, i)}
100.0	{(g8198->I14709, F1, i)}
100.0	{(g8631, F1, i)}
100.0	{(I14709->g8631, F1, i)}
100.0	{(I15160, F1, i)}
100.0	{(g8631->I15160, F1, i)}
100.0	{(g8856, F1, i)}
100.0	{(I15160->g8856, F1, i)}
100.0	{(I15340, F1, i)}
100.0	{(g8856->I15340, F1, i)}
100.0	{(g8918, F1, i)}
100.0	{(I15340->g8918, F1, i)}
100.0	{(I15484, F1, i)}
100.0	{(g8918->I15484, F1, i)}
100.0	{(g9020, F1, i)}
100.0	{(I15484->g9020, F1, i)}
100.0	{(I15527, F1, i)}
100.0	{(g9020->I15527, F1, i)}
100.0	{(g9039, F1, i)}
100.0	{(I15527->g9039, F1, i)}
66.25	{(g9363, F1, i)}
66.25	{(I16084, F1, i)}
66.25	{(g9324->I16084, F1, i)}
66.25	{(g9336, F1, i)}
66.25	{(I16084->g9336, F1, i)}
66.25	{(I16090, F1, i)}
66.25	{(g9336->I16090, F1, i)}
66.25	{(g9340, F1, i)}
66.25	{(I16090->g9340, F1, i)}
65.43	{(g9239, F1, i)}
65.43	{(I15990, F1, i)}
65.43	{(g9239->I15990, F1, i)}
65.43	{(g9260, F1, i)}
65.43	{(I15990->g9260, F1, i)}
65.43	{(g9301, F1, i)}
65.43	{(g9260->g9301, F1, i)}
65.43	{(g9303, F1, i)}
65.43	{(g9301->g9303, F1, i)}
65.43	{(I16072, F1, i)}
65.43	{(g9303->I16072, F1, i)}
65.43	{(g9324, F1, i)}
65.43	{(I16072->g9324, F1, i)}
60.49	{(g9226, F1, i)}
60.49	{(g9226->g9239, F1, i)}
57.5	{(g9205, F1, i)}
57.5	{(g9220, F1, i)}
57.5	{(g9205->g9220, F1, i)}
57.5	{(g9220->g9226, F1, i)}
57.5	{(g9203, F1, i)}
57.5	{(g9179, F1, i)}
57.5	{(g9190, F1, i)}
57.5	{(g9191, F1, i)}
57.5	{(g9192, F1, i)}
57.5	{(g9202, F1, i)}
56.25	{(g9359, F1, i)}
56.25	{(g9359->g9363, F1, i)}
56.25	{(g9340->g9359, F1, i)}
55.0	{(I15863, F1, i)}
55.0	{(I15863->g9192, F1, i)}
53.75	{(I15856, F1, i)}
53.75	{(I15856->g9191, F1, i)}
52.5	{(I15899, F1, i)}
52.5	{(I15899->g9205, F1, i)}
52.5	{(I15889, F1, i)}
52.5	{(I15889->g9203, F1, i)}
52.5	{(I15864, F1, i)}
52.5	{(I15864->g9192, F1, i)}
51.25	{(I15898, F1, i)}
51.25	{(I15898->g9205, F1, i)}
51.25	{(I15849, F1, i)}
51.25	{(I15849->g9190, F1, i)}
51.25	{(I15882, F1, i)}
51.25	{(I15882->g9202, F1, i)}
50.0	{(g9191->I15889, F1, i)}
50.0	{(I15881, F1, i)}
50.0	{(I15881->g9202, F1, i)}
49.38	{(g5403->g9226, F1, i)}
48.75	{(I15818, F1, i)}
48.75	{(I15818->g9179, F1, i)}
48.75	{(I15857, F1, i)}
48.75	{(I15857->g9191, F1, i)}
47.5	{(I15817, F1, i)}
47.5	{(I15888, F1, i)}
47.5	{(I15888->g9203, F1, i)}
47.5	{(I15819, F1, i)}
47.5	{(I15819->g9179, F1, i)}
46.25	{(I15848, F1, i)}
46.25	{(I15850, F1, i)}
46.25	{(I15850->g9190, F1, i)}
