100.0	{(I7255, F1, i)}
100.0	{(g1955->I7255, F1, i)}
100.0	{(g3783, F1, i)}
100.0	{(I7255->g3783, F1, i)}
100.0	{(I8373, F1, i)}
100.0	{(g3783->I8373, F1, i)}
100.0	{(g4382, F1, i)}
100.0	{(I8373->g4382, F1, i)}
100.0	{(I9499, F1, i)}
100.0	{(g4382->I9499, F1, i)}
100.0	{(g5113, F1, i)}
100.0	{(I9499->g5113, F1, i)}
100.0	{(I9804, F1, i)}
100.0	{(g5113->I9804, F1, i)}
100.0	{(g5299, F1, i)}
100.0	{(I9804->g5299, F1, i)}
80.0	{(g1955, F1, i)}
60.38	{(g6974, F1, i)}
60.38	{(g7127, F1, i)}
60.38	{(g6974->g7127, F1, i)}
60.38	{(I13413, F1, i)}
60.38	{(g7127->I13413, F1, i)}
60.38	{(g7331, F1, i)}
60.38	{(I13413->g7331, F1, i)}
60.38	{(I13716, F1, i)}
60.38	{(g7331->I13716, F1, i)}
60.38	{(g7512, F1, i)}
60.38	{(I13716->g7512, F1, i)}
60.38	{(g7512->tmp_wire_616, F1, i)}
54.72	{(g3613, F1, i)}
54.72	{(g3613->g6974, F1, i)}
54.72	{(g1918, F1, i)}
54.72	{(g822->g1918, F1, i)}
47.17	{(I7087, F1, i)}
47.17	{(I7087->g3613, F1, i)}
41.51	{(I7086, F1, i)}
41.51	{(I7086->g3613, F1, i)}
41.51	{(I7085, F1, i)}
