100.0	{(I12687, F1, i)}
100.0	{(g6745->I12687, F1, i)}
100.0	{(g6962, F1, i)}
100.0	{(I12687->g6962, F1, i)}
100.0	{(I12897, F1, i)}
100.0	{(g6962->I12897, F1, i)}
100.0	{(I12897->g7103, F1, i)}
15.46	{(g4065, F1, i)}
15.46	{(I7838->g4065, F0, i)}
15.46	{(I7838, F0, i)}
15.46	{(g2781->I7838, F1, i)}
15.46	{(g2781, F1, i)}
15.46	{(g4065->g7323, F1, i)}
15.46	{(g7575, F1, i)}
15.46	{(g7142->g7575, F1, i)}
15.46	{(g7323->g7575, F1, i)}
15.46	{(g7142, F1, i)}
15.46	{(I13012->g7142, F0, i)}
15.46	{(g7323, F1, i)}
15.46	{(I13012, F0, i)}
15.46	{(g7071->I13012, F1, i)}
15.46	{(g7575->g7827, F1, i)}
13.33	{(g976->g2781, F1, i)}
