57.04	{(g8995, F1, i)}
57.04	{(I15610, F1, i)}
57.04	{(g8995->I15610, F1, i)}
57.04	{(g9072, F1, i)}
57.04	{(I15610->g9072, F1, i)}
57.04	{(I15708, F1, i)}
57.04	{(g9072->I15708, F1, i)}
57.04	{(g9106, F1, i)}
57.04	{(I15708->g9106, F1, i)}
57.04	{(g9106->tmp_wire_441, F1, i)}
54.93	{(g8837, F1, i)}
54.93	{(g8837->g8995, F1, i)}
54.23	{(g426->g8837, F1, i)}
2.82	{(I6226, F1, i)}
2.82	{(g408->I6226, F1, i)}
2.82	{(g2376, F1, i)}
2.82	{(I6226->g2376, F1, i)}
2.82	{(g2957, F1, i)}
2.82	{(g2376->g2957, F1, i)}
2.82	{(g3874, F1, i)}
2.82	{(g2957->g3874, F1, i)}
2.82	{(g3874->g8935, F1, i)}
