40.56	{(I6770, F1, i)}
40.56	{(g1590->I6770, F1, i)}
40.56	{(g3018, F1, i)}
40.56	{(I6770->g3018, F1, i)}
40.56	{(I7368, F1, i)}
40.56	{(g3018->I7368, F1, i)}
40.56	{(g3855, F1, i)}
40.56	{(I7368->g3855, F1, i)}
40.56	{(g3855->tmp_wire_656, F1, i)}
38.24	{(I5466, F1, i)}
38.24	{(g926->I5466, F1, i)}
38.24	{(g1590, F1, i)}
38.24	{(I5466->g1590, F1, i)}
9.44	{(g6459, F1, i)}
9.44	{(I12659, F1, i)}
9.44	{(g6459->I12659, F1, i)}
9.44	{(g6950, F1, i)}
9.44	{(I12659->g6950, F1, i)}
9.44	{(I12891, F1, i)}
9.44	{(g6950->I12891, F1, i)}
9.44	{(g7101, F1, i)}
9.44	{(I12891->g7101, F1, i)}
9.44	{(g7101->tmp_wire_666, F1, i)}
