53.53	{(I16084, F1, i)}
53.53	{(g9324->I16084, F1, i)}
53.53	{(g9336, F1, i)}
53.53	{(I16084->g9336, F1, i)}
53.53	{(I16090, F1, i)}
53.53	{(g9336->I16090, F1, i)}
53.53	{(g9340, F1, i)}
53.53	{(I16090->g9340, F1, i)}
53.37	{(g9239, F1, i)}
53.37	{(I15990, F1, i)}
53.37	{(g9239->I15990, F1, i)}
53.37	{(g9260, F1, i)}
53.37	{(I15990->g9260, F1, i)}
53.37	{(g9301, F1, i)}
53.37	{(g9260->g9301, F1, i)}
53.37	{(g9303, F1, i)}
53.37	{(g9301->g9303, F1, i)}
53.37	{(I16072, F1, i)}
53.37	{(g9303->I16072, F1, i)}
53.37	{(g9324, F1, i)}
53.37	{(I16072->g9324, F1, i)}
51.76	{(g9363, F1, i)}
49.4	{(g9226, F1, i)}
49.4	{(g9226->g9239, F1, i)}
45.29	{(g9359, F1, i)}
45.29	{(g9359->g9363, F1, i)}
45.29	{(g9340->g9359, F1, i)}
44.61	{(g9205, F1, i)}
44.61	{(g9220, F1, i)}
44.61	{(g9205->g9220, F1, i)}
44.61	{(g9220->g9226, F1, i)}
44.61	{(g9203, F1, i)}
44.61	{(g9179, F1, i)}
44.61	{(g9190, F1, i)}
44.61	{(g9202, F1, i)}
44.61	{(g9191, F1, i)}
43.2	{(I15857, F1, i)}
43.2	{(I15857->g9191, F1, i)}
