100.0	{(g6952, F1, i)}
100.0	{(g7150, F1, i)}
100.0	{(g6952->g7150, F1, i)}
100.0	{(g7344, F1, i)}
100.0	{(g7150->g7344, F1, i)}
100.0	{(g7721, F1, i)}
100.0	{(g7344->g7721, F1, i)}
100.0	{(g8198, F1, i)}
100.0	{(g7721->g8198, F1, i)}
100.0	{(I14709, F1, i)}
100.0	{(g8198->I14709, F1, i)}
100.0	{(g8631, F1, i)}
100.0	{(I14709->g8631, F1, i)}
100.0	{(I15160, F1, i)}
100.0	{(g8631->I15160, F1, i)}
100.0	{(g8856, F1, i)}
100.0	{(I15160->g8856, F1, i)}
100.0	{(I15340, F1, i)}
100.0	{(g8856->I15340, F1, i)}
100.0	{(g8918, F1, i)}
100.0	{(I15340->g8918, F1, i)}
100.0	{(I15484, F1, i)}
100.0	{(g8918->I15484, F1, i)}
100.0	{(g9020, F1, i)}
100.0	{(I15484->g9020, F1, i)}
100.0	{(I15527, F1, i)}
100.0	{(g9020->I15527, F1, i)}
100.0	{(g9039, F1, i)}
100.0	{(I15527->g9039, F1, i)}
100.0	{(I10807, F1, i)}
100.0	{(g5294->I10807, F1, i)}
100.0	{(g6148, F1, i)}
100.0	{(I10807->g6148, F1, i)}
100.0	{(I11236, F1, i)}
100.0	{(g6148->I11236, F1, i)}
100.0	{(g6303, F1, i)}
100.0	{(I11236->g6303, F1, i)}
100.0	{(g6303->tmp_wire_31, F1, i)}
33.68	{(tmp_wire_31, F0, i)}
