70.0	{(g6685, F1, i)}
70.0	{(I12760, F1, i)}
70.0	{(g6685->I12760, F1, i)}
70.0	{(g7014, F1, i)}
70.0	{(I12760->g7014, F1, i)}
70.0	{(I12927, F1, i)}
70.0	{(g7014->I12927, F1, i)}
70.0	{(g7113, F1, i)}
70.0	{(I12927->g7113, F1, i)}
70.0	{(g7113->tmp_wire_113, F1, i)}
70.0	{(tmp_wire_113, F1, i)}
60.0	{(g5969, F1, i)}
60.0	{(g5969->g6685, F1, i)}
50.0	{(I10018, F1, i)}
50.0	{(I10018->g5564, F1, i)}
50.0	{(g5564, F1, i)}
50.0	{(g5564->g5969, F1, i)}
50.0	{(g4067, F1, i)}
50.0	{(g4067->g6685, F1, i)}
50.0	{(g4700, F1, i)}
