28.57	{(g6695, F1, i)}
28.57	{(g6701, F1, i)}
28.57	{(g6709, F1, i)}
28.57	{(g6722, F1, i)}
28.57	{(g7065, F1, i)}
28.57	{(g7082, F1, i)}
28.57	{(g7257, F1, i)}
28.57	{(g7480, F1, i)}
27.78	{(I13638, F1, i)}
26.19	{(I12080, F1, i)}
26.19	{(I12080->g6722, F1, i)}
26.02	{(I13640, F1, i)}
26.02	{(I13640->g7480, F1, i)}
25.6	{(I12017, F1, i)}
25.6	{(I12017->g6695, F1, i)}
25.2	{(g7257->I13638, F1, i)}
25.2	{(I13638->I13640, F1, i)}
24.6	{(I12053, F1, i)}
24.6	{(I12053->g6709, F1, i)}
24.59	{(g9239, F1, i)}
24.59	{(I15990, F1, i)}
24.59	{(g9239->I15990, F1, i)}
24.59	{(g9260, F1, i)}
24.59	{(I15990->g9260, F1, i)}
24.59	{(g9301, F1, i)}
24.59	{(g9260->g9301, F1, i)}
24.59	{(g9303, F1, i)}
24.59	{(g9301->g9303, F1, i)}
24.59	{(I16072, F1, i)}
24.59	{(g9303->I16072, F1, i)}
24.59	{(g9324, F1, i)}
24.59	{(I16072->g9324, F1, i)}
24.59	{(I16084, F1, i)}
24.59	{(g9324->I16084, F1, i)}
24.59	{(g9336, F1, i)}
24.59	{(I16084->g9336, F1, i)}
24.59	{(I16090, F1, i)}
24.59	{(g9336->I16090, F1, i)}
24.59	{(g9340, F1, i)}
24.59	{(I16090->g9340, F1, i)}
24.37	{(I14019, F1, i)}
24.37	{(g7480->I14019, F1, i)}
24.37	{(g7714, F1, i)}
24.37	{(I14019->g7714, F1, i)}
24.37	{(I14070, F1, i)}
24.37	{(g7714->I14070, F1, i)}
24.37	{(g7733, F1, i)}
24.37	{(I14070->g7733, F1, i)}
24.37	{(g7733->tmp_wire_302, F1, i)}
24.37	{(tmp_wire_302, F1, i)}
19.01	{(g9203, F1, i)}
19.01	{(I15889, F1, i)}
19.01	{(I15889->g9203, F1, i)}
19.01	{(g9202, F1, i)}
19.01	{(I15881, F1, i)}
19.01	{(I15881->g9202, F1, i)}
19.01	{(g9192, F1, i)}
19.01	{(I15864, F1, i)}
19.01	{(I15864->g9192, F1, i)}
19.01	{(I15899, F1, i)}
19.01	{(I15899->g9205, F1, i)}
19.01	{(g9205, F1, i)}
19.01	{(g9220, F1, i)}
19.01	{(g9205->g9220, F1, i)}
19.01	{(g9220->g9226, F1, i)}
19.01	{(g9226, F1, i)}
19.01	{(g9226->g9239, F1, i)}
19.01	{(g9191, F1, i)}
19.01	{(g9179, F1, i)}
19.01	{(I15848, F1, i)}
19.01	{(g9190, F1, i)}
19.01	{(I15855, F1, i)}
17.36	{(g9191->I15889, F1, i)}
17.36	{(g9168->I15855, F1, i)}
17.36	{(g9203->I15899, F1, i)}
17.36	{(I15817, F1, i)}
17.36	{(I15857, F1, i)}
17.36	{(I15857->g9191, F1, i)}
17.36	{(I15855->I15857, F1, i)}
17.36	{(I15818, F1, i)}
17.36	{(I15818->g9179, F1, i)}
17.36	{(I15819, F1, i)}
17.36	{(I15819->g9179, F1, i)}
17.36	{(g9154->I15848, F1, i)}
17.36	{(I15849, F1, i)}
17.36	{(I15849->g9190, F1, i)}
17.36	{(I15848->I15849, F1, i)}
15.7	{(g9190->I15881, F1, i)}
15.7	{(g9148->I15817, F1, i)}
15.7	{(g9151->I15817, F1, i)}
15.7	{(I15817->I15819, F1, i)}
15.7	{(I15817->I15818, F1, i)}
15.7	{(g9162->I15848, F1, i)}
15.7	{(I15848->I15850, F1, i)}
15.7	{(I15850, F1, i)}
15.7	{(I15850->g9190, F1, i)}
