53.09	{(g6282, F1, i)}
53.09	{(I11790, F1, i)}
53.09	{(g6282->I11790, F1, i)}
53.09	{(g6592, F1, i)}
53.09	{(I11790->g6592, F1, i)}
53.09	{(I12496, F1, i)}
53.09	{(g6592->I12496, F1, i)}
53.09	{(g6875, F1, i)}
53.09	{(I12496->g6875, F1, i)}
53.09	{(g6875->tmp_wire_135, F1, i)}
53.09	{(g1748, F1, i)}
53.09	{(g601->g1748, F1, i)}
53.09	{(g3819, F1, i)}
53.09	{(g1748->g3819, F1, i)}
53.09	{(I7875, F1, i)}
53.09	{(g3819->I7875, F1, i)}
53.09	{(g4084, F1, i)}
53.09	{(I7875->g4084, F1, i)}
53.09	{(g4903, F1, i)}
53.09	{(g4084->g4903, F1, i)}
53.09	{(g5473, F1, i)}
53.09	{(g4903->g5473, F1, i)}
48.15	{(I11151, F1, i)}
48.15	{(I11151->g6282, F1, i)}
40.74	{(I11149, F1, i)}
35.8	{(I11150, F1, i)}
35.8	{(I11150->g6282, F1, i)}
35.8	{(I11149->I11151, F1, i)}
35.8	{(g5473->I11149, F1, i)}
29.63	{(g3038->I11151, F1, i)}
23.46	{(g3038->I11149, F1, i)}
