66.67	{(g6091, F1, i)}
66.67	{(I11884, F1, i)}
66.67	{(g6091->I11884, F1, i)}
66.67	{(g6630, F1, i)}
66.67	{(I11884->g6630, F1, i)}
66.67	{(I12839, F1, i)}
66.67	{(g6630->I12839, F1, i)}
66.67	{(g7066, F1, i)}
66.67	{(I12839->g7066, F1, i)}
66.67	{(I12945, F1, i)}
66.67	{(g7066->I12945, F1, i)}
66.67	{(g7119, F1, i)}
66.67	{(I12945->g7119, F1, i)}
66.67	{(g7119->tmp_wire_71, F1, i)}
66.67	{(tmp_wire_71, F1, i)}
50.0	{(g4895->I10225, F1, i)}
50.0	{(g5712, F1, i)}
50.0	{(g5712->g6091, F1, i)}
50.0	{(I10225, F1, i)}
50.0	{(I10225->g5712, F1, i)}
