100.0	{(g7008, F1, i)}
100.0	{(I13196, F1, i)}
100.0	{(g7008->I13196, F1, i)}
100.0	{(g7246, F1, i)}
100.0	{(I13196->g7246, F1, i)}
100.0	{(I13653, F1, i)}
100.0	{(g7246->I13653, F1, i)}
100.0	{(g7491, F1, i)}
100.0	{(I13653->g7491, F1, i)}
100.0	{(I13770, F1, i)}
100.0	{(g7491->I13770, F1, i)}
100.0	{(g7530, F1, i)}
100.0	{(I13770->g7530, F1, i)}
100.0	{(g7530->tmp_wire_74, F1, i)}
100.0	{(g7007, F1, i)}
100.0	{(I13193, F1, i)}
100.0	{(g7007->I13193, F1, i)}
100.0	{(g7245, F1, i)}
100.0	{(I13193->g7245, F1, i)}
100.0	{(I13646, F1, i)}
100.0	{(g7245->I13646, F1, i)}
100.0	{(g7486, F1, i)}
100.0	{(I13646->g7486, F1, i)}
100.0	{(I13767, F1, i)}
100.0	{(g7486->I13767, F1, i)}
100.0	{(g7529, F1, i)}
100.0	{(I13767->g7529, F1, i)}
100.0	{(g7529->tmp_wire_73, F1, i)}
22.78	{(g6187, F0, i)}
