31.5	{(g7069, F1, i)}
31.5	{(g6695, F1, i)}
31.5	{(g6701, F1, i)}
31.5	{(g6709, F1, i)}
31.5	{(g6722, F1, i)}
31.5	{(g7065, F1, i)}
31.5	{(g7082, F1, i)}
31.5	{(g7257, F1, i)}
31.5	{(g7480, F1, i)}
28.57	{(I13640, F1, i)}
28.57	{(I13640->g7480, F1, i)}
28.35	{(I13638, F1, i)}
27.42	{(I13214, F1, i)}
27.42	{(I13214->g7257, F1, i)}
26.98	{(I12033, F1, i)}
26.98	{(I12033->g6701, F1, i)}
26.77	{(I12080, F1, i)}
26.77	{(I12080->g6722, F1, i)}
25.98	{(g9239, F1, i)}
25.98	{(I15990, F1, i)}
25.98	{(g9239->I15990, F1, i)}
25.98	{(g9260, F1, i)}
25.98	{(I15990->g9260, F1, i)}
25.98	{(g9301, F1, i)}
25.98	{(g9260->g9301, F1, i)}
25.98	{(g9303, F1, i)}
25.98	{(g9301->g9303, F1, i)}
25.98	{(I16072, F1, i)}
25.98	{(g9303->I16072, F1, i)}
25.98	{(g9324, F1, i)}
25.98	{(I16072->g9324, F1, i)}
25.98	{(I16084, F1, i)}
25.98	{(g9324->I16084, F1, i)}
25.98	{(g9336, F1, i)}
25.98	{(I16084->g9336, F1, i)}
25.98	{(I16090, F1, i)}
25.98	{(g9336->I16090, F1, i)}
25.98	{(g9340, F1, i)}
25.98	{(I16090->g9340, F1, i)}
25.41	{(I14019, F1, i)}
25.41	{(g7480->I14019, F1, i)}
25.41	{(g7714, F1, i)}
25.41	{(I14019->g7714, F1, i)}
25.41	{(I14070, F1, i)}
25.41	{(g7714->I14070, F1, i)}
25.41	{(g7733, F1, i)}
25.41	{(I14070->g7733, F1, i)}
25.41	{(g7733->tmp_wire_302, F1, i)}
25.4	{(g7257->I13638, F1, i)}
25.4	{(I13638->I13640, F1, i)}
24.8	{(I12832, F1, i)}
24.6	{(I12015, F1, i)}
24.6	{(I12053, F1, i)}
24.6	{(I12053->g6709, F1, i)}
24.6	{(I12854, F1, i)}
24.6	{(I12854->g7082, F1, i)}
24.19	{(I12016, F1, i)}
24.19	{(I12016->g6695, F1, i)}
24.0	{(I12079, F1, i)}
24.0	{(I12079->g6722, F1, i)}
23.81	{(I12017, F1, i)}
23.81	{(I12017->g6695, F1, i)}
23.81	{(I12078, F1, i)}
23.81	{(I12834, F1, i)}
23.81	{(I12834->g7065, F1, i)}
23.58	{(I12853, F1, i)}
23.58	{(I12853->g7082, F1, i)}
23.02	{(I12051, F1, i)}
22.83	{(I12852, F1, i)}
22.83	{(I13215, F1, i)}
22.83	{(I13215->g7257, F1, i)}
21.6	{(g9226, F1, i)}
21.6	{(g9226->g9239, F1, i)}
19.2	{(g9202, F1, i)}
19.2	{(g9179, F1, i)}
19.2	{(g9192, F1, i)}
19.2	{(I15864, F1, i)}
19.2	{(I15864->g9192, F1, i)}
19.2	{(g9191, F1, i)}
19.2	{(I15857, F1, i)}
19.2	{(I15857->g9191, F1, i)}
19.2	{(g9205, F1, i)}
19.2	{(g9220, F1, i)}
19.2	{(g9205->g9220, F1, i)}
19.2	{(g9220->g9226, F1, i)}
18.55	{(g5403->g9226, F1, i)}
18.55	{(I15899, F1, i)}
18.55	{(I15899->g9205, F1, i)}
17.74	{(I15819, F1, i)}
17.74	{(I15819->g9179, F1, i)}
17.74	{(I15881, F1, i)}
17.74	{(I15881->g9202, F1, i)}
16.94	{(I15882, F1, i)}
16.94	{(I15882->g9202, F1, i)}
16.8	{(I15898, F1, i)}
16.8	{(I15898->g9205, F1, i)}
16.39	{(g7065->I13214, F1, i)}
16.13	{(I15818, F1, i)}
16.13	{(I15818->g9179, F1, i)}
15.45	{(g9203->I15899, F1, i)}
14.63	{(g9190->I15881, F1, i)}
13.93	{(g9387, F1, i)}
13.93	{(I16180, F1, i)}
13.93	{(g9387->I16180, F1, i)}
13.93	{(g9388, F1, i)}
13.93	{(I16180->g9388, F1, i)}
13.93	{(I16183, F1, i)}
13.93	{(g9388->I16183, F1, i)}
13.93	{(g9389, F1, i)}
13.93	{(I16183->g9389, F1, i)}
13.93	{(g9389->tmp_wire_24, F1, i)}
13.82	{(I15855->I15857, F1, i)}
13.82	{(g9168->I15855, F1, i)}
13.82	{(I15855, F1, i)}
13.82	{(I15817->I15819, F1, i)}
