100.0	{(I5649, F1, i)}
100.0	{(g1389->I5649, F1, i)}
100.0	{(g1795, F1, i)}
100.0	{(I5649->g1795, F1, i)}
100.0	{(I7195, F1, i)}
100.0	{(g1795->I7195, F1, i)}
100.0	{(g3691, F1, i)}
100.0	{(I7195->g3691, F1, i)}
100.0	{(I8315, F1, i)}
100.0	{(g3691->I8315, F1, i)}
100.0	{(g4350, F1, i)}
100.0	{(I8315->g4350, F1, i)}
100.0	{(I9366, F1, i)}
100.0	{(g4350->I9366, F1, i)}
100.0	{(g5026, F1, i)}
100.0	{(I9366->g5026, F1, i)}
100.0	{(I10243, F1, i)}
100.0	{(g5026->I10243, F1, i)}
100.0	{(g5726, F1, i)}
100.0	{(I10243->g5726, F1, i)}
100.0	{(g4302, F1, i)}
100.0	{(I9064, F1, i)}
100.0	{(g4302->I9064, F1, i)}
100.0	{(g4742, F1, i)}
100.0	{(I9064->g4742, F1, i)}
100.0	{(I9618, F1, i)}
100.0	{(g4742->I9618, F1, i)}
100.0	{(I9618->g5164, F1, i)}
100.0	{(g6459, F1, i)}
100.0	{(I12659, F1, i)}
100.0	{(g6459->I12659, F1, i)}
100.0	{(g6950, F1, i)}
100.0	{(I12659->g6950, F1, i)}
100.0	{(I12891, F1, i)}
100.0	{(g6950->I12891, F1, i)}
100.0	{(g7101, F1, i)}
100.0	{(I12891->g7101, F1, i)}
100.0	{(g7101->tmp_wire_666, F1, i)}
100.0	{(tmp_wire_666, F1, i)}
23.08	{(g3681->g4332, F1, i)}
