54.74	{(g3811, F1, i)}
54.74	{(g4455, F1, i)}
54.74	{(g3811->g4455, F1, i)}
54.74	{(I9123, F1, i)}
54.74	{(g4455->I9123, F1, i)}
54.74	{(g4800, F1, i)}
54.74	{(I9123->g4800, F1, i)}
54.74	{(I9633, F1, i)}
54.74	{(g4800->I9633, F1, i)}
54.74	{(g5169, F1, i)}
54.74	{(I9633->g5169, F1, i)}
54.74	{(g5169->tmp_wire_622, F1, i)}
54.74	{(g2486, F1, i)}
54.74	{(g959->g2486, F1, i)}
43.8	{(I7269, F1, i)}
43.8	{(I7269->g3811, F1, i)}
42.34	{(I7270, F1, i)}
42.34	{(I7270->g3811, F1, i)}
37.96	{(I7268, F1, i)}
29.2	{(g2486->I7269, F1, i)}
27.74	{(g955->I7270, F1, i)}
27.01	{(I7268->I7269, F1, i)}
27.01	{(g955->I7268, F1, i)}
25.55	{(I7268->I7270, F1, i)}
25.55	{(g2486->I7268, F1, i)}
