26.71	{(g5549, F1, i)}
26.71	{(g6118, F1, i)}
26.71	{(g5549->g6118, F1, i)}
26.71	{(g6571, F1, i)}
26.71	{(I12609, F1, i)}
26.71	{(g6571->I12609, F1, i)}
26.71	{(g6918, F1, i)}
26.71	{(I12609->g6918, F1, i)}
26.71	{(I12906, F1, i)}
26.71	{(g6918->I12906, F1, i)}
26.71	{(g7106, F1, i)}
26.71	{(I12906->g7106, F1, i)}
26.71	{(g7106->tmp_wire_249, F1, i)}
26.71	{(tmp_wire_249, F1, i)}
26.71	{(g1758, F1, i)}
26.71	{(g1084->g1758, F1, i)}
23.29	{(g5708, F1, i)}
23.29	{(I10773, F1, i)}
23.29	{(g5708->I10773, F1, i)}
23.29	{(g6136, F1, i)}
23.29	{(I10773->g6136, F1, i)}
23.29	{(I11740, F1, i)}
23.29	{(g6136->I11740, F1, i)}
23.29	{(g6566, F1, i)}
23.29	{(I11740->g6566, F1, i)}
23.29	{(I12439, F1, i)}
23.29	{(g6566->I12439, F1, i)}
23.29	{(g6856, F1, i)}
23.29	{(I12439->g6856, F1, i)}
23.29	{(g6856->tmp_wire_268, F1, i)}
23.29	{(tmp_wire_268, F1, i)}
23.29	{(g2935, F1, i)}
23.29	{(g2935->g5549, F1, i)}
23.29	{(I11759, F1, i)}
23.29	{(I11759->g6571, F1, i)}
21.23	{(I11758, F1, i)}
21.23	{(I11758->g6571, F1, i)}
20.55	{(g2889, F1, i)}
20.55	{(g2889->g5708, F1, i)}
19.18	{(g4699, F1, i)}
19.18	{(g4699->g5708, F1, i)}
19.18	{(I11757, F1, i)}
19.18	{(g4712, F1, i)}
19.18	{(g4712->g5549, F1, i)}
15.75	{(g1758->I11757, F1, i)}
15.75	{(I11757->I11759, F1, i)}
13.7	{(g6118->I11757, F1, i)}
13.7	{(I11757->I11758, F1, i)}
13.01	{(g4276->g4699, F1, i)}
13.01	{(g1612->g2935, F1, i)}
13.01	{(g1077->g2935, F1, i)}
13.01	{(g6118->I11759, F1, i)}
10.27	{(g1077->g2889, F1, i)}
10.27	{(g1612->g2889, F1, i)}
