49.66	{(g9358, F1, i)}
49.66	{(I16138, F1, i)}
49.66	{(g9358->I16138, F1, i)}
49.66	{(g9370, F1, i)}
49.66	{(I16138->g9370, F1, i)}
49.66	{(I16154, F1, i)}
49.66	{(g9370->I16154, F1, i)}
49.66	{(g9376, F1, i)}
49.66	{(I16154->g9376, F1, i)}
49.66	{(g9376->tmp_wire_13, F1, i)}
49.66	{(tmp_wire_13, F1, i)}
37.56	{(I15845, F1, i)}
37.56	{(g9174->I15845, F1, i)}
37.56	{(g9189, F1, i)}
37.56	{(I15845->g9189, F1, i)}
37.56	{(g9200, F1, i)}
37.56	{(g9189->g9200, F1, i)}
37.56	{(g9210, F1, i)}
37.56	{(g9200->g9210, F1, i)}
37.56	{(I15933, F1, i)}
37.56	{(g9210->I15933, F1, i)}
37.56	{(g9219, F1, i)}
37.56	{(I15933->g9219, F1, i)}
37.56	{(I15965, F1, i)}
37.56	{(g9219->I15965, F1, i)}
37.56	{(g9237, F1, i)}
37.56	{(I15965->g9237, F1, i)}
37.56	{(I15985, F1, i)}
37.56	{(g9237->I15985, F1, i)}
37.56	{(g9255, F1, i)}
37.56	{(I15985->g9255, F1, i)}
36.91	{(g9348, F1, i)}
36.91	{(g9348->g9358, F1, i)}
36.24	{(g9279, F1, i)}
36.24	{(g9279->g9358, F1, i)}
