100.0	{(g4868, F1, i)}
100.0	{(I9884, F1, i)}
100.0	{(g4868->I9884, F1, i)}
100.0	{(g5468, F1, i)}
100.0	{(I9884->g5468, F1, i)}
100.0	{(I10265, F1, i)}
100.0	{(g5468->I10265, F1, i)}
100.0	{(g5736, F1, i)}
100.0	{(I10265->g5736, F1, i)}
100.0	{(g5736->tmp_wire_34, F1, i)}
100.0	{(tmp_wire_34, F1, i)}
100.0	{(g6577, F1, i)}
100.0	{(I12757, F1, i)}
100.0	{(g6577->I12757, F1, i)}
100.0	{(g7013, F1, i)}
100.0	{(I12757->g7013, F1, i)}
100.0	{(I12918, F1, i)}
100.0	{(g7013->I12918, F1, i)}
100.0	{(g7110, F1, i)}
100.0	{(I12918->g7110, F1, i)}
100.0	{(g7110->tmp_wire_43, F1, i)}
40.57	{(tmp_wire_43, F1, i)}
