50.0	{(g6419, F1, i)}
50.0	{(g6419->g6933, F1, i)}
50.0	{(g6933, F1, i)}
50.0	{(I12993, F1, i)}
50.0	{(g6933->I12993, F1, i)}
50.0	{(g7137, F1, i)}
50.0	{(I12993->g7137, F1, i)}
50.0	{(I13509, F1, i)}
50.0	{(g7137->I13509, F1, i)}
50.0	{(g7365, F1, i)}
50.0	{(I13509->g7365, F1, i)}
50.0	{(I13924, F1, i)}
50.0	{(g7365->I13924, F1, i)}
50.0	{(g7593, F1, i)}
50.0	{(I13924->g7593, F1, i)}
50.0	{(I14094, F1, i)}
50.0	{(g7593->I14094, F1, i)}
50.0	{(g7741, F1, i)}
50.0	{(I14094->g7741, F1, i)}
50.0	{(g7741->tmp_wire_328, F1, i)}
50.0	{(tmp_wire_328, F1, i)}
48.53	{(g162->g6419, F1, i)}
