66.67	{(g5452, F1, i)}
66.67	{(I10786, F1, i)}
66.67	{(g5452->I10786, F1, i)}
66.67	{(g6141, F1, i)}
66.67	{(I10786->g6141, F1, i)}
66.67	{(I11897, F1, i)}
66.67	{(g6141->I11897, F1, i)}
66.67	{(g6635, F1, i)}
66.67	{(I11897->g6635, F1, i)}
66.67	{(I12436, F1, i)}
66.67	{(g6635->I12436, F1, i)}
66.67	{(g6855, F1, i)}
66.67	{(I12436->g6855, F1, i)}
66.67	{(g6855->tmp_wire_255, F1, i)}
66.67	{(tmp_wire_255, F1, i)}
50.0	{(g4159, F1, i)}
50.0	{(g4159->g4876, F1, i)}
50.0	{(g3498, F1, i)}
50.0	{(g1616->g3498, F1, i)}
50.0	{(g3498->g4159, F1, i)}
50.0	{(g4876, F1, i)}
50.0	{(g4876->g5452, F1, i)}
