100.0	{(I7417, F1, i)}
100.0	{(g3659->I7417, F1, i)}
100.0	{(g3884, F1, i)}
100.0	{(I7417->g3884, F1, i)}
100.0	{(I8874, F1, i)}
100.0	{(g3884->I8874, F1, i)}
100.0	{(g4653, F1, i)}
100.0	{(I8874->g4653, F1, i)}
100.0	{(I5407, F1, i)}
100.0	{(g4653->I5407, F1, i)}
100.0	{(I5407->g785, F1, i)}
100.0	{(g6457, F1, i)}
100.0	{(I12649, F1, i)}
100.0	{(g6457->I12649, F1, i)}
100.0	{(g6946, F1, i)}
100.0	{(I12649->g6946, F1, i)}
100.0	{(I12885, F1, i)}
100.0	{(g6946->I12885, F1, i)}
100.0	{(g7099, F1, i)}
100.0	{(I12885->g7099, F1, i)}
100.0	{(g7099->tmp_wire_664, F1, i)}
16.22	{(g5305->g6209, F0, i)}
11.11	{(g4309, F1, i)}
11.11	{(g3002->g4309, F0, i)}
11.11	{(g3124->g4309, F0, i)}
11.11	{(g3659->g4309, F0, i)}
11.11	{(g4309->g4937, F1, i)}
