88.34	{(g9267, F1, i)}
86.55	{(I15814, F1, i)}
86.55	{(g9154->I15814, F1, i)}
86.55	{(g9178, F1, i)}
86.55	{(I15814->g9178, F1, i)}
86.55	{(g9182, F1, i)}
86.55	{(g9178->g9182, F1, i)}
86.55	{(g9194, F1, i)}
86.55	{(g9182->g9194, F1, i)}
86.55	{(I15915, F1, i)}
86.55	{(g9194->I15915, F1, i)}
86.55	{(g9213, F1, i)}
86.55	{(I15915->g9213, F1, i)}
86.55	{(I15940, F1, i)}
86.55	{(g9213->I15940, F1, i)}
86.55	{(g9222, F1, i)}
86.55	{(I15940->g9222, F1, i)}
86.55	{(I15950, F1, i)}
86.55	{(g9222->I15950, F1, i)}
86.55	{(g9230, F1, i)}
86.55	{(I15950->g9230, F1, i)}
74.89	{(g9251, F1, i)}
74.89	{(g9251->g9267, F1, i)}
74.89	{(g9230->g9251, F1, i)}
66.67	{(g4328->g5305, F1, i)}
