33.04	{(g7069, F1, i)}
33.04	{(g6695, F1, i)}
33.04	{(g6701, F1, i)}
33.04	{(g6709, F1, i)}
33.04	{(g6722, F1, i)}
33.04	{(g7065, F1, i)}
33.04	{(g7082, F1, i)}
33.04	{(g7257, F1, i)}
33.04	{(g7480, F1, i)}
31.53	{(I13640, F1, i)}
31.53	{(I13640->g7480, F1, i)}
31.25	{(I12080, F1, i)}
31.25	{(I12080->g6722, F1, i)}
29.81	{(I14019, F1, i)}
29.81	{(g7480->I14019, F1, i)}
29.81	{(g7714, F1, i)}
29.81	{(I14019->g7714, F1, i)}
29.81	{(I14070, F1, i)}
29.81	{(g7714->I14070, F1, i)}
29.81	{(g7733, F1, i)}
29.81	{(I14070->g7733, F1, i)}
29.81	{(g7733->tmp_wire_302, F1, i)}
29.81	{(tmp_wire_302, F1, i)}
28.18	{(I12017, F1, i)}
28.18	{(I12017->g6695, F1, i)}
28.18	{(I13638, F1, i)}
27.93	{(I12015, F1, i)}
27.93	{(I12834, F1, i)}
27.93	{(I12834->g7065, F1, i)}
27.68	{(I12033, F1, i)}
27.68	{(I12033->g6701, F1, i)}
27.52	{(I12032, F1, i)}
27.52	{(I12032->g6701, F1, i)}
27.03	{(I12053, F1, i)}
27.03	{(I12053->g6709, F1, i)}
26.61	{(g7257->I13638, F1, i)}
26.61	{(I13638->I13640, F1, i)}
26.36	{(I12078, F1, i)}
26.36	{(I13213, F1, i)}
26.17	{(I12016, F1, i)}
26.17	{(I12016->g6695, F1, i)}
25.69	{(I12051, F1, i)}
25.23	{(g9203, F1, i)}
25.23	{(g6680, F1, i)}
25.23	{(g6680->g7069, F1, i)}
25.23	{(g9202, F1, i)}
25.23	{(g9192, F1, i)}
25.23	{(g9191, F1, i)}
25.23	{(g9179, F1, i)}
25.23	{(g9190, F1, i)}
25.23	{(I12031, F1, i)}
25.23	{(I12854, F1, i)}
25.23	{(I12854->g7082, F1, i)}
25.0	{(I13215, F1, i)}
25.0	{(I13215->g7257, F1, i)}
24.55	{(g5988->I12078, F1, i)}
24.55	{(I12078->I12080, F1, i)}
24.53	{(I15857, F1, i)}
24.53	{(I15857->g9191, F1, i)}
24.3	{(I15881, F1, i)}
24.3	{(I15881->g9202, F1, i)}
24.3	{(I15864, F1, i)}
24.3	{(I15864->g9192, F1, i)}
24.3	{(I12853, F1, i)}
24.3	{(I12853->g7082, F1, i)}
24.07	{(I12832, F1, i)}
23.85	{(I13214, F1, i)}
23.85	{(I13214->g7257, F1, i)}
23.85	{(I13639, F1, i)}
23.85	{(I13639->g7480, F1, i)}
22.94	{(g5874->I12015, F1, i)}
22.86	{(g5403->g6680, F1, i)}
22.73	{(I12079, F1, i)}
22.73	{(I12079->g6722, F1, i)}
22.73	{(I12833, F1, i)}
22.73	{(I12833->g7065, F1, i)}
22.64	{(I15888, F1, i)}
22.64	{(I15888->g9203, F1, i)}
22.64	{(I15848, F1, i)}
21.82	{(I12052, F1, i)}
21.82	{(I12052->g6709, F1, i)}
21.7	{(I15882, F1, i)}
21.7	{(I15882->g9202, F1, i)}
21.5	{(I15889, F1, i)}
21.5	{(I15889->g9203, F1, i)}
21.43	{(I12852, F1, i)}
20.95	{(g6701->I12853, F1, i)}
20.75	{(g5847->I12015, F1, i)}
20.75	{(I12015->I12016, F1, i)}
20.75	{(I15817, F1, i)}
20.18	{(g5939->I12053, F1, i)}
20.0	{(I15856, F1, i)}
20.0	{(I15856->g9191, F1, i)}
19.82	{(g5918->I12031, F1, i)}
19.82	{(I12031->I12033, F1, i)}
19.81	{(I15818, F1, i)}
19.81	{(I15818->g9179, F1, i)}
19.81	{(I15850, F1, i)}
19.81	{(I15850->g9190, F1, i)}
19.63	{(I15819, F1, i)}
19.63	{(I15819->g9179, F1, i)}
19.44	{(g5897->I12031, F1, i)}
19.44	{(I12031->I12032, F1, i)}
19.44	{(g5956->I12051, F1, i)}
19.44	{(I12051->I12053, F1, i)}
19.23	{(g9192->I15888, F1, i)}
19.05	{(I15863, F1, i)}
19.05	{(I15863->g9192, F1, i)}
18.69	{(g6722->I12832, F1, i)}
18.69	{(g7069->I13638, F1, i)}
18.69	{(I15855, F1, i)}
18.52	{(g5971->I12080, F1, i)}
18.27	{(g9387, F1, i)}
18.27	{(I16180, F1, i)}
18.27	{(g9387->I16180, F1, i)}
18.27	{(g9388, F1, i)}
18.27	{(I16180->g9388, F1, i)}
18.27	{(I16183, F1, i)}
18.27	{(g9388->I16183, F1, i)}
18.27	{(g9389, F1, i)}
18.27	{(I16183->g9389, F1, i)}
18.27	{(g9389->tmp_wire_24, F1, i)}
18.18	{(g7065->I13213, F1, i)}
18.18	{(I13213->I13215, F1, i)}
17.92	{(g9168->I15855, F1, i)}
17.92	{(I15855->I15857, F1, i)}
17.76	{(g9171->I15864, F1, i)}
17.14	{(g9162->I15848, F1, i)}
17.14	{(I15848->I15850, F1, i)}
16.98	{(I15849, F1, i)}
16.98	{(I15849->g9190, F1, i)}
16.35	{(g9384, F1, i)}
16.35	{(g9384->g9387, F1, i)}
15.24	{(g9148->I15817, F1, i)}
15.24	{(I15817->I15818, F1, i)}
15.09	{(I15880, F1, i)}
15.09	{(g9151->I15817, F1, i)}
14.29	{(g9154->I15848, F1, i)}
14.29	{(I15848->I15849, F1, i)}
14.15	{(g9190->I15881, F1, i)}
14.15	{(I15880->I15881, F1, i)}
14.15	{(g9179->I15880, F1, i)}
14.15	{(I15862, F1, i)}
