78.05	{(I16084, F1, i)}
78.05	{(g9324->I16084, F1, i)}
78.05	{(g9336, F1, i)}
78.05	{(I16084->g9336, F1, i)}
78.05	{(I16090, F1, i)}
78.05	{(g9336->I16090, F1, i)}
78.05	{(g9340, F1, i)}
78.05	{(I16090->g9340, F1, i)}
76.19	{(g9239, F1, i)}
76.19	{(I15990, F1, i)}
76.19	{(g9239->I15990, F1, i)}
76.19	{(g9260, F1, i)}
76.19	{(I15990->g9260, F1, i)}
76.19	{(g9301, F1, i)}
76.19	{(g9260->g9301, F1, i)}
76.19	{(g9303, F1, i)}
76.19	{(g9301->g9303, F1, i)}
76.19	{(I16072, F1, i)}
76.19	{(g9303->I16072, F1, i)}
76.19	{(g9324, F1, i)}
76.19	{(I16072->g9324, F1, i)}
75.61	{(g9363, F1, i)}
70.73	{(g9226, F1, i)}
70.73	{(g9226->g9239, F1, i)}
70.0	{(g9203, F1, i)}
70.0	{(g9191, F1, i)}
70.0	{(g9205, F1, i)}
70.0	{(g9220, F1, i)}
70.0	{(g9205->g9220, F1, i)}
70.0	{(g9220->g9226, F1, i)}
65.85	{(g9359, F1, i)}
65.85	{(g9359->g9363, F1, i)}
65.85	{(g9340->g9359, F1, i)}
64.1	{(I15889, F1, i)}
64.1	{(I15889->g9203, F1, i)}
64.1	{(I15855, F1, i)}
63.16	{(g9191->I15889, F1, i)}
62.5	{(I15899, F1, i)}
62.5	{(I15899->g9205, F1, i)}
61.54	{(I15857, F1, i)}
61.54	{(I15857->g9191, F1, i)}
60.0	{(I15856, F1, i)}
60.0	{(I15856->g9191, F1, i)}
58.97	{(I15898, F1, i)}
58.97	{(I15898->g9205, F1, i)}
55.26	{(I15855->I15857, F1, i)}
55.26	{(g9168->I15855, F1, i)}
53.85	{(g9165->I15855, F1, i)}
52.5	{(I15888, F1, i)}
52.5	{(I15888->g9203, F1, i)}
52.5	{(g5403->g9226, F1, i)}
50.0	{(g9203->I15899, F1, i)}
100.0	{(I14019, F1, i)}
100.0	{(g7480->I14019, F1, i)}
100.0	{(g7714, F1, i)}
100.0	{(I14019->g7714, F1, i)}
100.0	{(I14070, F1, i)}
100.0	{(g7714->I14070, F1, i)}
100.0	{(g7733, F1, i)}
100.0	{(I14070->g7733, F1, i)}
100.0	{(g7733->tmp_wire_302, F1, i)}
