52.94	{(g7170, F1, i)}
52.94	{(I13435, F1, i)}
52.94	{(g7170->I13435, F1, i)}
52.94	{(g7339, F1, i)}
52.94	{(I13435->g7339, F1, i)}
52.94	{(I13909, F1, i)}
52.94	{(g7339->I13909, F1, i)}
52.94	{(g7588, F1, i)}
52.94	{(I13909->g7588, F1, i)}
52.94	{(I14349, F1, i)}
52.94	{(g7588->I14349, F1, i)}
52.94	{(g8072, F1, i)}
52.94	{(I14349->g8072, F1, i)}
52.94	{(I14463, F1, i)}
52.94	{(g8072->I14463, F1, i)}
52.94	{(g8228, F1, i)}
52.94	{(I14463->g8228, F1, i)}
52.94	{(g8228->tmp_wire_197, F1, i)}
50.74	{(g6916, F1, i)}
50.74	{(g6916->g7170, F1, i)}
49.26	{(g727->g6916, F1, i)}
31.62	{(g6125->g6444, F1, i)}
21.32	{(g6515, F1, i)}
21.32	{(g6125->g6515, F1, i)}
21.32	{(g6515->g6916, F1, i)}
3.68	{(g1676, F1, i)}
3.68	{(g727->g1676, F1, i)}
3.68	{(g1676->g6444, F1, i)}
