100.0	{(I7255, F1, i)}
100.0	{(g1955->I7255, F1, i)}
100.0	{(g3783, F1, i)}
100.0	{(I7255->g3783, F1, i)}
100.0	{(I8373, F1, i)}
100.0	{(g3783->I8373, F1, i)}
100.0	{(g4382, F1, i)}
100.0	{(I8373->g4382, F1, i)}
100.0	{(I9499, F1, i)}
100.0	{(g4382->I9499, F1, i)}
100.0	{(g5113, F1, i)}
100.0	{(I9499->g5113, F1, i)}
100.0	{(I9804, F1, i)}
100.0	{(g5113->I9804, F1, i)}
100.0	{(g5299, F1, i)}
100.0	{(I9804->g5299, F1, i)}
73.78	{(I8373, F1, i)}
73.78	{(I8373->g4382, F1, i)}
73.78	{(g4382, F1, i)}
73.78	{(g4382->I9499, F1, i)}
73.78	{(I9499, F1, i)}
73.78	{(I9499->g5113, F1, i)}
73.78	{(g5113, F1, i)}
73.78	{(g5113->I9804, F1, i)}
73.78	{(I9804, F1, i)}
73.78	{(I9804->g5299, F1, i)}
73.78	{(g3783->I8373, F1, i)}
73.78	{(g3783, F1, i)}
73.78	{(I7255->g3783, F1, i)}
73.78	{(I7255, F1, i)}
73.78	{(g1955->I7255, F1, i)}
54.55	{(g4720, F1, i)}
54.55	{(I9782, F1, i)}
54.55	{(g4720->I9782, F1, i)}
54.55	{(g5266, F1, i)}
54.55	{(I9782->g5266, F1, i)}
54.55	{(I10247, F1, i)}
54.55	{(g5266->I10247, F1, i)}
54.55	{(g5730, F1, i)}
54.55	{(I10247->g5730, F1, i)}
54.55	{(g5730->tmp_wire_314, F1, i)}
45.45	{(g190->g4720, F1, i)}
