34.71	{(g6695, F1, i)}
34.71	{(g6701, F1, i)}
34.71	{(g6709, F1, i)}
34.71	{(g6722, F1, i)}
34.71	{(g7065, F1, i)}
34.71	{(g7082, F1, i)}
34.71	{(g7257, F1, i)}
34.71	{(g7480, F1, i)}
34.17	{(I13640, F1, i)}
34.17	{(I13640->g7480, F1, i)}
32.5	{(I12080, F1, i)}
32.5	{(I12080->g6722, F1, i)}
32.23	{(I12031, F1, i)}
31.3	{(I14019, F1, i)}
31.3	{(g7480->I14019, F1, i)}
31.3	{(g7714, F1, i)}
31.3	{(I14019->g7714, F1, i)}
31.3	{(I14070, F1, i)}
31.3	{(g7714->I14070, F1, i)}
31.3	{(g7733, F1, i)}
31.3	{(I14070->g7733, F1, i)}
31.3	{(g7733->tmp_wire_302, F1, i)}
31.3	{(tmp_wire_302, F1, i)}
30.83	{(I12053, F1, i)}
30.83	{(I12053->g6709, F1, i)}
30.0	{(I12015, F1, i)}
29.75	{(g9239, F1, i)}
29.75	{(I15990, F1, i)}
29.75	{(g9239->I15990, F1, i)}
29.75	{(g9260, F1, i)}
29.75	{(I15990->g9260, F1, i)}
29.75	{(g9301, F1, i)}
29.75	{(g9260->g9301, F1, i)}
29.75	{(g9303, F1, i)}
29.75	{(g9301->g9303, F1, i)}
29.75	{(I16072, F1, i)}
29.75	{(g9303->I16072, F1, i)}
29.75	{(g9324, F1, i)}
29.75	{(I16072->g9324, F1, i)}
29.75	{(g9226, F1, i)}
29.75	{(g9226->g9239, F1, i)}
29.75	{(I16084, F1, i)}
29.75	{(g9324->I16084, F1, i)}
29.75	{(g9336, F1, i)}
29.75	{(I16084->g9336, F1, i)}
29.75	{(I16090, F1, i)}
29.75	{(g9336->I16090, F1, i)}
29.75	{(g9340, F1, i)}
29.75	{(I16090->g9340, F1, i)}
24.79	{(g9203, F1, i)}
24.79	{(g9202, F1, i)}
24.79	{(g9192, F1, i)}
24.79	{(g9205, F1, i)}
24.79	{(g9220, F1, i)}
24.79	{(g9205->g9220, F1, i)}
24.79	{(g9220->g9226, F1, i)}
24.79	{(g9191, F1, i)}
24.79	{(g9179, F1, i)}
24.79	{(g9190, F1, i)}
24.17	{(I15857, F1, i)}
24.17	{(I15857->g9191, F1, i)}
23.97	{(I15864, F1, i)}
23.97	{(I15864->g9192, F1, i)}
23.53	{(g5403->g9226, F1, i)}
22.5	{(I15850, F1, i)}
22.5	{(I15850->g9190, F1, i)}
21.85	{(I15888, F1, i)}
21.85	{(I15888->g9203, F1, i)}
21.67	{(I15882, F1, i)}
21.67	{(I15882->g9202, F1, i)}
21.67	{(I15881, F1, i)}
21.67	{(I15881->g9202, F1, i)}
21.67	{(I15898, F1, i)}
21.67	{(I15898->g9205, F1, i)}
21.67	{(I15899, F1, i)}
21.67	{(I15899->g9205, F1, i)}
21.49	{(I15889, F1, i)}
21.49	{(I15889->g9203, F1, i)}
20.66	{(I15819, F1, i)}
20.66	{(I15819->g9179, F1, i)}
20.17	{(I15856, F1, i)}
20.17	{(I15856->g9191, F1, i)}
20.17	{(I15855, F1, i)}
20.0	{(I15863, F1, i)}
20.0	{(I15863->g9192, F1, i)}
19.49	{(g9192->I15888, F1, i)}
19.49	{(I15855->I15857, F1, i)}
19.49	{(g9168->I15855, F1, i)}
19.17	{(g9191->I15889, F1, i)}
18.64	{(I15818, F1, i)}
18.64	{(I15818->g9179, F1, i)}
18.49	{(g9203->I15899, F1, i)}
17.8	{(I15848->I15850, F1, i)}
17.39	{(g9387, F1, i)}
17.39	{(I16180, F1, i)}
17.39	{(g9387->I16180, F1, i)}
17.39	{(g9388, F1, i)}
17.39	{(I16180->g9388, F1, i)}
17.39	{(I16183, F1, i)}
17.39	{(g9388->I16183, F1, i)}
17.39	{(g9389, F1, i)}
17.39	{(I16183->g9389, F1, i)}
17.39	{(g9389->tmp_wire_24, F1, i)}
16.81	{(I15849, F1, i)}
16.81	{(I15849->g9190, F1, i)}
15.65	{(g7082->I13213, F1, i)}
15.65	{(I13213->I13214, F1, i)}
15.65	{(g9384, F1, i)}
15.65	{(g9384->g9387, F1, i)}
10.43	{(g6245, F1, i)}
10.43	{(g5690->g6245, F1, i)}
10.43	{(g6245->g9384, F1, i)}
