100.0	{(I5649, F1, i)}
100.0	{(g1389->I5649, F1, i)}
100.0	{(g1795, F1, i)}
100.0	{(I5649->g1795, F1, i)}
100.0	{(I7195, F1, i)}
100.0	{(g1795->I7195, F1, i)}
100.0	{(g3691, F1, i)}
100.0	{(I7195->g3691, F1, i)}
100.0	{(I8315, F1, i)}
100.0	{(g3691->I8315, F1, i)}
100.0	{(g4350, F1, i)}
100.0	{(I8315->g4350, F1, i)}
100.0	{(I9366, F1, i)}
100.0	{(g4350->I9366, F1, i)}
100.0	{(g5026, F1, i)}
100.0	{(I9366->g5026, F1, i)}
100.0	{(I10243, F1, i)}
100.0	{(g5026->I10243, F1, i)}
100.0	{(g5726, F1, i)}
100.0	{(I10243->g5726, F1, i)}
53.85	{(g5566, F1, i)}
53.85	{(I10678, F1, i)}
53.85	{(g5566->I10678, F1, i)}
53.85	{(g6063, F1, i)}
53.85	{(I10678->g6063, F1, i)}
53.85	{(I11458, F1, i)}
53.85	{(g6063->I11458, F1, i)}
53.85	{(g6377, F1, i)}
53.85	{(I11458->g6377, F1, i)}
53.85	{(g6377->tmp_wire_35, F1, i)}
