52.76	{(g7166, F1, i)}
52.76	{(I13425, F1, i)}
52.76	{(g7166->I13425, F1, i)}
52.76	{(g7335, F1, i)}
52.76	{(I13425->g7335, F1, i)}
52.76	{(I13888, F1, i)}
52.76	{(g7335->I13888, F1, i)}
52.76	{(g7581, F1, i)}
52.76	{(I13888->g7581, F1, i)}
52.76	{(I14338, F1, i)}
52.76	{(g7581->I14338, F1, i)}
52.76	{(g8065, F1, i)}
52.76	{(I14338->g8065, F1, i)}
52.76	{(I14442, F1, i)}
52.76	{(g8065->I14442, F1, i)}
52.76	{(g8221, F1, i)}
52.76	{(I14442->g8221, F1, i)}
52.76	{(g8221->tmp_wire_637, F1, i)}
52.76	{(tmp_wire_637, F1, i)}
51.97	{(g859->g6437, F1, i)}
51.97	{(g6437, F1, i)}
51.97	{(g6437->g7166, F1, i)}
