62.5	{(g6685, F1, i)}
62.5	{(I12760, F1, i)}
62.5	{(g6685->I12760, F1, i)}
62.5	{(g7014, F1, i)}
62.5	{(I12760->g7014, F1, i)}
62.5	{(I12927, F1, i)}
62.5	{(g7014->I12927, F1, i)}
62.5	{(g7113, F1, i)}
62.5	{(I12927->g7113, F1, i)}
62.5	{(g7113->tmp_wire_113, F1, i)}
62.5	{(tmp_wire_113, F1, i)}
50.0	{(g2174, F1, i)}
50.0	{(g1319->g2174, F1, i)}
50.0	{(I10017->I10018, F1, i)}
50.0	{(I10018, F1, i)}
50.0	{(I10018->g5564, F1, i)}
50.0	{(g5564, F1, i)}
50.0	{(g5564->g5969, F1, i)}
50.0	{(g5969, F1, i)}
50.0	{(g5969->g6685, F1, i)}
50.0	{(I10017, F1, i)}
50.0	{(g2174->I10017, F1, i)}
