26.61	{(g9203, F1, i)}
26.61	{(I15889, F1, i)}
26.61	{(I15889->g9203, F1, i)}
26.61	{(g9191, F1, i)}
26.61	{(g9239, F1, i)}
26.61	{(I15990, F1, i)}
26.61	{(g9239->I15990, F1, i)}
26.61	{(g9260, F1, i)}
26.61	{(I15990->g9260, F1, i)}
26.61	{(g9301, F1, i)}
26.61	{(g9260->g9301, F1, i)}
26.61	{(g9303, F1, i)}
26.61	{(g9301->g9303, F1, i)}
26.61	{(I16072, F1, i)}
26.61	{(g9303->I16072, F1, i)}
26.61	{(g9324, F1, i)}
26.61	{(I16072->g9324, F1, i)}
26.61	{(g9205, F1, i)}
26.61	{(g9220, F1, i)}
26.61	{(g9205->g9220, F1, i)}
26.61	{(g9220->g9226, F1, i)}
26.61	{(g9226, F1, i)}
26.61	{(g9226->g9239, F1, i)}
26.61	{(I16084, F1, i)}
26.61	{(g9324->I16084, F1, i)}
26.61	{(g9336, F1, i)}
26.61	{(I16084->g9336, F1, i)}
26.61	{(I16090, F1, i)}
26.61	{(g9336->I16090, F1, i)}
26.61	{(g9340, F1, i)}
26.61	{(I16090->g9340, F1, i)}
26.61	{(g9190, F1, i)}
26.61	{(g9179, F1, i)}
25.93	{(I15864, F1, i)}
25.93	{(I15864->g9192, F1, i)}
24.77	{(g9359, F1, i)}
24.77	{(g9359->g9363, F1, i)}
24.77	{(g9363, F1, i)}
24.77	{(g9340->g9359, F1, i)}
24.07	{(g9191->I15889, F1, i)}
24.07	{(I15849, F1, i)}
24.07	{(I15849->g9190, F1, i)}
24.04	{(I14019, F1, i)}
24.04	{(g7480->I14019, F1, i)}
24.04	{(g7714, F1, i)}
24.04	{(I14019->g7714, F1, i)}
24.04	{(I14070, F1, i)}
24.04	{(g7714->I14070, F1, i)}
24.04	{(g7733, F1, i)}
24.04	{(I14070->g7733, F1, i)}
24.04	{(g7733->tmp_wire_302, F1, i)}
24.04	{(tmp_wire_302, F1, i)}
24.04	{(g6695, F1, i)}
24.04	{(g6701, F1, i)}
24.04	{(g6709, F1, i)}
24.04	{(g6722, F1, i)}
24.04	{(g7065, F1, i)}
24.04	{(g7082, F1, i)}
24.04	{(g7257, F1, i)}
24.04	{(I13640, F1, i)}
24.04	{(I13640->g7480, F1, i)}
24.04	{(g7480, F1, i)}
23.85	{(I15882, F1, i)}
23.85	{(I15882->g9202, F1, i)}
23.36	{(I15818, F1, i)}
23.36	{(I15818->g9179, F1, i)}
23.15	{(I15856, F1, i)}
23.15	{(I15856->g9191, F1, i)}
23.15	{(I15898, F1, i)}
23.15	{(I15898->g9205, F1, i)}
23.08	{(g7257->I13638, F1, i)}
23.08	{(I13638, F1, i)}
23.08	{(I13638->I13640, F1, i)}
22.94	{(I15881, F1, i)}
22.94	{(I15881->g9202, F1, i)}
22.22	{(I15857, F1, i)}
22.22	{(I15857->g9191, F1, i)}
22.12	{(I12015, F1, i)}
22.12	{(I12031, F1, i)}
22.02	{(I15899, F1, i)}
22.02	{(I15899->g9205, F1, i)}
21.3	{(g9202->I15898, F1, i)}
21.3	{(I15850, F1, i)}
21.3	{(I15850->g9190, F1, i)}
21.15	{(I12032, F1, i)}
21.15	{(I12032->g6701, F1, i)}
21.1	{(I15819, F1, i)}
21.1	{(I15819->g9179, F1, i)}
20.19	{(I12016, F1, i)}
20.19	{(I12016->g6695, F1, i)}
20.19	{(I12053, F1, i)}
20.19	{(I12053->g6709, F1, i)}
20.19	{(I13213, F1, i)}
20.18	{(g9203->I15899, F1, i)}
19.44	{(I15855, F1, i)}
19.23	{(g5897->I12031, F1, i)}
19.23	{(I12031->I12032, F1, i)}
19.23	{(I12052, F1, i)}
19.23	{(I12052->g6709, F1, i)}
19.23	{(I12079, F1, i)}
19.23	{(I12079->g6722, F1, i)}
19.23	{(I12833, F1, i)}
19.23	{(I12833->g7065, F1, i)}
18.69	{(g9179->I15882, F1, i)}
18.27	{(g5847->I12015, F1, i)}
18.27	{(I12015->I12016, F1, i)}
18.27	{(I12078, F1, i)}
18.27	{(I13215, F1, i)}
18.27	{(I13215->g7257, F1, i)}
17.76	{(g9190->I15881, F1, i)}
17.31	{(I12017, F1, i)}
17.31	{(I12017->g6695, F1, i)}
17.31	{(I12832, F1, i)}
17.31	{(I12853, F1, i)}
17.31	{(I12853->g7082, F1, i)}
17.31	{(I13214, F1, i)}
17.31	{(I13214->g7257, F1, i)}
16.82	{(I15817->I15818, F1, i)}
16.35	{(I12080, F1, i)}
16.35	{(I12080->g6722, F1, i)}
16.35	{(I12854, F1, i)}
16.35	{(I12854->g7082, F1, i)}
15.89	{(I15855->I15856, F1, i)}
15.89	{(g9165->I15855, F1, i)}
15.38	{(g5874->I12015, F1, i)}
15.38	{(I12033, F1, i)}
15.38	{(I12033->g6701, F1, i)}
15.38	{(I12051, F1, i)}
15.38	{(g6722->I12833, F1, i)}
15.38	{(I12834, F1, i)}
15.38	{(I12834->g7065, F1, i)}
15.09	{(I15862->I15864, F1, i)}
15.09	{(g9162->I15849, F1, i)}
14.95	{(I15855->I15857, F1, i)}
14.95	{(g9168->I15855, F1, i)}
14.95	{(I15848->I15849, F1, i)}
14.42	{(g7065->I13213, F1, i)}
14.42	{(I13213->I13215, F1, i)}
13.46	{(g5918->I12031, F1, i)}
13.46	{(I12031->I12033, F1, i)}
13.46	{(g5939->I12053, F1, i)}
13.46	{(g5971->I12078, F1, i)}
13.46	{(g5988->I12079, F1, i)}
13.46	{(I12078->I12079, F1, i)}
13.46	{(g6701->I12853, F1, i)}
13.46	{(g7082->I13213, F1, i)}
13.46	{(I13213->I13214, F1, i)}
13.46	{(g9387, F1, i)}
13.46	{(I16180, F1, i)}
13.46	{(g9387->I16180, F1, i)}
13.46	{(g9388, F1, i)}
13.46	{(I16180->g9388, F1, i)}
13.46	{(I16183, F1, i)}
13.46	{(g9388->I16183, F1, i)}
13.46	{(g9389, F1, i)}
13.46	{(I16183->g9389, F1, i)}
13.46	{(g9389->tmp_wire_24, F1, i)}
13.46	{(tmp_wire_24, F1, i)}
13.21	{(g9171->I15864, F1, i)}
12.5	{(g6709->I12832, F1, i)}
12.5	{(I12832->I12833, F1, i)}
12.5	{(g6695->I12854, F1, i)}
12.5	{(g9384, F1, i)}
12.5	{(g9384->g9387, F1, i)}
12.5	{(g9151->I15818, F1, i)}
12.26	{(I15880, F1, i)}
12.26	{(g9168->I15856, F1, i)}
