100.0	{(g6952, F1, i)}
100.0	{(g7150, F1, i)}
100.0	{(g6952->g7150, F1, i)}
100.0	{(g7344, F1, i)}
100.0	{(g7150->g7344, F1, i)}
100.0	{(g7721, F1, i)}
100.0	{(g7344->g7721, F1, i)}
100.0	{(g8198, F1, i)}
100.0	{(g7721->g8198, F1, i)}
100.0	{(I14709, F1, i)}
100.0	{(g8198->I14709, F1, i)}
100.0	{(g8631, F1, i)}
100.0	{(I14709->g8631, F1, i)}
100.0	{(I15160, F1, i)}
100.0	{(g8631->I15160, F1, i)}
100.0	{(g8856, F1, i)}
100.0	{(I15160->g8856, F1, i)}
100.0	{(I15340, F1, i)}
100.0	{(g8856->I15340, F1, i)}
100.0	{(g8918, F1, i)}
100.0	{(I15340->g8918, F1, i)}
100.0	{(I15484, F1, i)}
100.0	{(g8918->I15484, F1, i)}
100.0	{(g9020, F1, i)}
100.0	{(I15484->g9020, F1, i)}
100.0	{(I15527, F1, i)}
100.0	{(g9020->I15527, F1, i)}
100.0	{(g9039, F1, i)}
100.0	{(I15527->g9039, F1, i)}
50.0	{(g6728, F1, i)}
50.0	{(g6728->g7036, F1, i)}
50.0	{(g5191, F1, i)}
50.0	{(g4969->g5191, F1, i)}
50.0	{(g5191->g6168, F1, i)}
50.0	{(g6168, F1, i)}
50.0	{(g6168->g6728, F1, i)}
50.0	{(g7036, F1, i)}
50.0	{(I13250, F1, i)}
50.0	{(g7036->I13250, F1, i)}
50.0	{(g7270, F1, i)}
50.0	{(I13250->g7270, F1, i)}
50.0	{(I13373, F1, i)}
50.0	{(g7270->I13373, F1, i)}
50.0	{(g7315, F1, i)}
50.0	{(I13373->g7315, F1, i)}
50.0	{(I13752, F1, i)}
50.0	{(g7315->I13752, F1, i)}
50.0	{(g7524, F1, i)}
50.0	{(I13752->g7524, F1, i)}
50.0	{(g7524->tmp_wire_276, F1, i)}
