54.97	{(g6277, F1, i)}
54.97	{(I11851, F1, i)}
54.97	{(g6277->I11851, F1, i)}
54.97	{(g6617, F1, i)}
54.97	{(I11851->g6617, F1, i)}
54.97	{(I12544, F1, i)}
54.97	{(g6617->I12544, F1, i)}
54.97	{(g6891, F1, i)}
54.97	{(I12544->g6891, F1, i)}
54.97	{(g6891->tmp_wire_141, F1, i)}
54.97	{(I7953, F1, i)}
54.97	{(g3542->I7953, F1, i)}
54.97	{(g4114, F1, i)}
54.97	{(I7953->g4114, F1, i)}
54.97	{(g4925, F1, i)}
54.97	{(g4114->g4925, F1, i)}
54.97	{(g5517, F1, i)}
54.97	{(g4925->g5517, F1, i)}
53.55	{(g1777, F1, i)}
53.55	{(g611->g1777, F1, i)}
53.55	{(g3542, F1, i)}
53.55	{(g1777->g3542, F1, i)}
45.7	{(I11122, F1, i)}
43.71	{(I11124, F1, i)}
43.71	{(I11124->g6277, F1, i)}
34.44	{(I11122->I11124, F1, i)}
34.44	{(g5517->I11122, F1, i)}
32.45	{(g2712->I11124, F1, i)}
22.52	{(I11122->I11123, F1, i)}
22.52	{(g2712->I11122, F1, i)}
20.53	{(g5517->I11123, F1, i)}
