56.44	{(g6277, F1, i)}
56.44	{(I11851, F1, i)}
56.44	{(g6277->I11851, F1, i)}
56.44	{(g6617, F1, i)}
56.44	{(I11851->g6617, F1, i)}
56.44	{(I12544, F1, i)}
56.44	{(g6617->I12544, F1, i)}
56.44	{(g6891, F1, i)}
56.44	{(I12544->g6891, F1, i)}
56.44	{(g6891->tmp_wire_141, F1, i)}
56.44	{(I7953, F1, i)}
56.44	{(g3542->I7953, F1, i)}
56.44	{(g4114, F1, i)}
56.44	{(I7953->g4114, F1, i)}
56.44	{(g4925, F1, i)}
56.44	{(g4114->g4925, F1, i)}
56.44	{(g5517, F1, i)}
56.44	{(g4925->g5517, F1, i)}
54.29	{(g1777, F1, i)}
54.29	{(g611->g1777, F1, i)}
54.29	{(g3542, F1, i)}
54.29	{(g1777->g3542, F1, i)}
46.53	{(I11122, F1, i)}
44.55	{(I11124, F1, i)}
44.55	{(I11124->g6277, F1, i)}
36.63	{(g2712->I11124, F1, i)}
34.65	{(I11122->I11124, F1, i)}
34.65	{(g5517->I11122, F1, i)}
21.78	{(g5517->I11123, F1, i)}
19.8	{(I11122->I11123, F1, i)}
19.8	{(g2712->I11122, F1, i)}
