69.5	{(g9363, F1, i)}
67.56	{(I16158, F1, i)}
67.56	{(g9363->I16158, F1, i)}
67.56	{(I16158->g9378, F1, i)}
64.19	{(I16084, F1, i)}
64.19	{(g9324->I16084, F1, i)}
64.19	{(g9336, F1, i)}
64.19	{(I16084->g9336, F1, i)}
64.19	{(I16090, F1, i)}
64.19	{(g9336->I16090, F1, i)}
64.19	{(g9340, F1, i)}
64.19	{(I16090->g9340, F1, i)}
64.02	{(g9239, F1, i)}
64.02	{(I15990, F1, i)}
64.02	{(g9239->I15990, F1, i)}
64.02	{(g9260, F1, i)}
64.02	{(I15990->g9260, F1, i)}
64.02	{(g9301, F1, i)}
64.02	{(g9260->g9301, F1, i)}
64.02	{(g9303, F1, i)}
64.02	{(g9301->g9303, F1, i)}
64.02	{(I16072, F1, i)}
64.02	{(g9303->I16072, F1, i)}
64.02	{(g9324, F1, i)}
64.02	{(I16072->g9324, F1, i)}
59.42	{(g9340->g9359, F1, i)}
59.42	{(g9359, F1, i)}
59.42	{(g9359->g9363, F1, i)}
59.35	{(g9226, F1, i)}
59.35	{(g9226->g9239, F1, i)}
55.01	{(g9205, F1, i)}
55.01	{(g9220, F1, i)}
55.01	{(g9205->g9220, F1, i)}
55.01	{(g9220->g9226, F1, i)}
55.01	{(g9203, F1, i)}
55.01	{(g9179, F1, i)}
55.01	{(g9190, F1, i)}
55.01	{(g9191, F1, i)}
55.01	{(g9192, F1, i)}
55.01	{(g9202, F1, i)}
53.7	{(I15864, F1, i)}
53.7	{(I15864->g9192, F1, i)}
53.15	{(I15857, F1, i)}
53.15	{(I15857->g9191, F1, i)}
51.62	{(I16158->g9378, F1, i)}
51.62	{(I16158, F1, i)}
51.62	{(g9363->I16158, F0, i)}
