51.57	{(I16084, F1, i)}
51.57	{(g9324->I16084, F1, i)}
51.57	{(g9336, F1, i)}
51.57	{(I16084->g9336, F1, i)}
51.57	{(I16090, F1, i)}
51.57	{(g9336->I16090, F1, i)}
51.57	{(g9340, F1, i)}
51.57	{(I16090->g9340, F1, i)}
51.34	{(g9239, F1, i)}
51.34	{(I15990, F1, i)}
51.34	{(g9239->I15990, F1, i)}
51.34	{(g9260, F1, i)}
51.34	{(I15990->g9260, F1, i)}
51.34	{(g9301, F1, i)}
51.34	{(g9260->g9301, F1, i)}
51.34	{(g9303, F1, i)}
51.34	{(g9301->g9303, F1, i)}
51.34	{(I16072, F1, i)}
51.34	{(g9303->I16072, F1, i)}
51.34	{(g9324, F1, i)}
51.34	{(I16072->g9324, F1, i)}
50.22	{(g9363, F1, i)}
48.4	{(g9226, F1, i)}
48.4	{(g9226->g9239, F1, i)}
43.38	{(g9205, F1, i)}
43.38	{(g9220, F1, i)}
43.38	{(g9205->g9220, F1, i)}
43.38	{(g9220->g9226, F1, i)}
43.38	{(g9203, F1, i)}
43.38	{(g9179, F1, i)}
43.38	{(g9202, F1, i)}
43.38	{(g9190, F1, i)}
43.38	{(g9191, F1, i)}
43.38	{(g9192, F1, i)}
42.86	{(I15864, F1, i)}
42.86	{(I15864->g9192, F1, i)}
41.74	{(I15857, F1, i)}
41.74	{(I15857->g9191, F1, i)}
41.74	{(I15863, F1, i)}
41.74	{(I15863->g9192, F1, i)}
41.7	{(g9340->g9359, F1, i)}
41.7	{(g9359, F1, i)}
41.7	{(g9359->g9363, F1, i)}
41.47	{(I15889, F1, i)}
41.47	{(I15889->g9203, F1, i)}
41.2	{(g9191->I15889, F1, i)}
41.1	{(I15856, F1, i)}
41.1	{(I15856->g9191, F1, i)}
41.01	{(g5403->g9226, F1, i)}
40.83	{(I15882, F1, i)}
40.83	{(I15882->g9202, F1, i)}
