49.8	{(g6952, F1, i)}
49.8	{(g7150, F1, i)}
49.8	{(g6952->g7150, F1, i)}
49.8	{(g7344, F1, i)}
49.8	{(g7150->g7344, F1, i)}
49.8	{(g7721, F1, i)}
49.8	{(g7344->g7721, F1, i)}
49.8	{(g8198, F1, i)}
49.8	{(g7721->g8198, F1, i)}
49.8	{(I14709, F1, i)}
49.8	{(g8198->I14709, F1, i)}
49.8	{(g8631, F1, i)}
49.8	{(I14709->g8631, F1, i)}
49.8	{(I15160, F1, i)}
49.8	{(g8631->I15160, F1, i)}
49.8	{(g8856, F1, i)}
49.8	{(I15160->g8856, F1, i)}
49.8	{(I15340, F1, i)}
49.8	{(g8856->I15340, F1, i)}
49.8	{(g8918, F1, i)}
49.8	{(I15340->g8918, F1, i)}
49.8	{(I15484, F1, i)}
49.8	{(g8918->I15484, F1, i)}
49.8	{(g9020, F1, i)}
49.8	{(I15484->g9020, F1, i)}
49.8	{(I15527, F1, i)}
49.8	{(g9020->I15527, F1, i)}
49.8	{(g9039, F1, i)}
49.8	{(I15527->g9039, F1, i)}
41.24	{(g2458, F1, i)}
41.24	{(g30->g2458, F1, i)}
41.24	{(I7064, F1, i)}
41.24	{(g2458->I7064, F1, i)}
41.24	{(g3590, F1, i)}
41.24	{(I7064->g3590, F1, i)}
41.24	{(I7548, F1, i)}
41.24	{(g3590->I7548, F1, i)}
41.24	{(g3917, F1, i)}
41.24	{(I7548->g3917, F1, i)}
41.24	{(I9425, F1, i)}
41.24	{(g3917->I9425, F1, i)}
41.24	{(g5061, F1, i)}
41.24	{(I9425->g5061, F1, i)}
41.24	{(g5542, F1, i)}
41.24	{(g5061->g5542, F1, i)}
38.74	{(g6633, F1, i)}
38.74	{(g6633->g6952, F1, i)}
33.99	{(g6204, F1, i)}
33.99	{(g6204->g6952, F1, i)}
28.46	{(g5526->g6633, F1, i)}
26.09	{(I10783, F1, i)}
26.09	{(g5542->I10783, F1, i)}
26.09	{(g6140, F1, i)}
26.09	{(I10783->g6140, F1, i)}
26.09	{(I11230, F1, i)}
26.09	{(g6140->I11230, F1, i)}
26.09	{(g6301, F1, i)}
26.09	{(I11230->g6301, F1, i)}
26.09	{(g6301->tmp_wire_1, F1, i)}
26.09	{(tmp_wire_1, F1, i)}
