35.71	{(g7069, F1, i)}
35.71	{(g6695, F1, i)}
35.71	{(g6701, F1, i)}
35.71	{(g6709, F1, i)}
35.71	{(g6722, F1, i)}
35.71	{(g7065, F1, i)}
35.71	{(g7082, F1, i)}
35.71	{(g7257, F1, i)}
35.71	{(g7480, F1, i)}
32.89	{(I13640, F1, i)}
32.89	{(I13640->g7480, F1, i)}
32.68	{(I13638, F1, i)}
32.64	{(I14019, F1, i)}
32.64	{(g7480->I14019, F1, i)}
32.64	{(g7714, F1, i)}
32.64	{(I14019->g7714, F1, i)}
32.64	{(I14070, F1, i)}
32.64	{(g7714->I14070, F1, i)}
32.64	{(g7733, F1, i)}
32.64	{(I14070->g7733, F1, i)}
32.64	{(g7733->tmp_wire_302, F1, i)}
32.64	{(tmp_wire_302, F1, i)}
26.97	{(g9239, F1, i)}
26.97	{(I15990, F1, i)}
26.97	{(g9239->I15990, F1, i)}
26.97	{(g9260, F1, i)}
26.97	{(I15990->g9260, F1, i)}
26.97	{(g9301, F1, i)}
26.97	{(g9260->g9301, F1, i)}
26.97	{(g9303, F1, i)}
26.97	{(g9301->g9303, F1, i)}
26.97	{(I16072, F1, i)}
26.97	{(g9303->I16072, F1, i)}
26.97	{(g9324, F1, i)}
26.97	{(I16072->g9324, F1, i)}
26.97	{(I16084, F1, i)}
26.97	{(g9324->I16084, F1, i)}
26.97	{(g9336, F1, i)}
26.97	{(I16084->g9336, F1, i)}
26.97	{(I16090, F1, i)}
26.97	{(g9336->I16090, F1, i)}
26.97	{(g9340, F1, i)}
26.97	{(I16090->g9340, F1, i)}
25.0	{(g9363, F1, i)}
24.34	{(g9359, F1, i)}
24.34	{(g9359->g9363, F1, i)}
24.34	{(g9340->g9359, F1, i)}
24.34	{(g9226, F1, i)}
24.34	{(g9226->g9239, F1, i)}
21.71	{(g9202, F1, i)}
21.71	{(g9192, F1, i)}
21.71	{(g9191, F1, i)}
21.71	{(g9205, F1, i)}
21.71	{(g9220, F1, i)}
21.71	{(g9205->g9220, F1, i)}
21.71	{(g9220->g9226, F1, i)}
21.71	{(g9179, F1, i)}
21.71	{(g9190, F1, i)}
21.05	{(I15882, F1, i)}
21.05	{(I15882->g9202, F1, i)}
20.67	{(I15857, F1, i)}
20.67	{(I15857->g9191, F1, i)}
20.53	{(I15864, F1, i)}
20.53	{(I15864->g9192, F1, i)}
19.46	{(I15818, F1, i)}
19.46	{(I15818->g9179, F1, i)}
19.08	{(I15881, F1, i)}
19.08	{(I15881->g9202, F1, i)}
19.08	{(I15899, F1, i)}
19.08	{(I15899->g9205, F1, i)}
18.67	{(I15849, F1, i)}
18.67	{(I15849->g9190, F1, i)}
17.88	{(I15863, F1, i)}
17.88	{(I15863->g9192, F1, i)}
17.88	{(I15850, F1, i)}
17.88	{(I15850->g9190, F1, i)}
17.45	{(g5403->g9226, F1, i)}
17.45	{(I15898, F1, i)}
17.45	{(I15898->g9205, F1, i)}
17.22	{(I15817, F1, i)}
16.78	{(g9202->I15898, F1, i)}
16.67	{(g6252, F1, i)}
16.67	{(g5418->g6252, F1, i)}
16.67	{(g6252->g6680, F1, i)}
16.56	{(I15856, F1, i)}
16.56	{(I15856->g9191, F1, i)}
16.0	{(I15848, F1, i)}
15.97	{(g9387, F1, i)}
15.97	{(I16180, F1, i)}
15.97	{(g9387->I16180, F1, i)}
15.97	{(g9388, F1, i)}
15.97	{(I16180->g9388, F1, i)}
15.97	{(I16183, F1, i)}
15.97	{(g9388->I16183, F1, i)}
15.97	{(g9389, F1, i)}
15.97	{(I16183->g9389, F1, i)}
15.97	{(g9389->tmp_wire_24, F1, i)}
15.33	{(I15855, F1, i)}
15.13	{(I15819, F1, i)}
15.13	{(I15819->g9179, F1, i)}
14.86	{(g9148->I15817, F1, i)}
14.86	{(I15817->I15818, F1, i)}
14.77	{(g9179->I15882, F1, i)}
14.19	{(I15855->I15857, F1, i)}
14.19	{(g9168->I15855, F1, i)}
13.51	{(g9171->I15864, F1, i)}
13.19	{(I16161, F1, i)}
13.19	{(g9363->I16161, F1, i)}
13.19	{(g9379, F1, i)}
13.19	{(I16161->g9379, F1, i)}
13.19	{(g9380, F1, i)}
13.19	{(g9379->g9380, F1, i)}
13.19	{(g9383, F1, i)}
13.19	{(g9380->g9383, F1, i)}
13.19	{(g9383->g9384, F1, i)}
13.19	{(g9384, F1, i)}
13.19	{(g9384->g9387, F1, i)}
12.93	{(g7653, F1, i)}
12.93	{(g7653->g9239, F1, i)}
12.84	{(g9154->I15848, F1, i)}
12.84	{(I15848->I15849, F1, i)}
12.75	{(I15862, F1, i)}
12.24	{(g9165->I15857, F1, i)}
12.08	{(g9162->I15848, F1, i)}
11.72	{(g9151->I15818, F1, i)}
11.49	{(I15862->I15864, F1, i)}
11.49	{(g9174->I15862, F1, i)}
10.88	{(g5606, F1, i)}
10.88	{(g4748->g5606, F1, i)}
10.88	{(I10969, F1, i)}
10.88	{(g5606->I10969, F1, i)}
10.88	{(g6210, F1, i)}
10.88	{(I10969->g6210, F1, i)}
10.88	{(g6210->g9363, F1, i)}
10.6	{(g9151->I15817, F1, i)}
10.2	{(I15880, F1, i)}
10.2	{(g9162->I15849, F1, i)}
10.07	{(g9165->I15855, F1, i)}
9.52	{(I15880->I15882, F1, i)}
9.52	{(g9190->I15880, F1, i)}
100.0	{(g6013, F1, i)}
100.0	{(g6013->g6735, F1, i)}
100.0	{(g6735, F1, i)}
100.0	{(I12771, F1, i)}
100.0	{(g6735->I12771, F1, i)}
100.0	{(g7019, F1, i)}
100.0	{(I12771->g7019, F1, i)}
100.0	{(I12930, F1, i)}
100.0	{(g7019->I12930, F1, i)}
100.0	{(g7114, F1, i)}
100.0	{(I12930->g7114, F1, i)}
100.0	{(g7114->tmp_wire_114, F1, i)}
100.0	{(tmp_wire_114, F1, i)}
