49.62	{(g6571, F1, i)}
49.62	{(I12609, F1, i)}
49.62	{(g6571->I12609, F1, i)}
49.62	{(g6918, F1, i)}
49.62	{(I12609->g6918, F1, i)}
49.62	{(I12906, F1, i)}
49.62	{(g6918->I12906, F1, i)}
49.62	{(g7106, F1, i)}
49.62	{(I12906->g7106, F1, i)}
49.62	{(g7106->tmp_wire_249, F1, i)}
49.62	{(g1758, F1, i)}
49.62	{(g1084->g1758, F1, i)}
49.62	{(g5549, F1, i)}
49.62	{(g6118, F1, i)}
49.62	{(g5549->g6118, F1, i)}
44.27	{(I11759, F1, i)}
44.27	{(I11759->g6571, F1, i)}
41.22	{(g4712, F1, i)}
41.22	{(g4712->g5549, F1, i)}
40.46	{(g2935, F1, i)}
40.46	{(g2935->g5549, F1, i)}
38.93	{(I11758, F1, i)}
38.93	{(I11758->g6571, F1, i)}
38.93	{(I11757, F1, i)}
33.59	{(I11757->I11759, F1, i)}
33.59	{(g1758->I11757, F1, i)}
28.24	{(I11757->I11758, F1, i)}
28.24	{(g6118->I11757, F1, i)}
21.37	{(g6118->I11759, F1, i)}
16.03	{(g1758->I11758, F1, i)}
