100.0	{(g6277, F1, i)}
100.0	{(I11851, F1, i)}
100.0	{(g6277->I11851, F1, i)}
100.0	{(g6617, F1, i)}
100.0	{(I11851->g6617, F1, i)}
100.0	{(I12544, F1, i)}
100.0	{(g6617->I12544, F1, i)}
100.0	{(g6891, F1, i)}
100.0	{(I12544->g6891, F1, i)}
100.0	{(g6891->tmp_wire_141, F1, i)}
100.0	{(tmp_wire_141, F1, i)}
100.0	{(I7953, F1, i)}
100.0	{(g3542->I7953, F1, i)}
100.0	{(g4114, F1, i)}
100.0	{(I7953->g4114, F1, i)}
100.0	{(g4925, F1, i)}
100.0	{(g4114->g4925, F1, i)}
100.0	{(g5517, F1, i)}
100.0	{(g4925->g5517, F1, i)}
100.0	{(g1777, F1, i)}
100.0	{(g611->g1777, F1, i)}
100.0	{(g3542, F1, i)}
100.0	{(g1777->g3542, F1, i)}
