100.0	{(tmp_wire_59, F0, i)}
100.0	{(g5741->tmp_wire_59, F0, i)}
100.0	{(g4681->I9910, F0, i)}
100.0	{(I9910, F1, i)}
100.0	{(I9910->g5488, F1, i)}
100.0	{(g5488, F0, i)}
100.0	{(g5488->I10280, F0, i)}
100.0	{(I10280, F1, i)}
100.0	{(I10280->g5741, F1, i)}
100.0	{(g5741, F0, i)}
100.0	{(g2145->g3778, F1, i)}
100.0	{(g3778, F0, i)}
100.0	{(g3583->I8186, F0, i)}
100.0	{(g3568->I8186, F0, i)}
100.0	{(g3549->I8186, F0, i)}
100.0	{(g3778->I8186, F0, i)}
100.0	{(I8186, F0, i)}
100.0	{(I8186->g4255, F0, i)}
100.0	{(g3635->g4255, F0, i)}
100.0	{(g3644->g4255, F0, i)}
100.0	{(g3605->g4255, F0, i)}
100.0	{(g4255, F0, i)}
100.0	{(g3533->g4681, F0, i)}
100.0	{(g4255->g4681, F0, i)}
100.0	{(g4681, F0, i)}
100.0	{(g2131->g3644, F1, i)}
100.0	{(g3644, F0, i)}
100.0	{(g1949->g3635, F1, i)}
100.0	{(g3635, F0, i)}
100.0	{(g2404->g3549, F1, i)}
100.0	{(g2397, F1, i)}
100.0	{(g1272->g2397, F0, i)}
100.0	{(g3533, F0, i)}
100.0	{(g2397->g3533, F1, i)}
100.0	{(g3549, F0, i)}
