32.65	{(g3310, F1, i)}
30.43	{(g4349, F1, i)}
30.43	{(I9209, F1, i)}
30.43	{(g4349->I9209, F1, i)}
30.43	{(g4867, F1, i)}
30.43	{(I9209->g4867, F1, i)}
30.43	{(I9630, F1, i)}
30.43	{(g4867->I9630, F1, i)}
30.43	{(g5168, F1, i)}
30.43	{(I9630->g5168, F1, i)}
30.43	{(g5168->tmp_wire_632, F1, i)}
30.43	{(tmp_wire_632, F1, i)}
28.26	{(tmp_wire_633, F1, i)}
28.26	{(g4676, F1, i)}
28.26	{(I9974, F1, i)}
28.26	{(g4676->I9974, F1, i)}
28.26	{(g5551, F1, i)}
28.26	{(I9974->g5551, F1, i)}
28.26	{(I10262, F1, i)}
28.26	{(g5551->I10262, F1, i)}
28.26	{(g5735, F1, i)}
28.26	{(I10262->g5735, F1, i)}
28.26	{(g5735->tmp_wire_633, F1, i)}
21.74	{(g3885, F1, i)}
21.74	{(g3885->g4676, F1, i)}
21.74	{(g3310->g4349, F1, i)}
21.74	{(g2496, F1, i)}
21.74	{(g942->g2496, F1, i)}
21.74	{(g2496->g4349, F1, i)}
15.22	{(g3094, F1, i)}
15.22	{(g3094->g4676, F1, i)}
