55.56	{(g6976, F1, i)}
55.56	{(g7131, F1, i)}
55.56	{(g6976->g7131, F1, i)}
55.56	{(I13422, F1, i)}
55.56	{(g7131->I13422, F1, i)}
55.56	{(g7334, F1, i)}
55.56	{(I13422->g7334, F1, i)}
55.56	{(I13719, F1, i)}
55.56	{(g7334->I13719, F1, i)}
55.56	{(g7513, F1, i)}
55.56	{(I13719->g7513, F1, i)}
55.56	{(g7513->tmp_wire_617, F1, i)}
54.17	{(g4399, F1, i)}
54.17	{(g4399->g6976, F1, i)}
48.61	{(I8394, F1, i)}
48.61	{(I8394->g4399, F1, i)}
100.0	{(g7252, F1, i)}
100.0	{(I13583, F1, i)}
100.0	{(g7252->I13583, F1, i)}
100.0	{(g7442, F1, i)}
100.0	{(I13583->g7442, F1, i)}
100.0	{(I13722, F1, i)}
100.0	{(g7442->I13722, F1, i)}
100.0	{(I13722->g7514, F1, i)}
