100.0	{(I14019, F1, i)}
100.0	{(g7480->I14019, F1, i)}
100.0	{(g7714, F1, i)}
100.0	{(I14019->g7714, F1, i)}
100.0	{(I14070, F1, i)}
100.0	{(g7714->I14070, F1, i)}
100.0	{(g7733, F1, i)}
100.0	{(I14070->g7733, F1, i)}
100.0	{(g7733->tmp_wire_302, F1, i)}
100.0	{(g6701, F1, i)}
100.0	{(I12053, F1, i)}
100.0	{(I12053->g6709, F1, i)}
100.0	{(g6709, F1, i)}
100.0	{(g7065, F1, i)}
100.0	{(I12833, F1, i)}
100.0	{(I12833->g7065, F1, i)}
100.0	{(g7082, F1, i)}
100.0	{(g7257, F1, i)}
100.0	{(I13638, F1, i)}
100.0	{(g7257->I13638, F1, i)}
100.0	{(g7480, F1, i)}
100.0	{(I13638->I13640, F1, i)}
100.0	{(I13640, F1, i)}
100.0	{(I13640->g7480, F1, i)}
100.0	{(I15817->I15818, F1, i)}
100.0	{(I15848->I15849, F1, i)}
