51.85	{(g9239, F1, i)}
51.85	{(I15990, F1, i)}
51.85	{(g9239->I15990, F1, i)}
51.85	{(g9260, F1, i)}
51.85	{(I15990->g9260, F1, i)}
51.85	{(g9301, F1, i)}
51.85	{(g9260->g9301, F1, i)}
51.85	{(g9303, F1, i)}
51.85	{(g9301->g9303, F1, i)}
51.85	{(I16072, F1, i)}
51.85	{(g9303->I16072, F1, i)}
51.85	{(g9324, F1, i)}
51.85	{(I16072->g9324, F1, i)}
51.85	{(I16084, F1, i)}
51.85	{(g9324->I16084, F1, i)}
51.85	{(g9336, F1, i)}
51.85	{(I16084->g9336, F1, i)}
51.85	{(I16090, F1, i)}
51.85	{(g9336->I16090, F1, i)}
51.85	{(g9340, F1, i)}
51.85	{(I16090->g9340, F1, i)}
48.75	{(g9226, F1, i)}
48.75	{(g9226->g9239, F1, i)}
48.15	{(g9363, F1, i)}
47.5	{(g9205, F1, i)}
47.5	{(g9220, F1, i)}
47.5	{(g9205->g9220, F1, i)}
47.5	{(g9220->g9226, F1, i)}
47.5	{(g9203, F1, i)}
47.5	{(g9202, F1, i)}
47.5	{(g9179, F1, i)}
47.5	{(g9190, F1, i)}
47.5	{(g9191, F1, i)}
45.57	{(I15882, F1, i)}
45.57	{(I15882->g9202, F1, i)}
43.75	{(I15889, F1, i)}
43.75	{(I15889->g9203, F1, i)}
43.75	{(I15856, F1, i)}
43.75	{(I15856->g9191, F1, i)}
43.04	{(I15899, F1, i)}
43.04	{(I15899->g9205, F1, i)}
43.04	{(g9191->I15889, F1, i)}
43.04	{(I15849, F1, i)}
43.04	{(I15849->g9190, F1, i)}
43.04	{(I15857, F1, i)}
43.04	{(I15857->g9191, F1, i)}
41.98	{(g9359, F1, i)}
41.98	{(g9359->g9363, F1, i)}
41.98	{(g9340->g9359, F1, i)}
41.77	{(I15850, F1, i)}
41.77	{(I15850->g9190, F1, i)}
41.25	{(I15898, F1, i)}
41.25	{(I15898->g9205, F1, i)}
40.0	{(I15888, F1, i)}
40.0	{(I15888->g9203, F1, i)}
40.0	{(I15881, F1, i)}
40.0	{(I15881->g9202, F1, i)}
40.0	{(I15818, F1, i)}
40.0	{(I15818->g9179, F1, i)}
39.74	{(I15817, F1, i)}
39.24	{(I15819, F1, i)}
39.24	{(I15819->g9179, F1, i)}
37.97	{(g9203->I15899, F1, i)}
37.97	{(g5403->g9226, F1, i)}
37.18	{(g9179->I15882, F1, i)}
36.25	{(g9202->I15898, F1, i)}
35.9	{(I15848, F1, i)}
35.06	{(I15855, F1, i)}
32.05	{(g9148->I15817, F1, i)}
32.05	{(I15817->I15818, F1, i)}
31.17	{(g9151->I15817, F1, i)}
31.17	{(I15817->I15819, F1, i)}
31.17	{(g9154->I15848, F1, i)}
31.17	{(I15848->I15849, F1, i)}
31.17	{(g9165->I15855, F1, i)}
31.17	{(I15855->I15856, F1, i)}
30.26	{(g9168->I15855, F1, i)}
30.26	{(I15855->I15857, F1, i)}
29.87	{(g9162->I15848, F1, i)}
29.87	{(I15848->I15850, F1, i)}
28.38	{(g9387, F1, i)}
28.38	{(I16180, F1, i)}
28.38	{(g9387->I16180, F1, i)}
28.38	{(g9388, F1, i)}
28.38	{(I16180->g9388, F1, i)}
28.38	{(I16183, F1, i)}
28.38	{(g9388->I16183, F1, i)}
28.38	{(g9389, F1, i)}
28.38	{(I16183->g9389, F1, i)}
28.38	{(g9389->tmp_wire_24, F1, i)}
21.62	{(g9384, F1, i)}
21.62	{(g9384->g9387, F1, i)}
19.74	{(I15880, F1, i)}
19.48	{(g9162->I15849, F1, i)}
19.23	{(g9168->I15856, F1, i)}
17.57	{(I16161, F1, i)}
17.57	{(g9363->I16161, F1, i)}
17.57	{(g9379, F1, i)}
17.57	{(I16161->g9379, F1, i)}
17.57	{(g9380, F1, i)}
17.57	{(g9379->g9380, F1, i)}
17.57	{(g9383, F1, i)}
17.57	{(g9380->g9383, F1, i)}
17.57	{(g9383->g9384, F1, i)}
17.57	{(g6245, F1, i)}
17.57	{(g5690->g6245, F1, i)}
17.57	{(g6245->g9384, F1, i)}
