26.25	{(g9239, F1, i)}
26.25	{(I15990, F1, i)}
26.25	{(g9239->I15990, F1, i)}
26.25	{(g9260, F1, i)}
26.25	{(I15990->g9260, F1, i)}
26.25	{(g9301, F1, i)}
26.25	{(g9260->g9301, F1, i)}
26.25	{(g9303, F1, i)}
26.25	{(g9301->g9303, F1, i)}
26.25	{(I16072, F1, i)}
26.25	{(g9303->I16072, F1, i)}
26.25	{(g9324, F1, i)}
26.25	{(I16072->g9324, F1, i)}
26.25	{(I16084, F1, i)}
26.25	{(g9324->I16084, F1, i)}
26.25	{(g9336, F1, i)}
26.25	{(I16084->g9336, F1, i)}
26.25	{(I16090, F1, i)}
26.25	{(g9336->I16090, F1, i)}
26.25	{(g9340, F1, i)}
26.25	{(I16090->g9340, F1, i)}
26.25	{(g9363, F1, i)}
25.97	{(g6695, F1, i)}
25.97	{(g6701, F1, i)}
25.97	{(g6709, F1, i)}
25.97	{(g6722, F1, i)}
25.97	{(g7065, F1, i)}
25.97	{(g7082, F1, i)}
25.97	{(g7257, F1, i)}
25.97	{(I13640, F1, i)}
25.97	{(I13640->g7480, F1, i)}
25.97	{(g7480, F1, i)}
25.0	{(I15882, F1, i)}
25.0	{(I15882->g9202, F1, i)}
25.0	{(g9191, F1, i)}
25.0	{(I15850, F1, i)}
25.0	{(I15850->g9190, F1, i)}
25.0	{(g9205, F1, i)}
25.0	{(g9220, F1, i)}
25.0	{(g9205->g9220, F1, i)}
25.0	{(g9220->g9226, F1, i)}
25.0	{(g9226, F1, i)}
25.0	{(g9226->g9239, F1, i)}
25.0	{(I15818, F1, i)}
25.0	{(I15818->g9179, F1, i)}
24.68	{(I14019, F1, i)}
24.68	{(g7480->I14019, F1, i)}
24.68	{(g7714, F1, i)}
24.68	{(I14019->g7714, F1, i)}
24.68	{(I14070, F1, i)}
24.68	{(g7714->I14070, F1, i)}
24.68	{(g7733, F1, i)}
24.68	{(I14070->g7733, F1, i)}
24.68	{(g7733->tmp_wire_302, F1, i)}
24.68	{(tmp_wire_302, F1, i)}
24.05	{(I15857, F1, i)}
24.05	{(I15857->g9191, F1, i)}
23.75	{(I15889, F1, i)}
23.75	{(I15889->g9203, F1, i)}
23.75	{(g9359, F1, i)}
23.75	{(g9359->g9363, F1, i)}
23.75	{(g9340->g9359, F1, i)}
23.38	{(I12016, F1, i)}
23.38	{(I12016->g6695, F1, i)}
23.38	{(I12032, F1, i)}
23.38	{(I12032->g6701, F1, i)}
23.38	{(I12079, F1, i)}
23.38	{(I12079->g6722, F1, i)}
23.38	{(I13213, F1, i)}
23.38	{(g7257->I13638, F1, i)}
23.38	{(I13638, F1, i)}
23.38	{(I13638->I13640, F1, i)}
23.38	{(I12031, F1, i)}
22.78	{(g9191->I15889, F1, i)}
22.5	{(g9179->I15882, F1, i)}
22.5	{(I15856, F1, i)}
22.5	{(I15856->g9191, F1, i)}
22.5	{(I15898, F1, i)}
22.5	{(I15898->g9205, F1, i)}
22.5	{(I15899, F1, i)}
22.5	{(I15899->g9205, F1, i)}
22.5	{(I15817->I15818, F1, i)}
22.08	{(I12015, F1, i)}
22.08	{(I12053, F1, i)}
22.08	{(I12053->g6709, F1, i)}
22.08	{(I12852, F1, i)}
21.25	{(g9203->I15899, F1, i)}
21.25	{(g9202->I15898, F1, i)}
20.78	{(I12031->I12032, F1, i)}
20.78	{(I12051, F1, i)}
20.78	{(g5897->I12031, F1, i)}
20.78	{(I12832, F1, i)}
19.48	{(g5847->I12015, F1, i)}
19.48	{(I12015->I12016, F1, i)}
19.48	{(I12834, F1, i)}
19.48	{(I12834->g7065, F1, i)}
19.48	{(I13215, F1, i)}
19.48	{(I13215->g7257, F1, i)}
19.48	{(I12078, F1, i)}
18.99	{(I15848->I15850, F1, i)}
18.75	{(I15855, F1, i)}
18.18	{(I12853, F1, i)}
18.18	{(I12853->g7082, F1, i)}
18.18	{(I13214, F1, i)}
18.18	{(I13214->g7257, F1, i)}
17.72	{(I15855->I15857, F1, i)}
17.72	{(g9168->I15855, F1, i)}
16.88	{(g5956->I12051, F1, i)}
16.88	{(I12051->I12053, F1, i)}
16.88	{(I12078->I12079, F1, i)}
16.88	{(I12080, F1, i)}
16.88	{(I12080->g6722, F1, i)}
16.88	{(I12833, F1, i)}
16.88	{(I12833->g7065, F1, i)}
16.88	{(I12854, F1, i)}
16.88	{(I12854->g7082, F1, i)}
16.88	{(g7065->I13213, F1, i)}
16.88	{(I13213->I13215, F1, i)}
16.88	{(g5971->I12078, F1, i)}
16.25	{(g9165->I15855, F1, i)}
15.58	{(I12017, F1, i)}
15.58	{(I12017->g6695, F1, i)}
15.58	{(I12052, F1, i)}
15.58	{(I12052->g6709, F1, i)}
15.58	{(g5939->I12053, F1, i)}
15.58	{(g5988->I12079, F1, i)}
15.58	{(g7082->I13213, F1, i)}
15.58	{(I13213->I13214, F1, i)}
14.29	{(g5874->I12016, F1, i)}
14.29	{(I12033, F1, i)}
14.29	{(I12033->g6701, F1, i)}
14.29	{(g5918->I12032, F1, i)}
14.29	{(g6709->I12834, F1, i)}
14.29	{(I12832->I12834, F1, i)}
14.29	{(g6695->I12852, F1, i)}
14.29	{(I12852->I12853, F1, i)}
14.29	{(g6722->I12832, F1, i)}
12.99	{(g6701->I12852, F1, i)}
12.99	{(g6701->I12853, F1, i)}
12.99	{(I12852->I12854, F1, i)}
11.69	{(g5874->I12015, F1, i)}
11.69	{(I12015->I12017, F1, i)}
11.69	{(I12031->I12033, F1, i)}
11.69	{(I12832->I12833, F1, i)}
11.69	{(g6722->I12833, F1, i)}
11.69	{(g6695->I12854, F1, i)}
11.69	{(g7069->I13640, F1, i)}
11.69	{(g5918->I12031, F1, i)}
11.69	{(g6709->I12832, F1, i)}
9.09	{(g9165->I15857, F1, i)}
9.09	{(g9151->I15818, F1, i)}
100.0	{(I5989, F1, i)}
100.0	{(g1460->I5989, F1, i)}
100.0	{(g2246, F1, i)}
100.0	{(I5989->g2246, F1, i)}
