100.0	{(g6952, F1, i)}
100.0	{(g7150, F1, i)}
100.0	{(g6952->g7150, F1, i)}
100.0	{(g7344, F1, i)}
100.0	{(g7150->g7344, F1, i)}
100.0	{(g7721, F1, i)}
100.0	{(g7344->g7721, F1, i)}
100.0	{(g8198, F1, i)}
100.0	{(g7721->g8198, F1, i)}
100.0	{(I14709, F1, i)}
100.0	{(g8198->I14709, F1, i)}
100.0	{(g8631, F1, i)}
100.0	{(I14709->g8631, F1, i)}
100.0	{(I15160, F1, i)}
100.0	{(g8631->I15160, F1, i)}
100.0	{(g8856, F1, i)}
100.0	{(I15160->g8856, F1, i)}
100.0	{(I15340, F1, i)}
100.0	{(g8856->I15340, F1, i)}
100.0	{(g8918, F1, i)}
100.0	{(I15340->g8918, F1, i)}
100.0	{(I15484, F1, i)}
100.0	{(g8918->I15484, F1, i)}
100.0	{(g9020, F1, i)}
100.0	{(I15484->g9020, F1, i)}
100.0	{(I15527, F1, i)}
100.0	{(g9020->I15527, F1, i)}
100.0	{(g9039, F1, i)}
100.0	{(I15527->g9039, F1, i)}
53.06	{(g9239, F1, i)}
53.06	{(I15990, F1, i)}
53.06	{(g9239->I15990, F1, i)}
53.06	{(g9260, F1, i)}
53.06	{(I15990->g9260, F1, i)}
53.06	{(g9301, F1, i)}
53.06	{(g9260->g9301, F1, i)}
53.06	{(g9303, F1, i)}
53.06	{(g9301->g9303, F1, i)}
53.06	{(I16072, F1, i)}
53.06	{(g9303->I16072, F1, i)}
53.06	{(g9324, F1, i)}
53.06	{(I16072->g9324, F1, i)}
53.06	{(I16084, F1, i)}
53.06	{(g9324->I16084, F1, i)}
53.06	{(g9336, F1, i)}
53.06	{(I16084->g9336, F1, i)}
53.06	{(I16090, F1, i)}
53.06	{(g9336->I16090, F1, i)}
53.06	{(g9340, F1, i)}
53.06	{(I16090->g9340, F1, i)}
46.94	{(g9363, F1, i)}
46.81	{(g9226, F1, i)}
46.81	{(g9226->g9239, F1, i)}
46.81	{(g9205, F1, i)}
46.81	{(g9220, F1, i)}
46.81	{(g9205->g9220, F1, i)}
46.81	{(g9220->g9226, F1, i)}
46.81	{(g9179, F1, i)}
46.81	{(g9190, F1, i)}
46.81	{(g9203, F1, i)}
46.81	{(g9191, F1, i)}
46.81	{(g9192, F1, i)}
46.81	{(g9202, F1, i)}
44.68	{(I15882, F1, i)}
44.68	{(I15882->g9202, F1, i)}
43.48	{(I15817, F1, i)}
43.48	{(I15850, F1, i)}
43.48	{(I15850->g9190, F1, i)}
42.55	{(I15899, F1, i)}
42.55	{(I15899->g9205, F1, i)}
42.55	{(I15857, F1, i)}
42.55	{(I15857->g9191, F1, i)}
42.55	{(I15863, F1, i)}
42.55	{(I15863->g9192, F1, i)}
41.3	{(I15898, F1, i)}
41.3	{(I15898->g9205, F1, i)}
38.78	{(g9359, F1, i)}
38.78	{(g9359->g9363, F1, i)}
38.78	{(g9340->g9359, F1, i)}
15.91	{(g9340->g9349, F1, i)}
