65.91	{(g9363, F1, i)}
65.91	{(g9239, F1, i)}
65.91	{(I15990, F1, i)}
65.91	{(g9239->I15990, F1, i)}
65.91	{(g9260, F1, i)}
65.91	{(I15990->g9260, F1, i)}
65.91	{(g9301, F1, i)}
65.91	{(g9260->g9301, F1, i)}
65.91	{(g9303, F1, i)}
65.91	{(g9301->g9303, F1, i)}
65.91	{(I16072, F1, i)}
65.91	{(g9303->I16072, F1, i)}
65.91	{(g9324, F1, i)}
65.91	{(I16072->g9324, F1, i)}
65.91	{(I16084, F1, i)}
65.91	{(g9324->I16084, F1, i)}
65.91	{(g9336, F1, i)}
65.91	{(I16084->g9336, F1, i)}
65.91	{(I16090, F1, i)}
65.91	{(g9336->I16090, F1, i)}
65.91	{(g9340, F1, i)}
65.91	{(I16090->g9340, F1, i)}
59.09	{(g9226, F1, i)}
59.09	{(g9226->g9239, F1, i)}
54.55	{(g9203, F1, i)}
54.55	{(g9205, F1, i)}
54.55	{(g9220, F1, i)}
54.55	{(g9205->g9220, F1, i)}
54.55	{(g9220->g9226, F1, i)}
54.55	{(g9179, F1, i)}
54.55	{(g9202, F1, i)}
54.55	{(g9190, F1, i)}
54.55	{(g9191, F1, i)}
54.55	{(I15856, F1, i)}
54.55	{(I15856->g9191, F1, i)}
54.55	{(g9192, F1, i)}
52.27	{(I15889, F1, i)}
52.27	{(I15889->g9203, F1, i)}
52.27	{(g9359, F1, i)}
52.27	{(g9359->g9363, F1, i)}
52.27	{(g9340->g9359, F1, i)}
52.27	{(I15899, F1, i)}
52.27	{(I15899->g9205, F1, i)}
52.27	{(g5403->g9226, F1, i)}
52.27	{(I15819, F1, i)}
52.27	{(I15819->g9179, F1, i)}
52.27	{(I15881, F1, i)}
52.27	{(I15881->g9202, F1, i)}
52.27	{(I15863, F1, i)}
52.27	{(I15863->g9192, F1, i)}
50.0	{(I15898, F1, i)}
50.0	{(I15898->g9205, F1, i)}
50.0	{(I15848, F1, i)}
50.0	{(I15864, F1, i)}
50.0	{(I15864->g9192, F1, i)}
45.45	{(I15888, F1, i)}
45.45	{(I15888->g9203, F1, i)}
45.45	{(I15817, F1, i)}
43.18	{(g9151->I15817, F1, i)}
43.18	{(I15817->I15819, F1, i)}
22.73	{(g5606, F1, i)}
22.73	{(g4748->g5606, F1, i)}
22.73	{(I10969, F1, i)}
22.73	{(g5606->I10969, F1, i)}
22.73	{(g6210, F1, i)}
22.73	{(I10969->g6210, F1, i)}
22.73	{(g6210->g9363, F1, i)}
