100.0	{(I8504, F1, i)}
100.0	{(I8504->g4474, F1, i)}
100.0	{(g4474, F1, i)}
100.0	{(g4474->g6998, F1, i)}
100.0	{(g6998, F1, i)}
100.0	{(g7146, F1, i)}
100.0	{(g6998->g7146, F1, i)}
100.0	{(I13441, F1, i)}
100.0	{(g7146->I13441, F1, i)}
100.0	{(g7341, F1, i)}
100.0	{(I13441->g7341, F1, i)}
100.0	{(I13713, F1, i)}
100.0	{(g7341->I13713, F1, i)}
100.0	{(g7511, F1, i)}
100.0	{(I13713->g7511, F1, i)}
100.0	{(g7511->tmp_wire_610, F1, i)}
100.0	{(tmp_wire_610, F1, i)}
100.0	{(g2038, F1, i)}
100.0	{(g809->g2038, F1, i)}
71.43	{(g2986, F1, i)}
