27.73	{(g6571, F1, i)}
27.73	{(I12609, F1, i)}
27.73	{(g6571->I12609, F1, i)}
27.73	{(g6918, F1, i)}
27.73	{(I12609->g6918, F1, i)}
27.73	{(I12906, F1, i)}
27.73	{(g6918->I12906, F1, i)}
27.73	{(g7106, F1, i)}
27.73	{(I12906->g7106, F1, i)}
27.73	{(g7106->tmp_wire_249, F1, i)}
27.73	{(tmp_wire_249, F1, i)}
27.73	{(g1758, F1, i)}
27.73	{(g1084->g1758, F1, i)}
27.73	{(g5549, F1, i)}
27.73	{(g6118, F1, i)}
27.73	{(g5549->g6118, F1, i)}
24.37	{(g5708, F1, i)}
24.37	{(I10773, F1, i)}
24.37	{(g5708->I10773, F1, i)}
24.37	{(g6136, F1, i)}
24.37	{(I10773->g6136, F1, i)}
24.37	{(I11740, F1, i)}
24.37	{(g6136->I11740, F1, i)}
24.37	{(g6566, F1, i)}
24.37	{(I11740->g6566, F1, i)}
24.37	{(I12439, F1, i)}
24.37	{(g6566->I12439, F1, i)}
24.37	{(g6856, F1, i)}
24.37	{(I12439->g6856, F1, i)}
24.37	{(g6856->tmp_wire_268, F1, i)}
24.37	{(tmp_wire_268, F1, i)}
24.37	{(I11759, F1, i)}
24.37	{(I11759->g6571, F1, i)}
24.37	{(g2935, F1, i)}
24.37	{(g2935->g5549, F1, i)}
21.85	{(g2889, F1, i)}
21.85	{(g2889->g5708, F1, i)}
21.01	{(I11758, F1, i)}
21.01	{(I11758->g6571, F1, i)}
20.17	{(g4699, F1, i)}
20.17	{(g4699->g5708, F1, i)}
20.17	{(I11757, F1, i)}
20.17	{(g4712, F1, i)}
20.17	{(g4712->g5549, F1, i)}
16.81	{(I11757->I11759, F1, i)}
16.81	{(g1758->I11757, F1, i)}
14.29	{(g6118->I11759, F1, i)}
14.29	{(g1077->g2935, F1, i)}
13.45	{(g4276->g4699, F1, i)}
13.45	{(I11757->I11758, F1, i)}
13.45	{(g6118->I11757, F1, i)}
12.61	{(g1612->g2935, F1, i)}
10.92	{(g1077->g2889, F1, i)}
10.92	{(g1758->I11758, F1, i)}
10.08	{(g1612->g2889, F1, i)}
