100.0	{(g734->g6447, F1, i)}
100.0	{(g6964, F1, i)}
100.0	{(I13035, F1, i)}
100.0	{(g6964->I13035, F1, i)}
100.0	{(g7151, F1, i)}
100.0	{(I13035->g7151, F1, i)}
100.0	{(I13524, F1, i)}
100.0	{(g7151->I13524, F1, i)}
100.0	{(g7413, F1, i)}
100.0	{(I13524->g7413, F1, i)}
100.0	{(I13962, F1, i)}
100.0	{(g7413->I13962, F1, i)}
100.0	{(g7633, F1, i)}
100.0	{(I13962->g7633, F1, i)}
100.0	{(I14136, F1, i)}
100.0	{(g7633->I14136, F1, i)}
100.0	{(g7755, F1, i)}
100.0	{(I14136->g7755, F1, i)}
100.0	{(g7755->tmp_wire_584, F1, i)}
100.0	{(g6447, F1, i)}
100.0	{(g6447->g6964, F1, i)}
