60.0	{(g6287, F1, i)}
60.0	{(I11796, F1, i)}
60.0	{(g6287->I11796, F1, i)}
60.0	{(g6594, F1, i)}
60.0	{(I11796->g6594, F1, i)}
60.0	{(I12532, F1, i)}
60.0	{(g6594->I12532, F1, i)}
60.0	{(g6887, F1, i)}
60.0	{(I12532->g6887, F1, i)}
60.0	{(g6887->tmp_wire_143, F1, i)}
60.0	{(I7878, F1, i)}
60.0	{(g2829->I7878, F1, i)}
60.0	{(g4085, F1, i)}
60.0	{(I7878->g4085, F1, i)}
60.0	{(g4904, F1, i)}
60.0	{(g4085->g4904, F1, i)}
60.0	{(g5474, F1, i)}
60.0	{(g4904->g5474, F1, i)}
56.36	{(I11186, F1, i)}
56.36	{(I11186->g6287, F1, i)}
54.1	{(g1785, F1, i)}
54.1	{(g615->g1785, F1, i)}
54.1	{(g2829, F1, i)}
54.1	{(g1785->g2829, F1, i)}
52.73	{(I11184, F1, i)}
49.09	{(I11184->I11186, F1, i)}
49.09	{(g5474->I11184, F1, i)}
40.0	{(I11185, F1, i)}
40.0	{(I11185->g6287, F1, i)}
32.73	{(g3029->I11184, F1, i)}
27.27	{(g3029->I11186, F1, i)}
