83.33	{(g6728, F1, i)}
83.33	{(g6728->g7036, F1, i)}
83.33	{(g6168, F1, i)}
83.33	{(g6168->g6728, F1, i)}
83.33	{(g7036, F1, i)}
83.33	{(I13250, F1, i)}
83.33	{(g7036->I13250, F1, i)}
83.33	{(g7270, F1, i)}
83.33	{(I13250->g7270, F1, i)}
83.33	{(I13373, F1, i)}
83.33	{(g7270->I13373, F1, i)}
83.33	{(g7315, F1, i)}
83.33	{(I13373->g7315, F1, i)}
83.33	{(I13752, F1, i)}
83.33	{(g7315->I13752, F1, i)}
83.33	{(g7524, F1, i)}
83.33	{(I13752->g7524, F1, i)}
83.33	{(g7524->tmp_wire_276, F1, i)}
83.33	{(tmp_wire_276, F1, i)}
66.67	{(g1138->g6168, F1, i)}
