80.0	{(g5748, F1, i)}
80.0	{(I11880, F1, i)}
80.0	{(g5748->I11880, F1, i)}
80.0	{(g6628, F1, i)}
80.0	{(I11880->g6628, F1, i)}
80.0	{(I12529, F1, i)}
80.0	{(g6628->I12529, F1, i)}
80.0	{(g6886, F1, i)}
80.0	{(I12529->g6886, F1, i)}
80.0	{(g6886->tmp_wire_150, F1, i)}
80.0	{(I7867, F1, i)}
80.0	{(g2818->I7867, F1, i)}
80.0	{(g4080, F1, i)}
80.0	{(I7867->g4080, F1, i)}
80.0	{(g4899, F1, i)}
80.0	{(g4080->g4899, F1, i)}
80.0	{(g5470, F1, i)}
80.0	{(g4899->g5470, F1, i)}
75.0	{(I10305, F1, i)}
65.0	{(I10307, F1, i)}
65.0	{(I10307->g5748, F1, i)}
60.0	{(I10305->I10307, F1, i)}
60.0	{(g5470->I10305, F1, i)}
57.14	{(g1792, F1, i)}
57.14	{(g616->g1792, F1, i)}
57.14	{(g2818, F1, i)}
57.14	{(g1792->g2818, F1, i)}
55.0	{(I10306, F1, i)}
55.0	{(I10306->g5748, F1, i)}
