30.3	{(g7069, F1, i)}
30.3	{(g6695, F1, i)}
30.3	{(g6701, F1, i)}
30.3	{(g6709, F1, i)}
30.3	{(g6722, F1, i)}
30.3	{(g7082, F1, i)}
30.3	{(g7257, F1, i)}
28.79	{(I12852, F1, i)}
27.27	{(I12015, F1, i)}
27.27	{(I12079, F1, i)}
27.27	{(I12079->g6722, F1, i)}
27.27	{(I13215, F1, i)}
27.27	{(I13215->g7257, F1, i)}
27.27	{(g9239, F1, i)}
27.27	{(I15990, F1, i)}
27.27	{(g9239->I15990, F1, i)}
27.27	{(g9260, F1, i)}
27.27	{(I15990->g9260, F1, i)}
27.27	{(g9301, F1, i)}
27.27	{(g9260->g9301, F1, i)}
27.27	{(g9303, F1, i)}
27.27	{(g9301->g9303, F1, i)}
27.27	{(I16072, F1, i)}
27.27	{(g9303->I16072, F1, i)}
27.27	{(g9324, F1, i)}
27.27	{(I16072->g9324, F1, i)}
26.15	{(g9226, F1, i)}
26.15	{(g9226->g9239, F1, i)}
25.81	{(I14019, F1, i)}
25.81	{(g7480->I14019, F1, i)}
25.81	{(g7714, F1, i)}
25.81	{(I14019->g7714, F1, i)}
25.81	{(I14070, F1, i)}
25.81	{(g7714->I14070, F1, i)}
25.81	{(g7733, F1, i)}
25.81	{(I14070->g7733, F1, i)}
25.81	{(g7733->tmp_wire_302, F1, i)}
25.81	{(tmp_wire_302, F1, i)}
25.76	{(g9363, F1, i)}
22.73	{(g9340->g9359, F1, i)}
22.73	{(g9359, F1, i)}
22.73	{(g9359->g9363, F1, i)}
21.54	{(g9203, F1, i)}
21.54	{(I15889, F1, i)}
21.54	{(I15889->g9203, F1, i)}
21.54	{(g9191->I15889, F1, i)}
21.54	{(g9191, F1, i)}
21.54	{(I15857, F1, i)}
21.54	{(I15857->g9191, F1, i)}
21.54	{(g5403->g9226, F1, i)}
21.54	{(g9205, F1, i)}
21.54	{(g9220, F1, i)}
21.54	{(g9205->g9220, F1, i)}
21.54	{(g9220->g9226, F1, i)}
20.0	{(I15899, F1, i)}
20.0	{(I15899->g9205, F1, i)}
18.46	{(I15898, F1, i)}
18.46	{(I15898->g9205, F1, i)}
17.19	{(g9203->I15899, F1, i)}
16.92	{(I15855->I15857, F1, i)}
11.29	{(g5606, F1, i)}
11.29	{(g4748->g5606, F1, i)}
11.29	{(I10969, F1, i)}
11.29	{(g5606->I10969, F1, i)}
11.29	{(g6210, F1, i)}
11.29	{(I10969->g6210, F1, i)}
11.29	{(g6210->g9363, F1, i)}
11.11	{(g9165->I15857, F1, i)}
11.11	{(g7653, F1, i)}
11.11	{(g7653->g9239, F1, i)}
