100.0	{(I10796, F1, i)}
100.0	{(g5397->I10796, F1, i)}
100.0	{(g6143, F1, i)}
100.0	{(I10796->g6143, F1, i)}
100.0	{(I11245, F1, i)}
100.0	{(g6143->I11245, F1, i)}
100.0	{(g6306, F1, i)}
100.0	{(I11245->g6306, F1, i)}
100.0	{(g6306->tmp_wire_28, F1, i)}
100.0	{(tmp_wire_28, F1, i)}
100.0	{(g6165, F1, i)}
100.0	{(I11858, F1, i)}
100.0	{(g6165->I11858, F1, i)}
100.0	{(g6622, F1, i)}
100.0	{(I11858->g6622, F1, i)}
100.0	{(I12520, F1, i)}
100.0	{(g6622->I12520, F1, i)}
100.0	{(g6883, F1, i)}
100.0	{(I12520->g6883, F1, i)}
100.0	{(g6883->tmp_wire_145, F1, i)}
100.0	{(tmp_wire_145, F1, i)}
100.0	{(I7967, F1, i)}
100.0	{(g2787->I7967, F1, i)}
100.0	{(g4120, F1, i)}
100.0	{(I7967->g4120, F1, i)}
100.0	{(g4929, F1, i)}
100.0	{(g4120->g4929, F1, i)}
100.0	{(g5521, F1, i)}
100.0	{(g4929->g5521, F1, i)}
100.0	{(g1807, F1, i)}
100.0	{(g619->g1807, F1, i)}
100.0	{(g2787, F1, i)}
100.0	{(g1807->g2787, F1, i)}
