50.1	{(g3019, F1, i)}
50.1	{(g2007->g3019, F1, i)}
45.14	{(g2007, F1, i)}
45.14	{(g1223->g2007, F1, i)}
100.0	{(I6371, F1, i)}
100.0	{(g33->I6371, F1, i)}
100.0	{(g2547, F1, i)}
100.0	{(I6371->g2547, F1, i)}
100.0	{(I7115, F1, i)}
100.0	{(g2547->I7115, F1, i)}
100.0	{(g3641, F1, i)}
100.0	{(I7115->g3641, F1, i)}
100.0	{(I8483, F1, i)}
100.0	{(g3641->I8483, F1, i)}
100.0	{(g4463, F1, i)}
100.0	{(I8483->g4463, F1, i)}
100.0	{(I9531, F1, i)}
100.0	{(g4463->I9531, F1, i)}
100.0	{(g5129, F1, i)}
100.0	{(I9531->g5129, F1, i)}
