100.0	{(I6371, F1, i)}
100.0	{(g33->I6371, F1, i)}
100.0	{(g2547, F1, i)}
100.0	{(I6371->g2547, F1, i)}
100.0	{(I7115, F1, i)}
100.0	{(g2547->I7115, F1, i)}
100.0	{(g3641, F1, i)}
100.0	{(I7115->g3641, F1, i)}
100.0	{(I8483, F1, i)}
100.0	{(g3641->I8483, F1, i)}
100.0	{(g4463, F1, i)}
100.0	{(I8483->g4463, F1, i)}
100.0	{(I9531, F1, i)}
100.0	{(g4463->I9531, F1, i)}
100.0	{(g5129, F1, i)}
100.0	{(I9531->g5129, F1, i)}
66.67	{(I7428, F1, i)}
66.67	{(I7428->I7430, F1, i)}
66.67	{(I7430, F1, i)}
66.67	{(I7430->g3887, F1, i)}
66.67	{(g3887, F1, i)}
66.67	{(g3887->g4793, F1, i)}
66.67	{(g6132, F1, i)}
66.67	{(g6132->g7183, F1, i)}
66.67	{(g4793, F1, i)}
66.67	{(g4793->g6132, F1, i)}
66.67	{(g7183, F1, i)}
66.67	{(g7183->g7436, F1, i)}
66.67	{(g7436, F1, i)}
66.67	{(I14009, F1, i)}
66.67	{(g7436->I14009, F1, i)}
66.67	{(g7710, F1, i)}
66.67	{(I14009->g7710, F1, i)}
66.67	{(I14205, F1, i)}
66.67	{(g7710->I14205, F1, i)}
66.67	{(g7778, F1, i)}
66.67	{(I14205->g7778, F1, i)}
66.67	{(g7778->tmp_wire_201, F1, i)}
66.67	{(g3222->I7428, F1, i)}
