100.0	{(I14019, F1, i)}
100.0	{(g7480->I14019, F1, i)}
100.0	{(g7714, F1, i)}
100.0	{(I14019->g7714, F1, i)}
100.0	{(I14070, F1, i)}
100.0	{(g7714->I14070, F1, i)}
100.0	{(g7733, F1, i)}
100.0	{(I14070->g7733, F1, i)}
100.0	{(g7733->tmp_wire_302, F1, i)}
100.0	{(tmp_wire_302, F1, i)}
100.0	{(g6695, F1, i)}
100.0	{(g6701, F1, i)}
100.0	{(g6709, F1, i)}
100.0	{(g6722, F1, i)}
100.0	{(g7065, F1, i)}
100.0	{(g7082, F1, i)}
100.0	{(g7257, F1, i)}
100.0	{(I13638, F1, i)}
100.0	{(g7480, F1, i)}
88.24	{(g9191, F1, i)}
88.24	{(I15856, F1, i)}
88.24	{(I15856->g9191, F1, i)}
88.24	{(g9226, F1, i)}
88.24	{(g9226->g9239, F1, i)}
88.24	{(g9205, F1, i)}
88.24	{(g9220, F1, i)}
88.24	{(g9205->g9220, F1, i)}
88.24	{(g9220->g9226, F1, i)}
88.24	{(g9239, F1, i)}
88.24	{(I15990, F1, i)}
88.24	{(g9239->I15990, F1, i)}
88.24	{(g9260, F1, i)}
88.24	{(I15990->g9260, F1, i)}
88.24	{(g9301, F1, i)}
88.24	{(g9260->g9301, F1, i)}
88.24	{(g9303, F1, i)}
88.24	{(g9301->g9303, F1, i)}
88.24	{(I16072, F1, i)}
88.24	{(g9303->I16072, F1, i)}
88.24	{(g9324, F1, i)}
88.24	{(I16072->g9324, F1, i)}
88.24	{(I15818, F1, i)}
88.24	{(I15818->g9179, F1, i)}
