71.43	{(g6124, F1, i)}
71.43	{(g6124->g7181, F1, i)}
71.43	{(g7181, F1, i)}
71.43	{(I13565, F1, i)}
71.43	{(g7181->I13565, F1, i)}
71.43	{(g7434, F1, i)}
71.43	{(I13565->g7434, F1, i)}
71.43	{(I14005, F1, i)}
71.43	{(g7434->I14005, F1, i)}
71.43	{(g7708, F1, i)}
71.43	{(I14005->g7708, F1, i)}
71.43	{(I14202, F1, i)}
71.43	{(g7708->I14202, F1, i)}
71.43	{(g7777, F1, i)}
71.43	{(I14202->g7777, F1, i)}
71.43	{(g7777->tmp_wire_200, F1, i)}
71.43	{(tmp_wire_200, F1, i)}
57.14	{(g5432, F1, i)}
57.14	{(g5432->g6124, F1, i)}
100.0	{(tmp_wire_74, F1, i)}
100.0	{(g7530->tmp_wire_74, F1, i)}
100.0	{(g6158->I11843, F1, i)}
100.0	{(I11843, F1, i)}
100.0	{(I11843->g6615, F1, i)}
100.0	{(g6615, F1, i)}
100.0	{(g6615->g7008, F1, i)}
100.0	{(g3716->g6158, F1, i)}
100.0	{(g6158, F1, i)}
