29.13	{(I16084, F1, i)}
29.13	{(g9324->I16084, F1, i)}
29.13	{(g9336, F1, i)}
29.13	{(I16084->g9336, F1, i)}
29.13	{(I16090, F1, i)}
29.13	{(g9336->I16090, F1, i)}
29.13	{(g9340, F1, i)}
29.13	{(I16090->g9340, F1, i)}
28.85	{(g9239, F1, i)}
28.85	{(I15990, F1, i)}
28.85	{(g9239->I15990, F1, i)}
28.85	{(g9260, F1, i)}
28.85	{(I15990->g9260, F1, i)}
28.85	{(g9301, F1, i)}
28.85	{(g9260->g9301, F1, i)}
28.85	{(g9303, F1, i)}
28.85	{(g9301->g9303, F1, i)}
28.85	{(I16072, F1, i)}
28.85	{(g9303->I16072, F1, i)}
28.85	{(g9324, F1, i)}
28.85	{(I16072->g9324, F1, i)}
28.16	{(g9363, F1, i)}
26.21	{(g9226, F1, i)}
26.21	{(g9226->g9239, F1, i)}
25.49	{(g9203, F1, i)}
25.49	{(g9191, F1, i)}
25.49	{(g9205, F1, i)}
25.49	{(g9220, F1, i)}
25.49	{(g9205->g9220, F1, i)}
25.49	{(g9220->g9226, F1, i)}
24.27	{(g9359, F1, i)}
24.27	{(g9359->g9363, F1, i)}
24.27	{(g9340->g9359, F1, i)}
23.47	{(I14019, F1, i)}
23.47	{(g7480->I14019, F1, i)}
23.47	{(g7714, F1, i)}
23.47	{(I14019->g7714, F1, i)}
23.47	{(I14070, F1, i)}
23.47	{(g7714->I14070, F1, i)}
23.47	{(g7733, F1, i)}
23.47	{(I14070->g7733, F1, i)}
23.47	{(g7733->tmp_wire_302, F1, i)}
23.47	{(tmp_wire_302, F1, i)}
22.77	{(I15889, F1, i)}
22.77	{(I15889->g9203, F1, i)}
22.77	{(I15855, F1, i)}
22.55	{(I15899, F1, i)}
22.55	{(I15899->g9205, F1, i)}
22.0	{(g9191->I15889, F1, i)}
21.78	{(I15857, F1, i)}
21.78	{(I15857->g9191, F1, i)}
21.57	{(I15856, F1, i)}
21.57	{(I15856->g9191, F1, i)}
20.79	{(I15898, F1, i)}
20.79	{(I15898->g9205, F1, i)}
19.0	{(I15855->I15857, F1, i)}
19.0	{(g9168->I15855, F1, i)}
18.81	{(g9165->I15855, F1, i)}
18.63	{(I15888, F1, i)}
18.63	{(I15888->g9203, F1, i)}
18.63	{(g5403->g9226, F1, i)}
17.65	{(g9203->I15899, F1, i)}
12.24	{(g6709->I12834, F1, i)}
11.88	{(g7653, F1, i)}
11.88	{(g7653->g9239, F1, i)}
9.18	{(g6722->I12833, F1, i)}
