26.74	{(I14019, F1, i)}
26.74	{(g7480->I14019, F1, i)}
26.74	{(g7714, F1, i)}
26.74	{(I14019->g7714, F1, i)}
26.74	{(I14070, F1, i)}
26.74	{(g7714->I14070, F1, i)}
26.74	{(g7733, F1, i)}
26.74	{(I14070->g7733, F1, i)}
26.74	{(g7733->tmp_wire_302, F1, i)}
26.74	{(tmp_wire_302, F1, i)}
26.09	{(g6695, F1, i)}
26.09	{(g6701, F1, i)}
26.09	{(g6709, F1, i)}
26.09	{(g6722, F1, i)}
26.09	{(g7065, F1, i)}
26.09	{(g7082, F1, i)}
26.09	{(g7257, F1, i)}
26.09	{(I13640, F1, i)}
26.09	{(I13640->g7480, F1, i)}
26.09	{(g7480, F1, i)}
25.56	{(g7257->I13638, F1, i)}
25.56	{(I13638, F1, i)}
25.56	{(I13638->I13640, F1, i)}
24.72	{(g9239, F1, i)}
24.72	{(I15990, F1, i)}
24.72	{(g9239->I15990, F1, i)}
24.72	{(g9260, F1, i)}
24.72	{(I15990->g9260, F1, i)}
24.72	{(g9301, F1, i)}
24.72	{(g9260->g9301, F1, i)}
24.72	{(g9303, F1, i)}
24.72	{(g9301->g9303, F1, i)}
24.72	{(I16072, F1, i)}
24.72	{(g9303->I16072, F1, i)}
24.72	{(g9324, F1, i)}
24.72	{(I16072->g9324, F1, i)}
24.72	{(I16084, F1, i)}
24.72	{(g9324->I16084, F1, i)}
24.72	{(g9336, F1, i)}
24.72	{(I16084->g9336, F1, i)}
24.72	{(I16090, F1, i)}
24.72	{(g9336->I16090, F1, i)}
24.72	{(g9340, F1, i)}
24.72	{(I16090->g9340, F1, i)}
23.91	{(I12053, F1, i)}
23.91	{(I12053->g6709, F1, i)}
23.91	{(I12079, F1, i)}
23.91	{(I12079->g6722, F1, i)}
23.91	{(I13214, F1, i)}
23.91	{(I13214->g7257, F1, i)}
23.86	{(g9202, F1, i)}
23.86	{(g9192, F1, i)}
23.86	{(g9191, F1, i)}
23.86	{(g9190, F1, i)}
23.86	{(g9205, F1, i)}
23.86	{(g9220, F1, i)}
23.86	{(g9205->g9220, F1, i)}
23.86	{(g9220->g9226, F1, i)}
23.86	{(g9226, F1, i)}
23.86	{(g9226->g9239, F1, i)}
22.99	{(I15882, F1, i)}
22.99	{(I15882->g9202, F1, i)}
22.99	{(I15856, F1, i)}
22.99	{(I15856->g9191, F1, i)}
22.83	{(I12015, F1, i)}
22.73	{(I15889, F1, i)}
22.73	{(I15889->g9203, F1, i)}
22.47	{(g9363, F1, i)}
22.22	{(I12032, F1, i)}
22.22	{(I12032->g6701, F1, i)}
21.84	{(I15863, F1, i)}
21.84	{(I15863->g9192, F1, i)}
21.74	{(I12854, F1, i)}
21.74	{(I12854->g7082, F1, i)}
21.59	{(I15864, F1, i)}
21.59	{(I15864->g9192, F1, i)}
21.59	{(I15849, F1, i)}
21.59	{(I15849->g9190, F1, i)}
21.59	{(I15898, F1, i)}
21.59	{(I15898->g9205, F1, i)}
21.35	{(I12016, F1, i)}
21.35	{(I12016->g6695, F1, i)}
21.35	{(g9359, F1, i)}
21.35	{(g9359->g9363, F1, i)}
21.35	{(g9340->g9359, F1, i)}
21.11	{(I12051, F1, i)}
21.11	{(I12853, F1, i)}
21.11	{(I12853->g7082, F1, i)}
20.69	{(I15899, F1, i)}
20.69	{(I15899->g9205, F1, i)}
20.45	{(I15881, F1, i)}
20.45	{(I15881->g9202, F1, i)}
20.45	{(g9202->I15898, F1, i)}
19.78	{(I12031, F1, i)}
19.78	{(I12834, F1, i)}
19.78	{(I12834->g7065, F1, i)}
19.54	{(g9191->I15889, F1, i)}
19.54	{(g9203->I15899, F1, i)}
19.32	{(I15857, F1, i)}
19.32	{(I15857->g9191, F1, i)}
19.32	{(I15818, F1, i)}
19.32	{(I15818->g9179, F1, i)}
19.1	{(I12832, F1, i)}
17.24	{(I15850, F1, i)}
17.24	{(I15850->g9190, F1, i)}
17.05	{(I15819, F1, i)}
17.05	{(I15819->g9179, F1, i)}
16.09	{(I15848->I15849, F1, i)}
15.12	{(I15817->I15818, F1, i)}
14.94	{(g9179->I15882, F1, i)}
14.94	{(g9168->I15856, F1, i)}
12.79	{(g9387, F1, i)}
12.79	{(I16180, F1, i)}
12.79	{(g9387->I16180, F1, i)}
12.79	{(g9388, F1, i)}
12.79	{(I16180->g9388, F1, i)}
12.79	{(I16183, F1, i)}
12.79	{(g9388->I16183, F1, i)}
12.79	{(g9389, F1, i)}
12.79	{(I16183->g9389, F1, i)}
12.79	{(g9389->tmp_wire_24, F1, i)}
12.79	{(tmp_wire_24, F1, i)}
11.63	{(g9190->I15880, F1, i)}
