60.87	{(g6284, F1, i)}
60.87	{(I11781, F1, i)}
60.87	{(g6284->I11781, F1, i)}
60.87	{(g6587, F1, i)}
60.87	{(I11781->g6587, F1, i)}
60.87	{(I12493, F1, i)}
60.87	{(g6587->I12493, F1, i)}
60.87	{(g6874, F1, i)}
60.87	{(I12493->g6874, F1, i)}
60.87	{(g6874->tmp_wire_129, F1, i)}
60.87	{(I7864, F1, i)}
60.87	{(g3812->I7864, F1, i)}
60.87	{(g4079, F1, i)}
60.87	{(I7864->g4079, F1, i)}
60.87	{(g4898, F1, i)}
60.87	{(g4079->g4898, F1, i)}
60.87	{(g5469, F1, i)}
60.87	{(g4898->g5469, F1, i)}
58.7	{(I11163, F1, i)}
56.0	{(g1750, F1, i)}
56.0	{(g602->g1750, F1, i)}
56.0	{(g3812, F1, i)}
56.0	{(g1750->g3812, F1, i)}
50.0	{(I11165, F1, i)}
50.0	{(I11165->g6284, F1, i)}
47.83	{(I11163->I11165, F1, i)}
47.83	{(g5469->I11163, F1, i)}
41.3	{(I11164, F1, i)}
41.3	{(I11164->g6284, F1, i)}
39.13	{(I11163->I11164, F1, i)}
39.13	{(g3029->I11163, F1, i)}
21.74	{(g3029->I11165, F1, i)}
13.04	{(g5469->I11164, F1, i)}
