100.0	{(I14019, F1, i)}
100.0	{(g7480->I14019, F1, i)}
100.0	{(g7714, F1, i)}
100.0	{(I14019->g7714, F1, i)}
100.0	{(I14070, F1, i)}
100.0	{(g7714->I14070, F1, i)}
100.0	{(g7733, F1, i)}
100.0	{(I14070->g7733, F1, i)}
100.0	{(g7733->tmp_wire_302, F1, i)}
100.0	{(tmp_wire_302, F1, i)}
90.91	{(I15881, F1, i)}
90.91	{(I15881->g9202, F1, i)}
90.91	{(I15899, F1, i)}
90.91	{(I15899->g9205, F1, i)}
90.91	{(g9205, F1, i)}
90.91	{(g9220, F1, i)}
90.91	{(g9205->g9220, F1, i)}
90.91	{(g9220->g9226, F1, i)}
90.91	{(g9226, F1, i)}
90.91	{(g9226->g9239, F1, i)}
90.91	{(g9239, F1, i)}
90.91	{(I15990, F1, i)}
90.91	{(g9239->I15990, F1, i)}
90.91	{(g9260, F1, i)}
90.91	{(I15990->g9260, F1, i)}
90.91	{(g9301, F1, i)}
90.91	{(g9260->g9301, F1, i)}
90.91	{(g9303, F1, i)}
90.91	{(g9301->g9303, F1, i)}
90.91	{(I16072, F1, i)}
90.91	{(g9303->I16072, F1, i)}
90.91	{(g9324, F1, i)}
90.91	{(I16072->g9324, F1, i)}
86.36	{(g9190->I15881, F1, i)}
86.36	{(g9363, F1, i)}
81.82	{(g9340->g9359, F1, i)}
81.82	{(g9359, F1, i)}
81.82	{(g9359->g9363, F1, i)}
