2.27	{(I7428, F1, i)}
2.27	{(g3222->I7428, F1, i)}
2.27	{(I7428->I7430, F1, i)}
2.27	{(I7430, F1, i)}
2.27	{(I7430->g3887, F1, i)}
2.27	{(g3887, F1, i)}
2.27	{(g3887->g4793, F1, i)}
2.27	{(g6132, F1, i)}
2.27	{(g6132->g7183, F1, i)}
2.27	{(g4793, F1, i)}
2.27	{(g4793->g6132, F1, i)}
2.27	{(g7183, F1, i)}
2.27	{(g7183->g7436, F1, i)}
2.27	{(g7436, F1, i)}
2.27	{(I14009, F1, i)}
2.27	{(g7436->I14009, F1, i)}
2.27	{(g7710, F1, i)}
2.27	{(I14009->g7710, F1, i)}
2.27	{(I14205, F1, i)}
2.27	{(g7710->I14205, F1, i)}
2.27	{(g7778, F1, i)}
2.27	{(I14205->g7778, F1, i)}
2.27	{(g7778->tmp_wire_201, F1, i)}
