73.68	{(g3679, F1, i)}
73.68	{(g4357, F1, i)}
73.68	{(g3679->g4357, F1, i)}
73.68	{(I9081, F1, i)}
73.68	{(g4357->I9081, F1, i)}
73.68	{(g4776, F1, i)}
73.68	{(I9081->g4776, F1, i)}
73.68	{(I9612, F1, i)}
73.68	{(g4776->I9612, F1, i)}
73.68	{(g5162, F1, i)}
73.68	{(I9612->g5162, F1, i)}
73.68	{(g5162->tmp_wire_605, F1, i)}
73.68	{(tmp_wire_605, F1, i)}
73.68	{(g2351, F1, i)}
73.68	{(g792->g2351, F1, i)}
63.16	{(I7180, F1, i)}
63.16	{(I7180->g3679, F1, i)}
52.63	{(I7181, F1, i)}
52.63	{(I7181->g3679, F1, i)}
52.63	{(g2351->I7180, F1, i)}
