100.0	{(I13527, F1, i)}
100.0	{(g7217->I13527, F1, i)}
100.0	{(g7414, F1, i)}
100.0	{(I13527->g7414, F1, i)}
100.0	{(I13758, F1, i)}
100.0	{(g7414->I13758, F1, i)}
100.0	{(g7526, F1, i)}
100.0	{(I13758->g7526, F1, i)}
100.0	{(g7526->tmp_wire_263, F1, i)}
100.0	{(tmp_wire_263, F1, i)}
100.0	{(g8155, F1, i)}
100.0	{(I14732, F1, i)}
100.0	{(g8155->I14732, F1, i)}
100.0	{(g8642, F1, i)}
100.0	{(I14732->g8642, F1, i)}
100.0	{(I14816, F1, i)}
100.0	{(g8642->I14816, F1, i)}
100.0	{(g8674, F1, i)}
100.0	{(I14816->g8674, F1, i)}
100.0	{(g8674->tmp_wire_261, F1, i)}
100.0	{(tmp_wire_261, F1, i)}
