50.85	{(g6571, F1, i)}
50.85	{(I12609, F1, i)}
50.85	{(g6571->I12609, F1, i)}
50.85	{(g6918, F1, i)}
50.85	{(I12609->g6918, F1, i)}
50.85	{(I12906, F1, i)}
50.85	{(g6918->I12906, F1, i)}
50.85	{(g7106, F1, i)}
50.85	{(I12906->g7106, F1, i)}
50.85	{(g7106->tmp_wire_249, F1, i)}
50.85	{(g1758, F1, i)}
50.85	{(g1084->g1758, F1, i)}
50.85	{(g5549, F1, i)}
50.85	{(g6118, F1, i)}
50.85	{(g5549->g6118, F1, i)}
44.07	{(I11759, F1, i)}
44.07	{(I11759->g6571, F1, i)}
40.68	{(g4712, F1, i)}
40.68	{(g4712->g5549, F1, i)}
38.98	{(I11758, F1, i)}
38.98	{(I11758->g6571, F1, i)}
35.59	{(g2935, F1, i)}
35.59	{(g2935->g5549, F1, i)}
35.59	{(I11757, F1, i)}
28.81	{(I11757->I11759, F1, i)}
28.81	{(g1758->I11757, F1, i)}
27.12	{(g6118->I11759, F1, i)}
23.73	{(I11757->I11758, F1, i)}
23.73	{(g6118->I11757, F1, i)}
22.03	{(g1758->I11758, F1, i)}
