25.45	{(g6571, F1, i)}
25.45	{(I12609, F1, i)}
25.45	{(g6571->I12609, F1, i)}
25.45	{(g6918, F1, i)}
25.45	{(I12609->g6918, F1, i)}
25.45	{(I12906, F1, i)}
25.45	{(g6918->I12906, F1, i)}
25.45	{(g7106, F1, i)}
25.45	{(I12906->g7106, F1, i)}
25.45	{(g7106->tmp_wire_249, F1, i)}
25.45	{(tmp_wire_249, F1, i)}
25.45	{(g5549, F1, i)}
25.45	{(g6118, F1, i)}
25.45	{(g5549->g6118, F1, i)}
25.45	{(g1758, F1, i)}
25.45	{(g1084->g1758, F1, i)}
23.64	{(I11759, F1, i)}
23.64	{(I11759->g6571, F1, i)}
23.64	{(g2935, F1, i)}
23.64	{(g2935->g5549, F1, i)}
20.0	{(I11757, F1, i)}
20.0	{(g5708, F1, i)}
20.0	{(I10773, F1, i)}
20.0	{(g5708->I10773, F1, i)}
20.0	{(g6136, F1, i)}
20.0	{(I10773->g6136, F1, i)}
20.0	{(I11740, F1, i)}
20.0	{(g6136->I11740, F1, i)}
20.0	{(g6566, F1, i)}
20.0	{(I11740->g6566, F1, i)}
20.0	{(I12439, F1, i)}
20.0	{(g6566->I12439, F1, i)}
20.0	{(g6856, F1, i)}
20.0	{(I12439->g6856, F1, i)}
20.0	{(g6856->tmp_wire_268, F1, i)}
20.0	{(tmp_wire_268, F1, i)}
20.0	{(g4712, F1, i)}
20.0	{(g4712->g5549, F1, i)}
18.18	{(g1758->I11757, F1, i)}
18.18	{(I11757->I11759, F1, i)}
18.18	{(g4699, F1, i)}
18.18	{(g4699->g5708, F1, i)}
18.18	{(g2889, F1, i)}
18.18	{(g2889->g5708, F1, i)}
16.36	{(I11758, F1, i)}
16.36	{(I11758->g6571, F1, i)}
14.55	{(g6118->I11759, F1, i)}
14.55	{(g1077->g2935, F1, i)}
10.91	{(g6118->I11757, F1, i)}
10.91	{(I11757->I11758, F1, i)}
10.91	{(g1612->g2935, F1, i)}
7.27	{(g1077->g2889, F1, i)}
