56.9	{(g6284, F1, i)}
56.9	{(I11781, F1, i)}
56.9	{(g6284->I11781, F1, i)}
56.9	{(g6587, F1, i)}
56.9	{(I11781->g6587, F1, i)}
56.9	{(I12493, F1, i)}
56.9	{(g6587->I12493, F1, i)}
56.9	{(g6874, F1, i)}
56.9	{(I12493->g6874, F1, i)}
56.9	{(g6874->tmp_wire_129, F1, i)}
56.9	{(I7864, F1, i)}
56.9	{(g3812->I7864, F1, i)}
56.9	{(g4079, F1, i)}
56.9	{(I7864->g4079, F1, i)}
56.9	{(g4898, F1, i)}
56.9	{(g4079->g4898, F1, i)}
56.9	{(g5469, F1, i)}
56.9	{(g4898->g5469, F1, i)}
55.17	{(I11163, F1, i)}
53.23	{(g1750, F1, i)}
53.23	{(g602->g1750, F1, i)}
53.23	{(g3812, F1, i)}
53.23	{(g1750->g3812, F1, i)}
46.55	{(I11165, F1, i)}
46.55	{(I11165->g6284, F1, i)}
44.83	{(I11163->I11165, F1, i)}
44.83	{(g5469->I11163, F1, i)}
34.48	{(I11163->I11164, F1, i)}
34.48	{(g3029->I11163, F1, i)}
22.41	{(g3029->I11165, F1, i)}
12.07	{(g5469->I11164, F1, i)}
