57.14	{(I5507, F1, i)}
57.14	{(I5507->g1678, F1, i)}
57.14	{(g1678, F1, i)}
57.14	{(g1678->g4785, F1, i)}
57.14	{(g6121, F1, i)}
57.14	{(g6121->g7179, F1, i)}
57.14	{(g4785, F1, i)}
57.14	{(g4785->g6121, F1, i)}
57.14	{(g7179, F1, i)}
57.14	{(I13562, F1, i)}
57.14	{(g7179->I13562, F1, i)}
57.14	{(g7433, F1, i)}
57.14	{(I13562->g7433, F1, i)}
57.14	{(I14001, F1, i)}
57.14	{(g7433->I14001, F1, i)}
57.14	{(g7704, F1, i)}
57.14	{(I14001->g7704, F1, i)}
57.14	{(I14199, F1, i)}
57.14	{(g7704->I14199, F1, i)}
57.14	{(g7776, F1, i)}
57.14	{(I14199->g7776, F1, i)}
57.14	{(g7776->tmp_wire_199, F1, i)}
42.86	{(I5505, F1, i)}
42.86	{(I5505->I5507, F1, i)}
42.86	{(g1532->I5505, F1, i)}
100.0	{(I13537, F1, i)}
100.0	{(g7152->I13537, F1, i)}
100.0	{(g7420, F1, i)}
100.0	{(I13537->g7420, F1, i)}
100.0	{(I13707, F1, i)}
100.0	{(g7420->I13707, F1, i)}
100.0	{(g7509, F1, i)}
100.0	{(I13707->g7509, F1, i)}
100.0	{(g7509->tmp_wire_303, F1, i)}
