100.0	{(I13084, F1, i)}
100.0	{(g7071->I13084, F1, i)}
100.0	{(g7176, F1, i)}
100.0	{(I13084->g7176, F1, i)}
100.0	{(I13326, F1, i)}
100.0	{(g7176->I13326, F1, i)}
100.0	{(I13326->g7298, F1, i)}
23.44	{(g4057, F1, i)}
23.44	{(I7832->g4057, F0, i)}
23.44	{(I7832, F0, i)}
23.44	{(g2768->I7832, F1, i)}
23.44	{(g2768, F1, i)}
23.44	{(g4057->g7136, F1, i)}
23.44	{(g7363, F1, i)}
23.44	{(g6903->g7363, F1, i)}
23.44	{(g7136->g7363, F1, i)}
23.44	{(g6903, F1, i)}
23.44	{(I12582->g6903, F0, i)}
23.44	{(g7136, F1, i)}
23.44	{(I12582, F0, i)}
23.44	{(g6745->I12582, F1, i)}
23.44	{(g7363->g7537, F1, i)}
16.95	{(g973->g2768, F1, i)}
10.0	{(g1597->g2768, F1, i)}
