32.46	{(g3310, F1, i)}
26.6	{(g2557->g3310, F1, i)}
26.44	{(g4676, F1, i)}
26.44	{(I9974, F1, i)}
26.44	{(g4676->I9974, F1, i)}
26.44	{(g5551, F1, i)}
26.44	{(I9974->g5551, F1, i)}
26.44	{(I10262, F1, i)}
26.44	{(g5551->I10262, F1, i)}
26.44	{(g5735, F1, i)}
26.44	{(I10262->g5735, F1, i)}
26.44	{(g5735->tmp_wire_633, F1, i)}
26.44	{(tmp_wire_633, F1, i)}
25.29	{(g4349, F1, i)}
25.29	{(I9209, F1, i)}
25.29	{(g4349->I9209, F1, i)}
25.29	{(g4867, F1, i)}
25.29	{(I9209->g4867, F1, i)}
25.29	{(I9630, F1, i)}
25.29	{(g4867->I9630, F1, i)}
25.29	{(g5168, F1, i)}
25.29	{(I9630->g5168, F1, i)}
25.29	{(g5168->tmp_wire_632, F1, i)}
25.29	{(tmp_wire_632, F1, i)}
23.56	{(g3885, F1, i)}
23.56	{(g3885->g4676, F1, i)}
18.39	{(g3310->g3885, F1, i)}
17.82	{(g3094, F1, i)}
17.82	{(g3094->g4676, F1, i)}
17.24	{(g3310->g4349, F1, i)}
