80.0	{(I16084, F1, i)}
80.0	{(g9324->I16084, F1, i)}
80.0	{(g9336, F1, i)}
80.0	{(I16084->g9336, F1, i)}
80.0	{(I16090, F1, i)}
80.0	{(g9336->I16090, F1, i)}
80.0	{(g9340, F1, i)}
80.0	{(I16090->g9340, F1, i)}
78.43	{(g9239, F1, i)}
78.43	{(I15990, F1, i)}
78.43	{(g9239->I15990, F1, i)}
78.43	{(g9260, F1, i)}
78.43	{(I15990->g9260, F1, i)}
78.43	{(g9301, F1, i)}
78.43	{(g9260->g9301, F1, i)}
78.43	{(g9303, F1, i)}
78.43	{(g9301->g9303, F1, i)}
78.43	{(I16072, F1, i)}
78.43	{(g9303->I16072, F1, i)}
78.43	{(g9324, F1, i)}
78.43	{(I16072->g9324, F1, i)}
78.0	{(g9363, F1, i)}
76.47	{(g9226, F1, i)}
76.47	{(g9226->g9239, F1, i)}
76.0	{(g9205, F1, i)}
76.0	{(g9220, F1, i)}
76.0	{(g9205->g9220, F1, i)}
76.0	{(g9220->g9226, F1, i)}
76.0	{(g9203, F1, i)}
76.0	{(g9179, F1, i)}
76.0	{(g9190, F1, i)}
76.0	{(g9191, F1, i)}
71.43	{(I15857, F1, i)}
71.43	{(I15857->g9191, F1, i)}
70.0	{(I15889, F1, i)}
70.0	{(I15889->g9203, F1, i)}
70.0	{(I15849, F1, i)}
70.0	{(I15849->g9190, F1, i)}
70.0	{(I15856, F1, i)}
70.0	{(I15856->g9191, F1, i)}
69.39	{(g9191->I15889, F1, i)}
68.0	{(I15899, F1, i)}
68.0	{(I15899->g9205, F1, i)}
68.0	{(I15818, F1, i)}
68.0	{(I15818->g9179, F1, i)}
66.0	{(g9359, F1, i)}
66.0	{(g9359->g9363, F1, i)}
66.0	{(g9340->g9359, F1, i)}
66.0	{(I15898, F1, i)}
66.0	{(I15898->g9205, F1, i)}
66.0	{(I15888, F1, i)}
66.0	{(I15888->g9203, F1, i)}
63.27	{(I15819, F1, i)}
63.27	{(I15819->g9179, F1, i)}
63.27	{(I15850, F1, i)}
63.27	{(I15850->g9190, F1, i)}
62.0	{(g9203->I15899, F1, i)}
58.82	{(g5403->g9226, F1, i)}
53.06	{(I15817->I15818, F1, i)}
50.0	{(I15848->I15849, F1, i)}
100.0	{(I10810, F1, i)}
100.0	{(g5403->I10810, F1, i)}
100.0	{(g6149, F1, i)}
100.0	{(I10810->g6149, F1, i)}
100.0	{(I11248, F1, i)}
100.0	{(g6149->I11248, F1, i)}
100.0	{(g6307, F1, i)}
100.0	{(I11248->g6307, F1, i)}
100.0	{(g6307->tmp_wire_27, F1, i)}
