100.0	{(g6577, F1, i)}
100.0	{(I12757, F1, i)}
100.0	{(g6577->I12757, F1, i)}
100.0	{(g7013, F1, i)}
100.0	{(I12757->g7013, F1, i)}
100.0	{(I12918, F1, i)}
100.0	{(g7013->I12918, F1, i)}
100.0	{(g7110, F1, i)}
100.0	{(I12918->g7110, F1, i)}
100.0	{(g7110->tmp_wire_43, F1, i)}
100.0	{(g6275, F1, i)}
100.0	{(I11806, F1, i)}
100.0	{(g6275->I11806, F1, i)}
100.0	{(g6598, F1, i)}
100.0	{(I11806->g6598, F1, i)}
100.0	{(I12511, F1, i)}
100.0	{(g6598->I12511, F1, i)}
100.0	{(g6880, F1, i)}
100.0	{(I12511->g6880, F1, i)}
100.0	{(g6880->tmp_wire_147, F1, i)}
100.0	{(g1773, F1, i)}
100.0	{(g610->g1773, F1, i)}
100.0	{(g3557, F1, i)}
100.0	{(g1773->g3557, F1, i)}
100.0	{(I7970, F1, i)}
100.0	{(g3557->I7970, F1, i)}
100.0	{(g4121, F1, i)}
100.0	{(I7970->g4121, F1, i)}
100.0	{(g4930, F1, i)}
100.0	{(g4121->g4930, F1, i)}
100.0	{(g5522, F1, i)}
100.0	{(g4930->g5522, F1, i)}
