32.53	{(g3310, F1, i)}
26.92	{(tmp_wire_633, F1, i)}
26.92	{(g4676, F1, i)}
26.92	{(I9974, F1, i)}
26.92	{(g4676->I9974, F1, i)}
26.92	{(g5551, F1, i)}
26.92	{(I9974->g5551, F1, i)}
26.92	{(I10262, F1, i)}
26.92	{(g5551->I10262, F1, i)}
26.92	{(g5735, F1, i)}
26.92	{(I10262->g5735, F1, i)}
26.92	{(g5735->tmp_wire_633, F1, i)}
24.36	{(g3885, F1, i)}
24.36	{(g3885->g4676, F1, i)}
24.36	{(g4349, F1, i)}
24.36	{(I9209, F1, i)}
24.36	{(g4349->I9209, F1, i)}
24.36	{(g4867, F1, i)}
24.36	{(I9209->g4867, F1, i)}
24.36	{(I9630, F1, i)}
24.36	{(g4867->I9630, F1, i)}
24.36	{(g5168, F1, i)}
24.36	{(I9630->g5168, F1, i)}
24.36	{(g5168->tmp_wire_632, F1, i)}
24.36	{(tmp_wire_632, F1, i)}
20.51	{(g3466->g3885, F1, i)}
17.95	{(g3310->g3885, F1, i)}
17.95	{(g2496, F1, i)}
17.95	{(g942->g2496, F1, i)}
17.95	{(g2496->g4349, F1, i)}
16.67	{(g3310->g4349, F1, i)}
11.54	{(g3094, F1, i)}
11.54	{(g3094->g4676, F1, i)}
