71.21	{(I5466, F1, i)}
71.21	{(g926->I5466, F1, i)}
71.21	{(g1590, F1, i)}
71.21	{(I5466->g1590, F1, i)}
84.0	{(g9203, F1, i)}
84.0	{(g9202, F1, i)}
84.0	{(g9191, F1, i)}
84.0	{(g9179, F1, i)}
84.0	{(g9363, F1, i)}
84.0	{(g9205, F1, i)}
84.0	{(g9220, F1, i)}
84.0	{(g9205->g9220, F1, i)}
84.0	{(g9220->g9226, F1, i)}
84.0	{(g9226, F1, i)}
84.0	{(g9226->g9239, F1, i)}
84.0	{(I15818, F1, i)}
84.0	{(I15818->g9179, F1, i)}
80.0	{(I15889, F1, i)}
80.0	{(I15889->g9203, F1, i)}
80.0	{(I15882, F1, i)}
80.0	{(I15882->g9202, F1, i)}
79.17	{(g9191->I15889, F1, i)}
76.0	{(I15856, F1, i)}
76.0	{(I15856->g9191, F1, i)}
76.0	{(g9359, F1, i)}
76.0	{(g9359->g9363, F1, i)}
76.0	{(g9340->g9359, F1, i)}
100.0	{(g883->I6209, F0, i)}
