33.73	{(g7069, F1, i)}
33.73	{(g6695, F1, i)}
33.73	{(g6701, F1, i)}
33.73	{(g6709, F1, i)}
33.73	{(g6722, F1, i)}
33.73	{(g7065, F1, i)}
33.73	{(g7082, F1, i)}
33.73	{(g7257, F1, i)}
33.73	{(g7480, F1, i)}
31.71	{(I13640, F1, i)}
31.71	{(I13640->g7480, F1, i)}
31.33	{(I12080, F1, i)}
31.33	{(I12080->g6722, F1, i)}
31.17	{(I14019, F1, i)}
31.17	{(g7480->I14019, F1, i)}
31.17	{(g7714, F1, i)}
31.17	{(I14019->g7714, F1, i)}
31.17	{(I14070, F1, i)}
31.17	{(g7714->I14070, F1, i)}
31.17	{(g7733, F1, i)}
31.17	{(I14070->g7733, F1, i)}
31.17	{(g7733->tmp_wire_302, F1, i)}
31.17	{(tmp_wire_302, F1, i)}
30.86	{(I13638, F1, i)}
28.92	{(I12017, F1, i)}
28.92	{(I12017->g6695, F1, i)}
28.92	{(I12033, F1, i)}
28.92	{(I12033->g6701, F1, i)}
28.92	{(I13213, F1, i)}
28.75	{(g7257->I13638, F1, i)}
28.75	{(I13638->I13640, F1, i)}
28.4	{(g9239, F1, i)}
28.4	{(I15990, F1, i)}
28.4	{(g9239->I15990, F1, i)}
28.4	{(g9260, F1, i)}
28.4	{(I15990->g9260, F1, i)}
28.4	{(g9301, F1, i)}
28.4	{(g9260->g9301, F1, i)}
28.4	{(g9303, F1, i)}
28.4	{(g9301->g9303, F1, i)}
28.4	{(I16072, F1, i)}
28.4	{(g9303->I16072, F1, i)}
28.4	{(g9324, F1, i)}
28.4	{(I16072->g9324, F1, i)}
28.4	{(I16084, F1, i)}
28.4	{(g9324->I16084, F1, i)}
28.4	{(g9336, F1, i)}
28.4	{(I16084->g9336, F1, i)}
28.4	{(I16090, F1, i)}
28.4	{(g9336->I16090, F1, i)}
28.4	{(g9340, F1, i)}
28.4	{(I16090->g9340, F1, i)}
28.05	{(I12032, F1, i)}
28.05	{(I12032->g6701, F1, i)}
28.05	{(I12053, F1, i)}
28.05	{(I12053->g6709, F1, i)}
28.05	{(I12834, F1, i)}
28.05	{(I12834->g7065, F1, i)}
27.71	{(I13215, F1, i)}
27.71	{(I13215->g7257, F1, i)}
27.16	{(I12078, F1, i)}
26.83	{(I12015, F1, i)}
25.64	{(I12016, F1, i)}
25.64	{(I12016->g6695, F1, i)}
25.61	{(I12051, F1, i)}
25.0	{(g6680, F1, i)}
25.0	{(g6680->g7069, F1, i)}
25.0	{(g9226, F1, i)}
25.0	{(g9226->g9239, F1, i)}
24.69	{(g5988->I12078, F1, i)}
24.69	{(I12079, F1, i)}
24.69	{(I12079->g6722, F1, i)}
24.69	{(I12078->I12080, F1, i)}
24.39	{(I12031, F1, i)}
24.39	{(I12854, F1, i)}
24.39	{(I12854->g7082, F1, i)}
24.1	{(I12852, F1, i)}
23.75	{(g9203, F1, i)}
23.75	{(g9202, F1, i)}
23.75	{(g9192, F1, i)}
23.75	{(g9191, F1, i)}
23.75	{(g9205, F1, i)}
23.75	{(g9220, F1, i)}
23.75	{(g9205->g9220, F1, i)}
23.75	{(g9220->g9226, F1, i)}
23.75	{(g9190, F1, i)}
23.75	{(g9179, F1, i)}
23.46	{(I12052, F1, i)}
23.46	{(I12052->g6709, F1, i)}
23.46	{(I12832, F1, i)}
23.46	{(I12833, F1, i)}
23.46	{(I12833->g7065, F1, i)}
23.17	{(g6695->I12854, F1, i)}
22.89	{(g7065->I13213, F1, i)}
22.89	{(I13213->I13215, F1, i)}
22.78	{(I15857, F1, i)}
22.78	{(I15857->g9191, F1, i)}
22.78	{(I15899, F1, i)}
22.78	{(I15899->g9205, F1, i)}
22.5	{(I15881, F1, i)}
22.5	{(I15881->g9202, F1, i)}
22.5	{(I15864, F1, i)}
22.5	{(I15864->g9192, F1, i)}
22.5	{(I13214, F1, i)}
22.5	{(I13214->g7257, F1, i)}
22.22	{(g6709->I12834, F1, i)}
21.95	{(g5874->I12015, F1, i)}
21.95	{(I12015->I12017, F1, i)}
21.95	{(I13639, F1, i)}
21.95	{(I13639->g7480, F1, i)}
21.79	{(g5403->g6680, F1, i)}
21.79	{(I12853, F1, i)}
21.79	{(I12853->g7082, F1, i)}
20.25	{(I15888, F1, i)}
20.25	{(I15888->g9203, F1, i)}
20.25	{(I15882, F1, i)}
20.25	{(I15882->g9202, F1, i)}
19.23	{(I15856, F1, i)}
19.23	{(I15856->g9191, F1, i)}
19.23	{(g5403->g9226, F1, i)}
18.99	{(g9203->I15899, F1, i)}
18.99	{(I15898, F1, i)}
18.99	{(I15898->g9205, F1, i)}
18.99	{(I15850, F1, i)}
18.99	{(I15850->g9190, F1, i)}
18.75	{(I15889, F1, i)}
18.75	{(I15889->g9203, F1, i)}
18.75	{(I15819, F1, i)}
18.75	{(I15819->g9179, F1, i)}
18.18	{(g9192->I15888, F1, i)}
18.18	{(g5847->I12015, F1, i)}
18.18	{(I12015->I12016, F1, i)}
18.18	{(g9387, F1, i)}
18.18	{(I16180, F1, i)}
18.18	{(g9387->I16180, F1, i)}
18.18	{(g9388, F1, i)}
18.18	{(I16180->g9388, F1, i)}
18.18	{(I16183, F1, i)}
18.18	{(g9388->I16183, F1, i)}
18.18	{(g9389, F1, i)}
18.18	{(I16183->g9389, F1, i)}
18.18	{(g9389->tmp_wire_24, F1, i)}
18.18	{(tmp_wire_24, F1, i)}
17.95	{(I15863, F1, i)}
17.95	{(I15863->g9192, F1, i)}
17.5	{(g9171->I15864, F1, i)}
16.67	{(g9191->I15889, F1, i)}
16.46	{(I15880, F1, i)}
16.46	{(I15818, F1, i)}
16.46	{(I15818->g9179, F1, i)}
16.25	{(I15855, F1, i)}
15.58	{(g9384, F1, i)}
15.58	{(g9384->g9387, F1, i)}
15.38	{(I15848->I15850, F1, i)}
15.19	{(I15880->I15881, F1, i)}
15.19	{(g9179->I15880, F1, i)}
15.19	{(I15855->I15857, F1, i)}
15.19	{(g9168->I15855, F1, i)}
13.92	{(I15849, F1, i)}
13.92	{(I15849->g9190, F1, i)}
13.92	{(g9154->I15850, F1, i)}
13.92	{(g9148->I15819, F1, i)}
