80.0	{(I9477, F1, i)}
80.0	{(I9477->g5095, F1, i)}
80.0	{(g6979, F1, i)}
80.0	{(g6979->g7318, F1, i)}
80.0	{(g1942->I9477, F1, i)}
80.0	{(g5095, F1, i)}
80.0	{(g5095->g6979, F1, i)}
80.0	{(g7318, F1, i)}
80.0	{(I13825, F1, i)}
80.0	{(g7318->I13825, F1, i)}
80.0	{(g7547, F1, i)}
80.0	{(I13825->g7547, F1, i)}
80.0	{(I14157, F1, i)}
80.0	{(g7547->I14157, F1, i)}
80.0	{(g7762, F1, i)}
80.0	{(I14157->g7762, F1, i)}
80.0	{(g7762->tmp_wire_618, F1, i)}
80.0	{(tmp_wire_618, F1, i)}
80.0	{(g1942, F1, i)}
80.0	{(g828->g1942, F1, i)}
