91.86	{(g9264, F1, i)}
91.86	{(I15811, F1, i)}
91.86	{(g9151->I15811, F1, i)}
91.86	{(g9177, F1, i)}
91.86	{(I15811->g9177, F1, i)}
91.86	{(g9181, F1, i)}
91.86	{(g9177->g9181, F1, i)}
91.86	{(g9193, F1, i)}
91.86	{(g9181->g9193, F1, i)}
91.86	{(I15912, F1, i)}
91.86	{(g9193->I15912, F1, i)}
91.86	{(g9212, F1, i)}
91.86	{(I15912->g9212, F1, i)}
91.86	{(I15937, F1, i)}
91.86	{(g9212->I15937, F1, i)}
91.86	{(g9221, F1, i)}
91.86	{(I15937->g9221, F1, i)}
91.86	{(I15947, F1, i)}
91.86	{(g9221->I15947, F1, i)}
91.86	{(g9227, F1, i)}
91.86	{(I15947->g9227, F1, i)}
83.72	{(g9227->g9247, F1, i)}
83.72	{(g9247, F1, i)}
83.72	{(g9247->g9264, F1, i)}
100.0	{(g6170, F1, i)}
100.0	{(I11821, F1, i)}
100.0	{(g6170->I11821, F1, i)}
100.0	{(g6605, F1, i)}
100.0	{(I11821->g6605, F1, i)}
100.0	{(I12514, F1, i)}
100.0	{(g6605->I12514, F1, i)}
100.0	{(g6881, F1, i)}
100.0	{(I12514->g6881, F1, i)}
100.0	{(g6881->tmp_wire_152, F1, i)}
100.0	{(I7950, F1, i)}
100.0	{(g2774->I7950, F1, i)}
100.0	{(g4113, F1, i)}
100.0	{(I7950->g4113, F1, i)}
100.0	{(g4924, F1, i)}
100.0	{(g4113->g4924, F1, i)}
100.0	{(g5516, F1, i)}
100.0	{(g4924->g5516, F1, i)}
