66.0	{(g9264, F1, i)}
64.0	{(I15811, F1, i)}
64.0	{(g9151->I15811, F1, i)}
64.0	{(g9177, F1, i)}
64.0	{(I15811->g9177, F1, i)}
64.0	{(g9181, F1, i)}
64.0	{(g9177->g9181, F1, i)}
64.0	{(g9193, F1, i)}
64.0	{(g9181->g9193, F1, i)}
64.0	{(I15912, F1, i)}
64.0	{(g9193->I15912, F1, i)}
64.0	{(g9212, F1, i)}
64.0	{(I15912->g9212, F1, i)}
64.0	{(I15937, F1, i)}
64.0	{(g9212->I15937, F1, i)}
64.0	{(g9221, F1, i)}
64.0	{(I15937->g9221, F1, i)}
64.0	{(I15947, F1, i)}
64.0	{(g9221->I15947, F1, i)}
64.0	{(g9227, F1, i)}
64.0	{(I15947->g9227, F1, i)}
56.67	{(g9247, F1, i)}
56.67	{(g9247->g9264, F1, i)}
56.67	{(g9227->g9247, F1, i)}
100.0	{(g3528, F1, i)}
100.0	{(I7987, F1, i)}
100.0	{(g3528->I7987, F1, i)}
100.0	{(g4130, F1, i)}
100.0	{(I7987->g4130, F1, i)}
100.0	{(I8895, F1, i)}
100.0	{(g4130->I8895, F1, i)}
100.0	{(I8895->g4660, F1, i)}
