80.0	{(g9291, F1, i)}
80.0	{(I15842, F1, i)}
80.0	{(g9171->I15842, F1, i)}
80.0	{(g9188, F1, i)}
80.0	{(I15842->g9188, F1, i)}
80.0	{(g9199, F1, i)}
80.0	{(g9188->g9199, F1, i)}
80.0	{(g9209, F1, i)}
80.0	{(g9199->g9209, F1, i)}
80.0	{(I15930, F1, i)}
80.0	{(g9209->I15930, F1, i)}
80.0	{(g9218, F1, i)}
80.0	{(I15930->g9218, F1, i)}
80.0	{(I15962, F1, i)}
80.0	{(g9218->I15962, F1, i)}
80.0	{(g9236, F1, i)}
80.0	{(I15962->g9236, F1, i)}
80.0	{(I15982, F1, i)}
80.0	{(g9236->I15982, F1, i)}
80.0	{(g9252, F1, i)}
80.0	{(I15982->g9252, F1, i)}
73.33	{(g9273, F1, i)}
73.33	{(g9273->g9291, F1, i)}
73.33	{(g9252->g9273, F1, i)}
