88.34	{(g9294, F1, i)}
86.55	{(I15845, F1, i)}
86.55	{(g9174->I15845, F1, i)}
86.55	{(g9189, F1, i)}
86.55	{(I15845->g9189, F1, i)}
86.55	{(g9200, F1, i)}
86.55	{(g9189->g9200, F1, i)}
86.55	{(g9210, F1, i)}
86.55	{(g9200->g9210, F1, i)}
86.55	{(I15933, F1, i)}
86.55	{(g9210->I15933, F1, i)}
86.55	{(g9219, F1, i)}
86.55	{(I15933->g9219, F1, i)}
86.55	{(I15965, F1, i)}
86.55	{(g9219->I15965, F1, i)}
86.55	{(g9237, F1, i)}
86.55	{(I15965->g9237, F1, i)}
86.55	{(I15985, F1, i)}
86.55	{(g9237->I15985, F1, i)}
86.55	{(g9255, F1, i)}
86.55	{(I15985->g9255, F1, i)}
74.89	{(g9274, F1, i)}
74.89	{(g9274->g9294, F1, i)}
74.89	{(g9255->g9274, F1, i)}
100.0	{(g9338, F1, i)}
100.0	{(I16100, F1, i)}
100.0	{(g9338->I16100, F1, i)}
100.0	{(g9350, F1, i)}
100.0	{(I16100->g9350, F1, i)}
100.0	{(I16116, F1, i)}
100.0	{(g9350->I16116, F1, i)}
100.0	{(g9360, F1, i)}
100.0	{(I16116->g9360, F1, i)}
100.0	{(g9360->tmp_wire_19, F1, i)}
35.19	{(tmp_wire_19, F0, i)}
14.1	{(g9258, F0, i)}
14.1	{(g5628->g9258, F0, i)}
14.1	{(g9227->g9258, F0, i)}
14.1	{(g9258->g9338, F0, i)}
6.67	{(g5628, F0, i)}
6.67	{(g4748->g5628, F1, i)}
