64.29	{(g4720, F1, i)}
64.29	{(I9782, F1, i)}
64.29	{(g4720->I9782, F1, i)}
64.29	{(g5266, F1, i)}
64.29	{(I9782->g5266, F1, i)}
64.29	{(I10247, F1, i)}
64.29	{(g5266->I10247, F1, i)}
64.29	{(g5730, F1, i)}
64.29	{(I10247->g5730, F1, i)}
64.29	{(g5730->tmp_wire_314, F1, i)}
42.86	{(g190->g4720, F1, i)}
42.86	{(g4055, F1, i)}
42.86	{(g4055->g4720, F1, i)}
83.33	{(g4263, F1, i)}
83.33	{(I9271, F1, i)}
83.33	{(g4263->I9271, F1, i)}
83.33	{(g4909, F1, i)}
83.33	{(I9271->g4909, F1, i)}
83.33	{(I9669, F1, i)}
83.33	{(g4909->I9669, F1, i)}
83.33	{(g5181, F1, i)}
83.33	{(I9669->g5181, F1, i)}
83.33	{(g5181->tmp_wire_204, F1, i)}
