100.0	{(I5649, F1, i)}
100.0	{(g1389->I5649, F1, i)}
100.0	{(g1795, F1, i)}
100.0	{(I5649->g1795, F1, i)}
100.0	{(I7195, F1, i)}
100.0	{(g1795->I7195, F1, i)}
100.0	{(g3691, F1, i)}
100.0	{(I7195->g3691, F1, i)}
100.0	{(I8315, F1, i)}
100.0	{(g3691->I8315, F1, i)}
100.0	{(g4350, F1, i)}
100.0	{(I8315->g4350, F1, i)}
100.0	{(I9366, F1, i)}
100.0	{(g4350->I9366, F1, i)}
100.0	{(g5026, F1, i)}
100.0	{(I9366->g5026, F1, i)}
100.0	{(I10243, F1, i)}
100.0	{(g5026->I10243, F1, i)}
100.0	{(g5726, F1, i)}
100.0	{(I10243->g5726, F1, i)}
66.33	{(g9363, F1, i)}
65.31	{(g9239, F1, i)}
65.31	{(I15990, F1, i)}
65.31	{(g9239->I15990, F1, i)}
65.31	{(g9260, F1, i)}
65.31	{(I15990->g9260, F1, i)}
65.31	{(g9301, F1, i)}
65.31	{(g9260->g9301, F1, i)}
65.31	{(g9303, F1, i)}
65.31	{(g9301->g9303, F1, i)}
65.31	{(I16072, F1, i)}
65.31	{(g9303->I16072, F1, i)}
65.31	{(g9324, F1, i)}
65.31	{(I16072->g9324, F1, i)}
65.31	{(I16084, F1, i)}
65.31	{(g9324->I16084, F1, i)}
65.31	{(g9336, F1, i)}
65.31	{(I16084->g9336, F1, i)}
65.31	{(I16090, F1, i)}
65.31	{(g9336->I16090, F1, i)}
65.31	{(g9340, F1, i)}
65.31	{(I16090->g9340, F1, i)}
60.2	{(g9226, F1, i)}
60.2	{(g9226->g9239, F1, i)}
56.12	{(g9340->g9359, F1, i)}
56.12	{(g9359, F1, i)}
56.12	{(g9359->g9363, F1, i)}
54.08	{(g9205, F1, i)}
54.08	{(g9220, F1, i)}
54.08	{(g9205->g9220, F1, i)}
54.08	{(g9220->g9226, F1, i)}
54.08	{(g9179, F1, i)}
54.08	{(g9190, F1, i)}
54.08	{(g9191, F1, i)}
54.08	{(g9203, F1, i)}
54.08	{(g9192, F1, i)}
54.08	{(g9202, F1, i)}
53.06	{(I15889, F1, i)}
53.06	{(I15889->g9203, F1, i)}
53.06	{(I15864, F1, i)}
53.06	{(I15864->g9192, F1, i)}
52.04	{(I15863, F1, i)}
52.04	{(I15863->g9192, F1, i)}
51.02	{(I15857, F1, i)}
51.02	{(I15857->g9191, F1, i)}
51.02	{(g9191->I15889, F1, i)}
51.02	{(I15882, F1, i)}
51.02	{(I15882->g9202, F1, i)}
47.96	{(I15818, F1, i)}
47.96	{(I15818->g9179, F1, i)}
47.96	{(I15849, F1, i)}
47.96	{(I15849->g9190, F1, i)}
46.94	{(I15850, F1, i)}
46.94	{(I15850->g9190, F1, i)}
46.94	{(I15881, F1, i)}
46.94	{(I15881->g9202, F1, i)}
45.92	{(I15899, F1, i)}
45.92	{(I15899->g9205, F1, i)}
