27.5	{(g7832, F1, i)}
27.5	{(I14614, F1, i)}
27.5	{(g7832->I14614, F1, i)}
27.5	{(g8406, F1, i)}
27.5	{(I14614->g8406, F1, i)}
27.5	{(I14964, F1, i)}
27.5	{(g8406->I14964, F1, i)}
27.5	{(g8774, F1, i)}
27.5	{(I14964->g8774, F1, i)}
27.5	{(I15193, F1, i)}
27.5	{(g8774->I15193, F1, i)}
27.5	{(g8869, F1, i)}
27.5	{(I15193->g8869, F1, i)}
27.5	{(g8869->tmp_wire_238, F1, i)}
27.5	{(tmp_wire_238, F1, i)}
20.0	{(g7599, F1, i)}
20.0	{(g7450->g7599, F1, i)}
20.0	{(g7599->g7832, F1, i)}
18.75	{(g5343, F1, i)}
18.75	{(g5343->g7832, F1, i)}
