83.33	{(g6121, F1, i)}
83.33	{(g6121->g7179, F1, i)}
83.33	{(g5425, F1, i)}
83.33	{(g5425->g6121, F1, i)}
83.33	{(g7179, F1, i)}
83.33	{(I13562, F1, i)}
83.33	{(g7179->I13562, F1, i)}
83.33	{(g7433, F1, i)}
83.33	{(I13562->g7433, F1, i)}
83.33	{(I14001, F1, i)}
83.33	{(g7433->I14001, F1, i)}
83.33	{(g7704, F1, i)}
83.33	{(I14001->g7704, F1, i)}
83.33	{(I14199, F1, i)}
83.33	{(g7704->I14199, F1, i)}
83.33	{(g7776, F1, i)}
83.33	{(I14199->g7776, F1, i)}
83.33	{(g7776->tmp_wire_199, F1, i)}
83.33	{(tmp_wire_199, F1, i)}
66.67	{(g4916, F1, i)}
66.67	{(g4202->g4916, F1, i)}
66.67	{(g4916->g5425, F1, i)}
