54.17	{(g9357, F1, i)}
54.17	{(I16135, F1, i)}
54.17	{(g9357->I16135, F1, i)}
54.17	{(g9369, F1, i)}
54.17	{(I16135->g9369, F1, i)}
54.17	{(I16151, F1, i)}
54.17	{(g9369->I16151, F1, i)}
54.17	{(g9375, F1, i)}
54.17	{(I16151->g9375, F1, i)}
54.17	{(g9375->tmp_wire_14, F1, i)}
54.17	{(tmp_wire_14, F1, i)}
50.0	{(g9347, F1, i)}
50.0	{(g9347->g9357, F1, i)}
39.58	{(I16055, F1, i)}
39.58	{(g9291->I16055, F1, i)}
39.58	{(g9313, F1, i)}
39.58	{(I16055->g9313, F1, i)}
39.58	{(g9322, F1, i)}
39.58	{(g9313->g9322, F1, i)}
39.58	{(g9332, F1, i)}
39.58	{(g9322->g9332, F1, i)}
39.58	{(g9332->g9347, F1, i)}
38.81	{(I15842, F1, i)}
38.81	{(g9171->I15842, F1, i)}
38.81	{(g9188, F1, i)}
38.81	{(I15842->g9188, F1, i)}
38.81	{(g9199, F1, i)}
38.81	{(g9188->g9199, F1, i)}
38.81	{(g9209, F1, i)}
38.81	{(g9199->g9209, F1, i)}
38.81	{(I15930, F1, i)}
38.81	{(g9209->I15930, F1, i)}
38.81	{(g9218, F1, i)}
38.81	{(I15930->g9218, F1, i)}
38.81	{(I15962, F1, i)}
38.81	{(g9218->I15962, F1, i)}
38.81	{(g9236, F1, i)}
38.81	{(I15962->g9236, F1, i)}
38.81	{(I15982, F1, i)}
38.81	{(g9236->I15982, F1, i)}
38.81	{(g9252, F1, i)}
38.81	{(I15982->g9252, F1, i)}
