100.0	{(I5989, F1, i)}
100.0	{(g1460->I5989, F1, i)}
100.0	{(g2246, F1, i)}
100.0	{(I5989->g2246, F1, i)}
36.11	{(g6695, F1, i)}
36.11	{(g6701, F1, i)}
36.11	{(g6709, F1, i)}
36.11	{(g6722, F1, i)}
36.11	{(g7065, F1, i)}
36.11	{(g7082, F1, i)}
36.11	{(g7257, F1, i)}
36.11	{(g7480, F1, i)}
35.51	{(I13640, F1, i)}
35.51	{(I13640->g7480, F1, i)}
34.58	{(I13638, F1, i)}
33.98	{(I14019, F1, i)}
33.98	{(g7480->I14019, F1, i)}
33.98	{(g7714, F1, i)}
33.98	{(I14019->g7714, F1, i)}
33.98	{(I14070, F1, i)}
33.98	{(g7714->I14070, F1, i)}
33.98	{(g7733, F1, i)}
33.98	{(I14070->g7733, F1, i)}
33.98	{(g7733->tmp_wire_302, F1, i)}
33.98	{(tmp_wire_302, F1, i)}
33.96	{(g7257->I13638, F1, i)}
33.96	{(I13638->I13640, F1, i)}
32.71	{(I12080, F1, i)}
32.71	{(I12080->g6722, F1, i)}
30.56	{(I12078, F1, i)}
29.91	{(I13213, F1, i)}
29.63	{(I12017, F1, i)}
29.63	{(I12017->g6695, F1, i)}
29.63	{(I12031, F1, i)}
28.97	{(I12015, F1, i)}
28.85	{(I12016, F1, i)}
28.85	{(I12016->g6695, F1, i)}
28.85	{(I12053, F1, i)}
28.85	{(I12053->g6709, F1, i)}
28.57	{(I12853, F1, i)}
28.57	{(I12853->g7082, F1, i)}
26.85	{(I12832, F1, i)}
24.07	{(g9239, F1, i)}
24.07	{(I15990, F1, i)}
24.07	{(g9239->I15990, F1, i)}
24.07	{(g9260, F1, i)}
24.07	{(I15990->g9260, F1, i)}
24.07	{(g9301, F1, i)}
24.07	{(g9260->g9301, F1, i)}
24.07	{(g9303, F1, i)}
24.07	{(g9301->g9303, F1, i)}
24.07	{(I16072, F1, i)}
24.07	{(g9303->I16072, F1, i)}
24.07	{(g9324, F1, i)}
24.07	{(I16072->g9324, F1, i)}
24.07	{(I16084, F1, i)}
24.07	{(g9324->I16084, F1, i)}
24.07	{(g9336, F1, i)}
24.07	{(I16084->g9336, F1, i)}
24.07	{(I16090, F1, i)}
24.07	{(g9336->I16090, F1, i)}
24.07	{(g9340, F1, i)}
24.07	{(I16090->g9340, F1, i)}
23.15	{(g9226, F1, i)}
23.15	{(g9226->g9239, F1, i)}
21.36	{(g5847->I12015, F1, i)}
21.36	{(I12015->I12016, F1, i)}
20.37	{(g9203, F1, i)}
20.37	{(g9192, F1, i)}
20.37	{(g9205, F1, i)}
20.37	{(g9220, F1, i)}
20.37	{(g9205->g9220, F1, i)}
20.37	{(g9220->g9226, F1, i)}
20.37	{(g9179, F1, i)}
20.37	{(g9190, F1, i)}
19.63	{(I15899, F1, i)}
19.63	{(I15899->g9205, F1, i)}
13.59	{(g9387, F1, i)}
13.59	{(I16180, F1, i)}
13.59	{(g9387->I16180, F1, i)}
13.59	{(g9388, F1, i)}
13.59	{(I16180->g9388, F1, i)}
13.59	{(I16183, F1, i)}
13.59	{(g9388->I16183, F1, i)}
13.59	{(g9389, F1, i)}
13.59	{(I16183->g9389, F1, i)}
13.59	{(g9389->tmp_wire_24, F1, i)}
10.68	{(g9384, F1, i)}
10.68	{(g9384->g9387, F1, i)}
7.77	{(I15862->I15864, F1, i)}
6.8	{(g6245, F1, i)}
6.8	{(g5690->g6245, F1, i)}
6.8	{(g6245->g9384, F1, i)}
