100.0	{(I11757, F1, i)}
100.0	{(g6571, F1, i)}
100.0	{(I12609, F1, i)}
100.0	{(g6571->I12609, F1, i)}
100.0	{(g6918, F1, i)}
100.0	{(I12609->g6918, F1, i)}
100.0	{(I12906, F1, i)}
100.0	{(g6918->I12906, F1, i)}
100.0	{(g7106, F1, i)}
100.0	{(I12906->g7106, F1, i)}
100.0	{(g7106->tmp_wire_249, F1, i)}
100.0	{(tmp_wire_249, F1, i)}
100.0	{(g1758, F1, i)}
100.0	{(g1084->g1758, F1, i)}
100.0	{(g5708, F1, i)}
100.0	{(I10773, F1, i)}
100.0	{(g5708->I10773, F1, i)}
100.0	{(g6136, F1, i)}
100.0	{(I10773->g6136, F1, i)}
100.0	{(I11740, F1, i)}
100.0	{(g6136->I11740, F1, i)}
100.0	{(g6566, F1, i)}
100.0	{(I11740->g6566, F1, i)}
100.0	{(I12439, F1, i)}
100.0	{(g6566->I12439, F1, i)}
100.0	{(g6856, F1, i)}
100.0	{(I12439->g6856, F1, i)}
100.0	{(g6856->tmp_wire_268, F1, i)}
100.0	{(tmp_wire_268, F1, i)}
