95.45	{(I16084, F1, i)}
95.45	{(g9324->I16084, F1, i)}
95.45	{(g9336, F1, i)}
95.45	{(I16084->g9336, F1, i)}
95.45	{(I16090, F1, i)}
95.45	{(g9336->I16090, F1, i)}
95.45	{(g9340, F1, i)}
95.45	{(I16090->g9340, F1, i)}
91.3	{(g9239, F1, i)}
91.3	{(I15990, F1, i)}
91.3	{(g9239->I15990, F1, i)}
91.3	{(g9260, F1, i)}
91.3	{(I15990->g9260, F1, i)}
91.3	{(g9301, F1, i)}
91.3	{(g9260->g9301, F1, i)}
91.3	{(g9303, F1, i)}
91.3	{(g9301->g9303, F1, i)}
91.3	{(I16072, F1, i)}
91.3	{(g9303->I16072, F1, i)}
91.3	{(g9324, F1, i)}
91.3	{(I16072->g9324, F1, i)}
100.0	{(I14019, F1, i)}
100.0	{(g7480->I14019, F1, i)}
100.0	{(g7714, F1, i)}
100.0	{(I14019->g7714, F1, i)}
100.0	{(I14070, F1, i)}
100.0	{(g7714->I14070, F1, i)}
100.0	{(g7733, F1, i)}
100.0	{(I14070->g7733, F1, i)}
100.0	{(g7733->tmp_wire_302, F1, i)}
100.0	{(tmp_wire_302, F1, i)}
