32.06	{(g7069, F1, i)}
32.06	{(g6695, F1, i)}
32.06	{(g6701, F1, i)}
32.06	{(g6709, F1, i)}
32.06	{(g6722, F1, i)}
32.06	{(g7065, F1, i)}
32.06	{(g7082, F1, i)}
32.06	{(g7257, F1, i)}
32.06	{(g7480, F1, i)}
30.53	{(I13640, F1, i)}
30.53	{(I13640->g7480, F1, i)}
29.01	{(I12015, F1, i)}
28.68	{(I14019, F1, i)}
28.68	{(g7480->I14019, F1, i)}
28.68	{(g7714, F1, i)}
28.68	{(I14019->g7714, F1, i)}
28.68	{(I14070, F1, i)}
28.68	{(g7714->I14070, F1, i)}
28.68	{(g7733, F1, i)}
28.68	{(I14070->g7733, F1, i)}
28.68	{(g7733->tmp_wire_302, F1, i)}
28.68	{(tmp_wire_302, F1, i)}
27.21	{(g9239, F1, i)}
27.21	{(I15990, F1, i)}
27.21	{(g9239->I15990, F1, i)}
27.21	{(g9260, F1, i)}
27.21	{(I15990->g9260, F1, i)}
27.21	{(g9301, F1, i)}
27.21	{(g9260->g9301, F1, i)}
27.21	{(g9303, F1, i)}
27.21	{(g9301->g9303, F1, i)}
27.21	{(I16072, F1, i)}
27.21	{(g9303->I16072, F1, i)}
27.21	{(g9324, F1, i)}
27.21	{(I16072->g9324, F1, i)}
27.21	{(I16084, F1, i)}
27.21	{(g9324->I16084, F1, i)}
27.21	{(g9336, F1, i)}
27.21	{(I16084->g9336, F1, i)}
27.21	{(I16090, F1, i)}
27.21	{(g9336->I16090, F1, i)}
27.21	{(g9340, F1, i)}
27.21	{(I16090->g9340, F1, i)}
25.93	{(g9226, F1, i)}
25.93	{(g9226->g9239, F1, i)}
25.0	{(g9363, F1, i)}
23.7	{(g9203, F1, i)}
23.7	{(g9202, F1, i)}
23.7	{(g9192, F1, i)}
23.7	{(g9205, F1, i)}
23.7	{(g9220, F1, i)}
23.7	{(g9205->g9220, F1, i)}
23.7	{(g9220->g9226, F1, i)}
23.7	{(g9191, F1, i)}
23.7	{(g9179, F1, i)}
23.7	{(g9190, F1, i)}
23.53	{(g9359, F1, i)}
23.53	{(g9359->g9363, F1, i)}
23.53	{(g9340->g9359, F1, i)}
22.48	{(I13213, F1, i)}
22.39	{(I15882, F1, i)}
22.39	{(I15882->g9202, F1, i)}
21.64	{(I15899, F1, i)}
21.64	{(I15899->g9205, F1, i)}
20.74	{(I15888, F1, i)}
20.74	{(I15888->g9203, F1, i)}
20.74	{(I15881, F1, i)}
20.74	{(I15881->g9202, F1, i)}
20.74	{(I15849, F1, i)}
20.74	{(I15849->g9190, F1, i)}
20.3	{(I15863, F1, i)}
20.3	{(I15863->g9192, F1, i)}
20.15	{(I15889, F1, i)}
20.15	{(I15889->g9203, F1, i)}
20.15	{(I15856, F1, i)}
20.15	{(I15856->g9191, F1, i)}
20.15	{(I15857, F1, i)}
20.15	{(I15857->g9191, F1, i)}
20.15	{(I15818, F1, i)}
20.15	{(I15818->g9179, F1, i)}
19.55	{(g5403->g9226, F1, i)}
19.4	{(I15864, F1, i)}
19.4	{(I15864->g9192, F1, i)}
19.4	{(g9203->I15899, F1, i)}
19.4	{(I15898, F1, i)}
19.4	{(I15898->g9205, F1, i)}
18.94	{(I15855, F1, i)}
18.18	{(I15850, F1, i)}
18.18	{(I15850->g9190, F1, i)}
17.83	{(g5918->I12031, F1, i)}
17.83	{(I12031->I12033, F1, i)}
17.16	{(g9202->I15898, F1, i)}
17.16	{(I15819, F1, i)}
17.16	{(I15819->g9179, F1, i)}
17.05	{(g5971->I12080, F1, i)}
16.54	{(I15862, F1, i)}
16.28	{(g5403->g6680, F1, i)}
16.28	{(g5939->I12053, F1, i)}
15.91	{(g9191->I15889, F1, i)}
15.5	{(g7065->I13213, F1, i)}
15.5	{(I13213->I13215, F1, i)}
15.5	{(g7069->I13638, F1, i)}
15.5	{(I13638->I13639, F1, i)}
15.27	{(I15855->I15856, F1, i)}
15.27	{(I15855->I15857, F1, i)}
15.27	{(g9165->I15855, F1, i)}
15.27	{(g9168->I15855, F1, i)}
15.15	{(g9179->I15882, F1, i)}
15.15	{(I15817->I15818, F1, i)}
