97.56	{(I6033, F1, i)}
97.56	{(g3->I6033, F1, i)}
97.56	{(g2283, F1, i)}
97.56	{(I6033->g2283, F1, i)}
97.56	{(g3517, F1, i)}
97.56	{(g2283->g3517, F1, i)}
97.56	{(I8161, F1, i)}
97.56	{(g3517->I8161, F1, i)}
97.56	{(g4242, F1, i)}
97.56	{(I8161->g4242, F1, i)}
97.56	{(I9325, F1, i)}
97.56	{(g4242->I9325, F1, i)}
97.56	{(g5000, F1, i)}
97.56	{(I9325->g5000, F1, i)}
97.56	{(g5402, F1, i)}
97.56	{(g5000->g5402, F1, i)}
97.56	{(I10565, F1, i)}
97.56	{(g5402->I10565, F1, i)}
97.56	{(g5874, F1, i)}
97.56	{(I10565->g5874, F1, i)}
100.0	{(g6280, F1, i)}
100.0	{(I11803, F1, i)}
100.0	{(g6280->I11803, F1, i)}
100.0	{(g6597, F1, i)}
100.0	{(I11803->g6597, F1, i)}
100.0	{(I12499, F1, i)}
100.0	{(g6597->I12499, F1, i)}
100.0	{(g6876, F1, i)}
100.0	{(I12499->g6876, F1, i)}
100.0	{(g6876->tmp_wire_128, F1, i)}
100.0	{(tmp_wire_128, F1, i)}
100.0	{(I7882, F1, i)}
100.0	{(g2700->I7882, F1, i)}
100.0	{(g4087, F1, i)}
100.0	{(I7882->g4087, F1, i)}
100.0	{(g4907, F1, i)}
100.0	{(g4087->g4907, F1, i)}
100.0	{(g5476, F1, i)}
100.0	{(g4907->g5476, F1, i)}
