75.0	{(g9359, F1, i)}
75.0	{(g9359->g9363, F1, i)}
75.0	{(g9363, F1, i)}
75.0	{(g9340->g9359, F1, i)}
75.0	{(g9239, F1, i)}
75.0	{(I15990, F1, i)}
75.0	{(g9239->I15990, F1, i)}
75.0	{(g9260, F1, i)}
75.0	{(I15990->g9260, F1, i)}
75.0	{(g9301, F1, i)}
75.0	{(g9260->g9301, F1, i)}
75.0	{(g9303, F1, i)}
75.0	{(g9301->g9303, F1, i)}
75.0	{(I16072, F1, i)}
75.0	{(g9303->I16072, F1, i)}
75.0	{(g9324, F1, i)}
75.0	{(I16072->g9324, F1, i)}
75.0	{(g9226, F1, i)}
75.0	{(g9226->g9239, F1, i)}
75.0	{(I16084, F1, i)}
75.0	{(g9324->I16084, F1, i)}
75.0	{(g9336, F1, i)}
75.0	{(I16084->g9336, F1, i)}
75.0	{(I16090, F1, i)}
75.0	{(g9336->I16090, F1, i)}
75.0	{(g9340, F1, i)}
75.0	{(I16090->g9340, F1, i)}
62.5	{(g9205, F1, i)}
62.5	{(g9220, F1, i)}
62.5	{(g9205->g9220, F1, i)}
62.5	{(g9220->g9226, F1, i)}
62.5	{(g9202, F1, i)}
62.5	{(I15881, F1, i)}
62.5	{(I15881->g9202, F1, i)}
62.5	{(g9190->I15881, F1, i)}
62.5	{(I15849, F1, i)}
62.5	{(I15849->g9190, F1, i)}
62.5	{(g9190, F1, i)}
50.0	{(g9202->I15898, F1, i)}
50.0	{(I15898, F1, i)}
50.0	{(I15898->g9205, F1, i)}
50.0	{(I15848, F1, i)}
50.0	{(g9154->I15848, F1, i)}
50.0	{(I15848->I15849, F1, i)}
37.5	{(g5403->g9226, F1, i)}
37.5	{(g9162->I15849, F1, i)}
