47.62	{(g7069, F1, i)}
47.62	{(g6695, F1, i)}
47.62	{(g6701, F1, i)}
47.62	{(g6709, F1, i)}
47.62	{(g6722, F1, i)}
47.62	{(g7065, F1, i)}
47.62	{(g7082, F1, i)}
47.62	{(g7257, F1, i)}
47.62	{(g7480, F1, i)}
47.62	{(I13640, F1, i)}
47.62	{(I13640->g7480, F1, i)}
45.24	{(I14019, F1, i)}
45.24	{(g7480->I14019, F1, i)}
45.24	{(g7714, F1, i)}
45.24	{(I14019->g7714, F1, i)}
45.24	{(I14070, F1, i)}
45.24	{(g7714->I14070, F1, i)}
45.24	{(g7733, F1, i)}
45.24	{(I14070->g7733, F1, i)}
45.24	{(g7733->tmp_wire_302, F1, i)}
45.24	{(tmp_wire_302, F1, i)}
45.24	{(I12015, F1, i)}
42.86	{(I13638, F1, i)}
42.86	{(g7257->I13638, F1, i)}
42.86	{(I13638->I13640, F1, i)}
40.48	{(I12079, F1, i)}
40.48	{(I12079->g6722, F1, i)}
40.48	{(I13214, F1, i)}
40.48	{(I13214->g7257, F1, i)}
38.1	{(I12031, F1, i)}
38.1	{(I12832, F1, i)}
38.1	{(I12834, F1, i)}
38.1	{(I12834->g7065, F1, i)}
38.1	{(I12852, F1, i)}
38.1	{(I12853, F1, i)}
38.1	{(I12853->g7082, F1, i)}
38.1	{(I12854, F1, i)}
38.1	{(I12854->g7082, F1, i)}
34.09	{(I16084, F1, i)}
34.09	{(g9324->I16084, F1, i)}
34.09	{(g9336, F1, i)}
34.09	{(I16084->g9336, F1, i)}
34.09	{(I16090, F1, i)}
34.09	{(g9336->I16090, F1, i)}
34.09	{(g9340, F1, i)}
34.09	{(I16090->g9340, F1, i)}
34.09	{(g9226, F1, i)}
34.09	{(g9226->g9239, F1, i)}
34.09	{(g9239, F1, i)}
34.09	{(I15990, F1, i)}
34.09	{(g9239->I15990, F1, i)}
34.09	{(g9260, F1, i)}
34.09	{(I15990->g9260, F1, i)}
34.09	{(g9301, F1, i)}
34.09	{(g9260->g9301, F1, i)}
34.09	{(g9303, F1, i)}
34.09	{(g9301->g9303, F1, i)}
34.09	{(I16072, F1, i)}
34.09	{(g9303->I16072, F1, i)}
34.09	{(g9324, F1, i)}
34.09	{(I16072->g9324, F1, i)}
33.33	{(I12017, F1, i)}
33.33	{(I12017->g6695, F1, i)}
33.33	{(I12016, F1, i)}
33.33	{(I12016->g6695, F1, i)}
33.33	{(I12032, F1, i)}
33.33	{(I12032->g6701, F1, i)}
33.33	{(I12033, F1, i)}
33.33	{(I12033->g6701, F1, i)}
33.33	{(I12052, F1, i)}
33.33	{(I12052->g6709, F1, i)}
33.33	{(I12053, F1, i)}
33.33	{(I12053->g6709, F1, i)}
33.33	{(I12078, F1, i)}
33.33	{(I12080, F1, i)}
33.33	{(I12080->g6722, F1, i)}
33.33	{(I13213, F1, i)}
33.33	{(I13215, F1, i)}
33.33	{(I13215->g7257, F1, i)}
31.82	{(I15889, F1, i)}
31.82	{(I15889->g9203, F1, i)}
31.82	{(g9191->I15889, F1, i)}
31.82	{(I15856, F1, i)}
31.82	{(I15856->g9191, F1, i)}
31.82	{(g9190, F1, i)}
31.82	{(I15819, F1, i)}
31.82	{(I15819->g9179, F1, i)}
31.82	{(g9205, F1, i)}
31.82	{(g9220, F1, i)}
31.82	{(g9205->g9220, F1, i)}
31.82	{(g9220->g9226, F1, i)}
30.95	{(g5847->I12015, F1, i)}
30.95	{(g5874->I12015, F1, i)}
30.95	{(I12015->I12017, F1, i)}
30.95	{(I12015->I12016, F1, i)}
30.95	{(I12833, F1, i)}
30.95	{(I12833->g7065, F1, i)}
30.23	{(I15849, F1, i)}
30.23	{(I15849->g9190, F1, i)}
29.55	{(g9363, F1, i)}
28.57	{(g5988->I12079, F1, i)}
28.57	{(g6722->I12832, F1, i)}
28.57	{(I12832->I12834, F1, i)}
28.57	{(g6701->I12852, F1, i)}
28.57	{(g6695->I12852, F1, i)}
28.57	{(I12852->I12854, F1, i)}
28.57	{(I12852->I12853, F1, i)}
28.57	{(g7065->I13214, F1, i)}
27.91	{(I15899, F1, i)}
27.91	{(I15899->g9205, F1, i)}
27.91	{(g9203->I15899, F1, i)}
27.27	{(g9340->g9359, F1, i)}
27.27	{(I15898, F1, i)}
27.27	{(I15898->g9205, F1, i)}
27.27	{(g9359, F1, i)}
27.27	{(g9359->g9363, F1, i)}
26.19	{(g6680, F1, i)}
26.19	{(g6680->g7069, F1, i)}
26.19	{(g5939->I12053, F1, i)}
26.19	{(g5956->I12052, F1, i)}
26.19	{(g5971->I12078, F1, i)}
26.19	{(I12078->I12079, F1, i)}
26.19	{(g6709->I12834, F1, i)}
26.19	{(g7082->I13213, F1, i)}
26.19	{(I13213->I13214, F1, i)}
26.19	{(g7069->I13640, F1, i)}
25.58	{(g5403->g9226, F1, i)}
25.0	{(I15850, F1, i)}
25.0	{(I15850->g9190, F1, i)}
23.81	{(g5897->I12031, F1, i)}
23.81	{(g5918->I12031, F1, i)}
23.81	{(I12031->I12032, F1, i)}
23.81	{(g5897->I12033, F1, i)}
23.81	{(g5918->I12032, F1, i)}
23.81	{(I12031->I12033, F1, i)}
21.43	{(I12051->I12053, F1, i)}
21.43	{(g5971->I12080, F1, i)}
21.43	{(g6709->I12832, F1, i)}
21.43	{(I12832->I12833, F1, i)}
21.43	{(g7082->I13215, F1, i)}
19.05	{(I15848->I15849, F1, i)}
19.05	{(I15817->I15819, F1, i)}
19.05	{(g9387, F1, i)}
19.05	{(I16180, F1, i)}
19.05	{(g9387->I16180, F1, i)}
19.05	{(g9388, F1, i)}
19.05	{(I16180->g9388, F1, i)}
19.05	{(I16183, F1, i)}
19.05	{(g9388->I16183, F1, i)}
19.05	{(g9389, F1, i)}
19.05	{(I16183->g9389, F1, i)}
19.05	{(g9389->tmp_wire_24, F1, i)}
19.05	{(tmp_wire_24, F1, i)}
81.82	{(g9168->I15856, F1, i)}
