67.5	{(g9282, F1, i)}
67.5	{(I15833, F1, i)}
67.5	{(g9162->I15833, F1, i)}
67.5	{(g9185, F1, i)}
67.5	{(I15833->g9185, F1, i)}
67.5	{(g9196, F1, i)}
67.5	{(g9185->g9196, F1, i)}
67.5	{(g9206, F1, i)}
67.5	{(g9196->g9206, F1, i)}
67.5	{(I15921, F1, i)}
67.5	{(g9206->I15921, F1, i)}
67.5	{(g9215, F1, i)}
67.5	{(I15921->g9215, F1, i)}
67.5	{(I15953, F1, i)}
67.5	{(g9215->I15953, F1, i)}
67.5	{(g9233, F1, i)}
67.5	{(I15953->g9233, F1, i)}
67.5	{(I15971, F1, i)}
67.5	{(g9233->I15971, F1, i)}
67.5	{(g9241, F1, i)}
67.5	{(I15971->g9241, F1, i)}
60.0	{(g9270, F1, i)}
60.0	{(g9270->g9282, F1, i)}
60.0	{(g9241->g9270, F1, i)}
