70.91	{(I8268, F1, i)}
70.91	{(g2801->I8268, F1, i)}
70.91	{(g4303, F1, i)}
70.91	{(I8268->g4303, F1, i)}
70.91	{(I8880, F1, i)}
70.91	{(g4303->I8880, F1, i)}
70.91	{(I8880->g4655, F1, i)}
66.13	{(g2555, F1, i)}
66.13	{(g936->g2555, F1, i)}
66.13	{(g2801, F1, i)}
57.5	{(I6538, F1, i)}
13.64	{(tmp_wire_635, F1, i)}
13.64	{(g5657, F1, i)}
13.64	{(I10649, F1, i)}
13.64	{(g5657->I10649, F1, i)}
13.64	{(g6038, F1, i)}
13.64	{(I10649->g6038, F1, i)}
13.64	{(I11443, F1, i)}
13.64	{(g6038->I11443, F1, i)}
13.64	{(g6372, F1, i)}
13.64	{(I11443->g6372, F1, i)}
13.64	{(g6372->tmp_wire_635, F1, i)}
10.91	{(g4381, F1, i)}
10.91	{(g3466->g4381, F1, i)}
10.91	{(g4381->g5657, F1, i)}
