50.0	{(g6181, F1, i)}
50.0	{(I11835, F1, i)}
50.0	{(g6181->I11835, F1, i)}
50.0	{(g6613, F1, i)}
50.0	{(I11835->g6613, F1, i)}
50.0	{(I12517, F1, i)}
50.0	{(g6613->I12517, F1, i)}
50.0	{(g6882, F1, i)}
50.0	{(I12517->g6882, F1, i)}
50.0	{(g6882->tmp_wire_146, F1, i)}
50.0	{(I7925, F1, i)}
50.0	{(g2761->I7925, F1, i)}
50.0	{(g4104, F1, i)}
50.0	{(I7925->g4104, F1, i)}
50.0	{(g4919, F1, i)}
50.0	{(g4104->g4919, F1, i)}
50.0	{(g5492, F1, i)}
50.0	{(g4919->g5492, F1, i)}
46.15	{(g1820, F1, i)}
46.15	{(g621->g1820, F1, i)}
46.15	{(g2761, F1, i)}
46.15	{(g1820->g2761, F1, i)}
41.67	{(I10906, F1, i)}
39.58	{(I10908, F1, i)}
39.58	{(I10908->g6181, F1, i)}
31.25	{(I10906->I10908, F1, i)}
31.25	{(g5492->I10906, F1, i)}
25.0	{(g2605->I10908, F1, i)}
25.0	{(I10906->I10907, F1, i)}
25.0	{(g2605->I10906, F1, i)}
18.75	{(g5492->I10907, F1, i)}
