100.0	{(g6056, F1, i)}
100.0	{(I11764, F1, i)}
100.0	{(g6056->I11764, F1, i)}
100.0	{(g6572, F1, i)}
100.0	{(I11764->g6572, F1, i)}
100.0	{(I12418, F1, i)}
100.0	{(g6572->I12418, F1, i)}
100.0	{(I12418->g6849, F1, i)}
86.36	{(g6457, F1, i)}
86.36	{(I12649, F1, i)}
86.36	{(g6457->I12649, F1, i)}
86.36	{(g6946, F1, i)}
86.36	{(I12649->g6946, F1, i)}
86.36	{(I12885, F1, i)}
86.36	{(g6946->I12885, F1, i)}
86.36	{(g7099, F1, i)}
86.36	{(I12885->g7099, F1, i)}
86.36	{(g7099->tmp_wire_664, F1, i)}
86.36	{(tmp_wire_664, F1, i)}
72.73	{(g4937, F1, i)}
72.73	{(g4937->g6457, F1, i)}
22.58	{(g866->g3681, F1, i)}
21.88	{(g3681, F0, i)}
14.81	{(g3681->g4318, F0, i)}
14.81	{(g4927, F1, i)}
14.81	{(g1590->g4927, F1, i)}
14.81	{(g4318->g4927, F1, i)}
14.81	{(g4318, F1, i)}
14.81	{(g4927->g6196, F1, i)}
