100.0	{(I14019, F1, i)}
100.0	{(g7480->I14019, F1, i)}
100.0	{(g7714, F1, i)}
100.0	{(I14019->g7714, F1, i)}
100.0	{(I14070, F1, i)}
100.0	{(g7714->I14070, F1, i)}
100.0	{(g7733, F1, i)}
100.0	{(I14070->g7733, F1, i)}
100.0	{(g7733->tmp_wire_302, F1, i)}
95.0	{(I12015, F1, i)}
95.0	{(g6695, F1, i)}
95.0	{(g6701, F1, i)}
95.0	{(g6709, F1, i)}
95.0	{(g6722, F1, i)}
95.0	{(g7065, F1, i)}
95.0	{(g7082, F1, i)}
95.0	{(g7257, F1, i)}
95.0	{(g7480, F1, i)}
95.0	{(I13640, F1, i)}
95.0	{(I13640->g7480, F1, i)}
79.17	{(g9192, F1, i)}
79.17	{(g9191, F1, i)}
79.17	{(g9226, F1, i)}
79.17	{(g9226->g9239, F1, i)}
79.17	{(g9205, F1, i)}
79.17	{(g9220, F1, i)}
79.17	{(g9205->g9220, F1, i)}
79.17	{(g9220->g9226, F1, i)}
79.17	{(I15899, F1, i)}
79.17	{(I15899->g9205, F1, i)}
79.17	{(g9239, F1, i)}
79.17	{(I15990, F1, i)}
79.17	{(g9239->I15990, F1, i)}
79.17	{(g9260, F1, i)}
79.17	{(I15990->g9260, F1, i)}
79.17	{(g9301, F1, i)}
79.17	{(g9260->g9301, F1, i)}
79.17	{(g9303, F1, i)}
79.17	{(g9301->g9303, F1, i)}
79.17	{(I16072, F1, i)}
79.17	{(g9303->I16072, F1, i)}
79.17	{(g9324, F1, i)}
79.17	{(I16072->g9324, F1, i)}
79.17	{(I15850, F1, i)}
79.17	{(I15850->g9190, F1, i)}
75.0	{(I15889, F1, i)}
75.0	{(I15889->g9203, F1, i)}
75.0	{(I15863, F1, i)}
75.0	{(I15863->g9192, F1, i)}
75.0	{(I15856, F1, i)}
75.0	{(I15856->g9191, F1, i)}
75.0	{(g9203->I15899, F1, i)}
75.0	{(g9363, F1, i)}
75.0	{(I15819, F1, i)}
75.0	{(I15819->g9179, F1, i)}
70.83	{(g9359, F1, i)}
70.83	{(g9359->g9363, F1, i)}
70.83	{(g9340->g9359, F1, i)}
69.57	{(I15864, F1, i)}
69.57	{(I15864->g9192, F1, i)}
66.67	{(I15855, F1, i)}
65.22	{(g9191->I15889, F1, i)}
62.5	{(I15855->I15856, F1, i)}
62.5	{(g9165->I15855, F1, i)}
60.87	{(I15857, F1, i)}
60.87	{(I15857->g9191, F1, i)}
60.87	{(I15848->I15850, F1, i)}
58.33	{(I15862, F1, i)}
58.33	{(I15817->I15819, F1, i)}
54.17	{(I15862->I15863, F1, i)}
54.17	{(g9171->I15862, F1, i)}
47.83	{(g9174->I15862, F1, i)}
47.83	{(g9168->I15855, F1, i)}
38.1	{(g9174->I15863, F1, i)}
38.1	{(g9168->I15856, F1, i)}
38.1	{(g9154->I15850, F1, i)}
35.0	{(g9148->I15819, F1, i)}
