80.0	{(g1974, F1, i)}
80.0	{(g803->g1974, F1, i)}
80.0	{(I7150, F1, i)}
80.0	{(I7150->g3658, F1, i)}
80.0	{(g3658, F1, i)}
80.0	{(g3658->g6994, F1, i)}
80.0	{(g6994, F1, i)}
80.0	{(g6994->g7324, F1, i)}
80.0	{(g7324, F1, i)}
80.0	{(I13837, F1, i)}
80.0	{(g7324->I13837, F1, i)}
80.0	{(g7551, F1, i)}
80.0	{(I13837->g7551, F1, i)}
80.0	{(I14142, F1, i)}
80.0	{(g7551->I14142, F1, i)}
80.0	{(g7757, F1, i)}
80.0	{(I14142->g7757, F1, i)}
80.0	{(g7757->tmp_wire_608, F1, i)}
80.0	{(tmp_wire_608, F1, i)}
60.0	{(g799->I7148, F1, i)}
60.0	{(I7148, F1, i)}
60.0	{(I7148->I7150, F1, i)}
