98.54	{(I6148, F1, i)}
98.54	{(g5->I6148, F1, i)}
98.54	{(g2344, F1, i)}
98.54	{(I6148->g2344, F1, i)}
98.54	{(g3545, F1, i)}
98.54	{(g2344->g3545, F1, i)}
98.54	{(I8190, F1, i)}
98.54	{(g3545->I8190, F1, i)}
98.54	{(g4257, F1, i)}
98.54	{(I8190->g4257, F1, i)}
98.54	{(I9360, F1, i)}
98.54	{(g4257->I9360, F1, i)}
98.54	{(g5024, F1, i)}
98.54	{(I9360->g5024, F1, i)}
98.54	{(g5433, F1, i)}
98.54	{(g5024->g5433, F1, i)}
98.54	{(I10579, F1, i)}
98.54	{(g5433->I10579, F1, i)}
98.54	{(g5939, F1, i)}
98.54	{(I10579->g5939, F1, i)}
100.0	{(g6170, F1, i)}
100.0	{(I11821, F1, i)}
100.0	{(g6170->I11821, F1, i)}
100.0	{(g6605, F1, i)}
100.0	{(I11821->g6605, F1, i)}
100.0	{(I12514, F1, i)}
100.0	{(g6605->I12514, F1, i)}
100.0	{(g6881, F1, i)}
100.0	{(I12514->g6881, F1, i)}
100.0	{(g6881->tmp_wire_152, F1, i)}
100.0	{(g1813, F1, i)}
100.0	{(g620->g1813, F1, i)}
100.0	{(g2774, F1, i)}
100.0	{(g1813->g2774, F1, i)}
100.0	{(I7950, F1, i)}
100.0	{(g2774->I7950, F1, i)}
100.0	{(g4113, F1, i)}
100.0	{(I7950->g4113, F1, i)}
100.0	{(g4924, F1, i)}
100.0	{(g4113->g4924, F1, i)}
100.0	{(g5516, F1, i)}
100.0	{(g4924->g5516, F1, i)}
