52.38	{(g3984, F1, i)}
52.38	{(g3984->g4747, F1, i)}
52.38	{(g4747, F1, i)}
52.38	{(I9785, F1, i)}
52.38	{(g4747->I9785, F1, i)}
52.38	{(g5267, F1, i)}
52.38	{(I9785->g5267, F1, i)}
52.38	{(I10643, F1, i)}
52.38	{(g5267->I10643, F1, i)}
52.38	{(g6036, F1, i)}
52.38	{(I10643->g6036, F1, i)}
52.38	{(I11725, F1, i)}
52.38	{(g6036->I11725, F1, i)}
52.38	{(g6553, F1, i)}
52.38	{(I11725->g6553, F1, i)}
52.38	{(I12427, F1, i)}
52.38	{(g6553->I12427, F1, i)}
52.38	{(g6852, F1, i)}
52.38	{(I12427->g6852, F1, i)}
52.38	{(g6852->tmp_wire_244, F1, i)}
52.38	{(tmp_wire_244, F1, i)}
38.1	{(g3085, F1, i)}
38.1	{(g1945->g3085, F1, i)}
38.1	{(g3085->g3984, F1, i)}
