47.89	{(g6159, F1, i)}
47.89	{(I11848, F1, i)}
47.89	{(g6159->I11848, F1, i)}
47.89	{(g6616, F1, i)}
47.89	{(I11848->g6616, F1, i)}
47.89	{(I12481, F1, i)}
47.89	{(g6616->I12481, F1, i)}
47.89	{(g6870, F1, i)}
47.89	{(I12481->g6870, F1, i)}
47.89	{(g6870->tmp_wire_131, F1, i)}
47.89	{(g1770, F1, i)}
47.89	{(g606->g1770, F1, i)}
47.89	{(g3774, F1, i)}
47.89	{(g1770->g3774, F1, i)}
47.89	{(I7944, F1, i)}
47.89	{(g3774->I7944, F1, i)}
47.89	{(g4111, F1, i)}
47.89	{(I7944->g4111, F1, i)}
47.89	{(g4922, F1, i)}
47.89	{(g4111->g4922, F1, i)}
47.89	{(g5514, F1, i)}
47.89	{(g4922->g5514, F1, i)}
43.66	{(I10836, F1, i)}
43.66	{(I10836->g6159, F1, i)}
42.25	{(I10834, F1, i)}
38.03	{(I10834->I10836, F1, i)}
38.03	{(g5514->I10834, F1, i)}
23.94	{(g2584->I10836, F1, i)}
23.94	{(I10834->I10835, F1, i)}
23.94	{(g2584->I10834, F1, i)}
9.86	{(g5514->I10835, F1, i)}
