100.0	{(g6991, F1, i)}
100.0	{(g6991->g7322, F1, i)}
100.0	{(tmp_wire_619, F1, i)}
100.0	{(g5689, F1, i)}
100.0	{(g5689->g6991, F1, i)}
100.0	{(g7322, F1, i)}
100.0	{(I13831, F1, i)}
100.0	{(g7322->I13831, F1, i)}
100.0	{(g7549, F1, i)}
100.0	{(I13831->g7549, F1, i)}
100.0	{(I14160, F1, i)}
100.0	{(g7549->I14160, F1, i)}
100.0	{(g7763, F1, i)}
100.0	{(I14160->g7763, F1, i)}
100.0	{(g7763->tmp_wire_619, F1, i)}
100.0	{(I10198, F1, i)}
100.0	{(I10198->g5689, F1, i)}
100.0	{(g1958->I10198, F1, i)}
100.0	{(g1958, F1, i)}
100.0	{(g786->g1958, F1, i)}
