48.6	{(g6571, F1, i)}
48.6	{(I12609, F1, i)}
48.6	{(g6571->I12609, F1, i)}
48.6	{(g6918, F1, i)}
48.6	{(I12609->g6918, F1, i)}
48.6	{(I12906, F1, i)}
48.6	{(g6918->I12906, F1, i)}
48.6	{(g7106, F1, i)}
48.6	{(I12906->g7106, F1, i)}
48.6	{(g7106->tmp_wire_249, F1, i)}
48.6	{(g1758, F1, i)}
48.6	{(g1084->g1758, F1, i)}
48.6	{(g5549, F1, i)}
48.6	{(g6118, F1, i)}
48.6	{(g5549->g6118, F1, i)}
44.86	{(I11759, F1, i)}
44.86	{(I11759->g6571, F1, i)}
44.86	{(g2935, F1, i)}
44.86	{(g2935->g5549, F1, i)}
39.25	{(I11758, F1, i)}
39.25	{(I11758->g6571, F1, i)}
39.25	{(I11757, F1, i)}
39.25	{(g4712, F1, i)}
39.25	{(g4712->g5549, F1, i)}
35.51	{(I11757->I11759, F1, i)}
35.51	{(g1758->I11757, F1, i)}
29.91	{(I11757->I11758, F1, i)}
29.91	{(g6118->I11757, F1, i)}
18.69	{(g6118->I11759, F1, i)}
18.69	{(g1077->g2935, F1, i)}
13.08	{(g1758->I11758, F1, i)}
