41.67	{(g9334, F1, i)}
41.67	{(g9334->g9338, F1, i)}
41.67	{(g9338, F1, i)}
41.67	{(I16100, F1, i)}
41.67	{(g9338->I16100, F1, i)}
41.67	{(g9350, F1, i)}
41.67	{(I16100->g9350, F1, i)}
41.67	{(I16116, F1, i)}
41.67	{(g9350->I16116, F1, i)}
41.67	{(g9360, F1, i)}
41.67	{(I16116->g9360, F1, i)}
41.67	{(g9360->tmp_wire_19, F1, i)}
41.67	{(tmp_wire_19, F1, i)}
33.33	{(I16020, F1, i)}
33.33	{(g9264->I16020, F1, i)}
33.33	{(g9298, F1, i)}
33.33	{(I16020->g9298, F1, i)}
33.33	{(g9304, F1, i)}
33.33	{(g9298->g9304, F1, i)}
33.33	{(g9318, F1, i)}
33.33	{(g9304->g9318, F1, i)}
33.33	{(g9318->g9334, F1, i)}
33.33	{(g6205, F1, i)}
33.33	{(g5628->g6205, F1, i)}
33.33	{(g6205->g9334, F1, i)}
80.0	{(tmp_wire_209, F1, i)}
80.0	{(g4812, F1, i)}
80.0	{(I9935, F1, i)}
80.0	{(g4812->I9935, F1, i)}
80.0	{(g5523, F1, i)}
80.0	{(I9935->g5523, F1, i)}
80.0	{(I10295, F1, i)}
80.0	{(g5523->I10295, F1, i)}
80.0	{(g5746, F1, i)}
80.0	{(I10295->g5746, F1, i)}
80.0	{(g5746->tmp_wire_209, F1, i)}
60.0	{(g38->I8152, F1, i)}
60.0	{(I8152, F1, i)}
60.0	{(I8152->g4237, F1, i)}
60.0	{(g4237, F1, i)}
60.0	{(g4237->g4812, F1, i)}
