50.0	{(g7008, F1, i)}
50.0	{(I13196, F1, i)}
50.0	{(g7008->I13196, F1, i)}
50.0	{(g7246, F1, i)}
50.0	{(I13196->g7246, F1, i)}
50.0	{(I13653, F1, i)}
50.0	{(g7246->I13653, F1, i)}
50.0	{(g7491, F1, i)}
50.0	{(I13653->g7491, F1, i)}
50.0	{(I13770, F1, i)}
50.0	{(g7491->I13770, F1, i)}
50.0	{(g7530, F1, i)}
50.0	{(I13770->g7530, F1, i)}
50.0	{(g7530->tmp_wire_74, F1, i)}
50.0	{(tmp_wire_74, F1, i)}
44.44	{(I11843, F1, i)}
44.44	{(I11843->g6615, F1, i)}
44.44	{(g6615, F1, i)}
44.44	{(g6615->g7008, F1, i)}
44.44	{(g6158, F1, i)}
38.89	{(g6158->I11843, F1, i)}
83.33	{(g7837, F1, i)}
83.33	{(I14643, F1, i)}
83.33	{(g7837->I14643, F1, i)}
83.33	{(g8510, F1, i)}
83.33	{(I14643->g8510, F1, i)}
83.33	{(I14996, F1, i)}
83.33	{(g8510->I14996, F1, i)}
83.33	{(g8792, F1, i)}
83.33	{(I14996->g8792, F1, i)}
83.33	{(I15199, F1, i)}
83.33	{(g8792->I15199, F1, i)}
83.33	{(g8871, F1, i)}
83.33	{(I15199->g8871, F1, i)}
83.33	{(g8871->tmp_wire_240, F1, i)}
83.33	{(tmp_wire_240, F1, i)}
