100.0	{(g6120, F1, i)}
100.0	{(I11744, F1, i)}
100.0	{(g6120->I11744, F1, i)}
100.0	{(g6568, F1, i)}
100.0	{(I11744->g6568, F1, i)}
100.0	{(I12445, F1, i)}
100.0	{(g6568->I12445, F1, i)}
100.0	{(g6858, F1, i)}
100.0	{(I12445->g6858, F1, i)}
100.0	{(g6858->tmp_wire_39, F1, i)}
100.0	{(g4249, F1, i)}
100.0	{(I9258, F1, i)}
100.0	{(g4249->I9258, F1, i)}
100.0	{(g4900, F1, i)}
100.0	{(I9258->g4900, F1, i)}
100.0	{(I9645, F1, i)}
100.0	{(g4900->I9645, F1, i)}
100.0	{(g5173, F1, i)}
100.0	{(I9645->g5173, F1, i)}
100.0	{(g5173->tmp_wire_32, F1, i)}
