100.0	{(I10810, F1, i)}
100.0	{(g5403->I10810, F1, i)}
100.0	{(g6149, F1, i)}
100.0	{(I10810->g6149, F1, i)}
100.0	{(I11248, F1, i)}
100.0	{(g6149->I11248, F1, i)}
100.0	{(g6307, F1, i)}
100.0	{(I11248->g6307, F1, i)}
100.0	{(g6307->tmp_wire_27, F1, i)}
90.91	{(g9203, F1, i)}
90.91	{(g9179, F1, i)}
90.91	{(g9190, F1, i)}
90.91	{(g9191, F1, i)}
90.91	{(I15857, F1, i)}
90.91	{(I15857->g9191, F1, i)}
90.91	{(g9202, F1, i)}
50.0	{(g2477, F1, i)}
50.0	{(g25->g2477, F1, i)}
50.0	{(I7098, F1, i)}
50.0	{(g2477->I7098, F1, i)}
50.0	{(g3631, F1, i)}
50.0	{(I7098->g3631, F1, i)}
50.0	{(I7623, F1, i)}
50.0	{(g3631->I7623, F1, i)}
50.0	{(g3940, F1, i)}
50.0	{(I7623->g3940, F1, i)}
50.0	{(I9457, F1, i)}
50.0	{(g3940->I9457, F1, i)}
50.0	{(g5085, F1, i)}
50.0	{(I9457->g5085, F1, i)}
50.0	{(g5463, F1, i)}
50.0	{(g5085->g5463, F1, i)}
