100.0	{(g6056, F1, i)}
100.0	{(I11764, F1, i)}
100.0	{(g6056->I11764, F1, i)}
100.0	{(g6572, F1, i)}
100.0	{(I11764->g6572, F1, i)}
100.0	{(I12418, F1, i)}
100.0	{(g6572->I12418, F1, i)}
100.0	{(I12418->g6849, F1, i)}
100.0	{(g6459, F1, i)}
100.0	{(I12659, F1, i)}
100.0	{(g6459->I12659, F1, i)}
100.0	{(g6950, F1, i)}
100.0	{(I12659->g6950, F1, i)}
100.0	{(I12891, F1, i)}
100.0	{(g6950->I12891, F1, i)}
100.0	{(g7101, F1, i)}
100.0	{(I12891->g7101, F1, i)}
100.0	{(g7101->tmp_wire_666, F1, i)}
100.0	{(tmp_wire_666, F1, i)}
100.0	{(g6457, F1, i)}
100.0	{(I12649, F1, i)}
100.0	{(g6457->I12649, F1, i)}
100.0	{(g6946, F1, i)}
100.0	{(I12649->g6946, F1, i)}
100.0	{(I12885, F1, i)}
100.0	{(g6946->I12885, F1, i)}
100.0	{(g7099, F1, i)}
100.0	{(I12885->g7099, F1, i)}
100.0	{(g7099->tmp_wire_664, F1, i)}
100.0	{(g7242, F1, i)}
100.0	{(I13672, F1, i)}
100.0	{(g7242->I13672, F1, i)}
100.0	{(g7498, F1, i)}
100.0	{(I13672->g7498, F1, i)}
100.0	{(I13782, F1, i)}
100.0	{(g7498->I13782, F1, i)}
100.0	{(g7534, F1, i)}
100.0	{(I13782->g7534, F1, i)}
100.0	{(I14196, F1, i)}
100.0	{(g7534->I14196, F1, i)}
100.0	{(g7775, F1, i)}
100.0	{(I14196->g7775, F1, i)}
100.0	{(g7775->tmp_wire_191, F1, i)}
100.0	{(tmp_wire_191, F1, i)}
