50.0	{(g6699, F1, i)}
50.0	{(g6699->g7235, F1, i)}
50.0	{(g6154, F1, i)}
50.0	{(g6154->g6699, F1, i)}
50.0	{(g7235, F1, i)}
50.0	{(I13663, F1, i)}
50.0	{(g7235->I13663, F1, i)}
50.0	{(g7495, F1, i)}
50.0	{(I13663->g7495, F1, i)}
50.0	{(I14055, F1, i)}
50.0	{(g7495->I14055, F1, i)}
50.0	{(g7728, F1, i)}
50.0	{(I14055->g7728, F1, i)}
50.0	{(I14187, F1, i)}
50.0	{(g7728->I14187, F1, i)}
50.0	{(g7772, F1, i)}
50.0	{(I14187->g7772, F1, i)}
50.0	{(g7772->tmp_wire_188, F1, i)}
50.0	{(tmp_wire_188, F1, i)}
41.67	{(g1499->g6154, F1, i)}
