100.0	{(I10810, F1, i)}
100.0	{(g5403->I10810, F1, i)}
100.0	{(g6149, F1, i)}
100.0	{(I10810->g6149, F1, i)}
100.0	{(I11248, F1, i)}
100.0	{(g6149->I11248, F1, i)}
100.0	{(g6307, F1, i)}
100.0	{(I11248->g6307, F1, i)}
100.0	{(g6307->tmp_wire_27, F1, i)}
100.0	{(tmp_wire_27, F1, i)}
71.88	{(g9203, F1, i)}
71.88	{(I15889, F1, i)}
71.88	{(I15889->g9203, F1, i)}
71.88	{(g9179, F1, i)}
71.88	{(g9190, F1, i)}
71.88	{(I15850, F1, i)}
71.88	{(I15850->g9190, F1, i)}
71.88	{(g9202, F1, i)}
71.88	{(g9191, F1, i)}
70.97	{(g9191->I15889, F1, i)}
70.97	{(I15857, F1, i)}
70.97	{(I15857->g9191, F1, i)}
70.0	{(I15881, F1, i)}
70.0	{(I15881->g9202, F1, i)}
68.0	{(g9387, F1, i)}
68.0	{(I16180, F1, i)}
68.0	{(g9387->I16180, F1, i)}
68.0	{(g9388, F1, i)}
68.0	{(I16180->g9388, F1, i)}
68.0	{(I16183, F1, i)}
68.0	{(g9388->I16183, F1, i)}
68.0	{(g9389, F1, i)}
68.0	{(I16183->g9389, F1, i)}
68.0	{(g9389->tmp_wire_24, F1, i)}
20.45	{(g9162->I15848, F1, i)}
