30.36	{(g3310, F1, i)}
25.0	{(tmp_wire_633, F1, i)}
25.0	{(g4676, F1, i)}
25.0	{(I9974, F1, i)}
25.0	{(g4676->I9974, F1, i)}
25.0	{(g5551, F1, i)}
25.0	{(I9974->g5551, F1, i)}
25.0	{(I10262, F1, i)}
25.0	{(g5551->I10262, F1, i)}
25.0	{(g5735, F1, i)}
25.0	{(I10262->g5735, F1, i)}
25.0	{(g5735->tmp_wire_633, F1, i)}
25.0	{(g4349, F1, i)}
25.0	{(I9209, F1, i)}
25.0	{(g4349->I9209, F1, i)}
25.0	{(g4867, F1, i)}
25.0	{(I9209->g4867, F1, i)}
25.0	{(I9630, F1, i)}
25.0	{(g4867->I9630, F1, i)}
25.0	{(g5168, F1, i)}
25.0	{(I9630->g5168, F1, i)}
25.0	{(g5168->tmp_wire_632, F1, i)}
25.0	{(tmp_wire_632, F1, i)}
23.08	{(g3885, F1, i)}
23.08	{(g3885->g4676, F1, i)}
17.31	{(g3466->g3885, F1, i)}
17.31	{(g3310->g4349, F1, i)}
15.38	{(g3310->g3885, F1, i)}
15.38	{(g2496, F1, i)}
15.38	{(g942->g2496, F1, i)}
15.38	{(g2496->g4349, F1, i)}
