66.67	{(g7017, F1, i)}
66.67	{(I13134, F1, i)}
66.67	{(g7017->I13134, F1, i)}
66.67	{(g7206, F1, i)}
66.67	{(I13134->g7206, F1, i)}
66.67	{(I13335, F1, i)}
66.67	{(g7206->I13335, F1, i)}
66.67	{(g7301, F1, i)}
66.67	{(I13335->g7301, F1, i)}
66.67	{(g7301->tmp_wire_54, F1, i)}
66.67	{(tmp_wire_54, F1, i)}
50.0	{(g4905->I9948, F1, i)}
50.0	{(I9948, F1, i)}
50.0	{(I9948->g5539, F1, i)}
50.0	{(g3390->g7017, F1, i)}
50.0	{(g5539, F1, i)}
50.0	{(g5539->g6002, F1, i)}
50.0	{(g6002, F1, i)}
50.0	{(g6002->g6706, F1, i)}
50.0	{(g6706, F1, i)}
50.0	{(g6706->g7017, F1, i)}
50.0	{(g4905, F1, i)}
