58.82	{(g6460, F1, i)}
58.82	{(I12737, F1, i)}
58.82	{(g6460->I12737, F1, i)}
58.82	{(g6997, F1, i)}
58.82	{(I12737->g6997, F1, i)}
58.82	{(I13157, F1, i)}
58.82	{(g6997->I13157, F1, i)}
58.82	{(g7221, F1, i)}
58.82	{(I13157->g7221, F1, i)}
58.82	{(I13356, F1, i)}
58.82	{(g7221->I13356, F1, i)}
58.82	{(g7308, F1, i)}
58.82	{(I13356->g7308, F1, i)}
58.82	{(g7308->tmp_wire_123, F1, i)}
58.82	{(tmp_wire_123, F1, i)}
41.18	{(g2205, F1, i)}
41.18	{(g13->g2205, F1, i)}
41.18	{(g2205->g6178, F1, i)}
41.18	{(g6178, F1, i)}
41.18	{(g6178->g6460, F1, i)}
