100.0	{(I16023, F1, i)}
100.0	{(g9267->I16023, F1, i)}
100.0	{(I16023->g9299, F1, i)}
66.67	{(g6124, F1, i)}
66.67	{(g6124->g7181, F1, i)}
66.67	{(g7181, F1, i)}
66.67	{(I13565, F1, i)}
66.67	{(g7181->I13565, F1, i)}
66.67	{(g7434, F1, i)}
66.67	{(I13565->g7434, F1, i)}
66.67	{(I14005, F1, i)}
66.67	{(g7434->I14005, F1, i)}
66.67	{(g7708, F1, i)}
66.67	{(I14005->g7708, F1, i)}
66.67	{(I14202, F1, i)}
66.67	{(g7708->I14202, F1, i)}
66.67	{(g7777, F1, i)}
66.67	{(I14202->g7777, F1, i)}
66.67	{(g7777->tmp_wire_200, F1, i)}
50.0	{(I6500, F1, i)}
50.0	{(I6500->g2751, F1, i)}
50.0	{(g2751, F1, i)}
50.0	{(g2751->g4789, F1, i)}
50.0	{(g4789, F1, i)}
50.0	{(g4789->g6124, F1, i)}
50.0	{(g5432, F1, i)}
50.0	{(g5432->g6124, F1, i)}
