56.2	{(g5748, F1, i)}
56.2	{(I11880, F1, i)}
56.2	{(g5748->I11880, F1, i)}
56.2	{(g6628, F1, i)}
56.2	{(I11880->g6628, F1, i)}
56.2	{(I12529, F1, i)}
56.2	{(g6628->I12529, F1, i)}
56.2	{(g6886, F1, i)}
56.2	{(I12529->g6886, F1, i)}
56.2	{(g6886->tmp_wire_150, F1, i)}
56.2	{(I7867, F1, i)}
56.2	{(g2818->I7867, F1, i)}
56.2	{(g4080, F1, i)}
56.2	{(I7867->g4080, F1, i)}
56.2	{(g4899, F1, i)}
56.2	{(g4080->g4899, F1, i)}
56.2	{(g5470, F1, i)}
56.2	{(g4899->g5470, F1, i)}
54.4	{(g1792, F1, i)}
54.4	{(g616->g1792, F1, i)}
54.4	{(g2818, F1, i)}
54.4	{(g1792->g2818, F1, i)}
50.41	{(I10305, F1, i)}
47.11	{(I10307, F1, i)}
47.11	{(I10307->g5748, F1, i)}
41.32	{(I10305->I10307, F1, i)}
41.32	{(g5470->I10305, F1, i)}
29.75	{(g3019->I10307, F1, i)}
26.45	{(I10305->I10306, F1, i)}
26.45	{(g3019->I10305, F1, i)}
14.88	{(g5470->I10306, F1, i)}
