42.53	{(g6188, F1, i)}
42.53	{(I11793, F1, i)}
42.53	{(g6188->I11793, F1, i)}
42.53	{(g6593, F1, i)}
42.53	{(I11793->g6593, F1, i)}
42.53	{(I12508, F1, i)}
42.53	{(g6593->I12508, F1, i)}
42.53	{(g6879, F1, i)}
42.53	{(I12508->g6879, F1, i)}
42.53	{(g6879->tmp_wire_140, F1, i)}
42.53	{(I7978, F1, i)}
42.53	{(g3574->I7978, F1, i)}
42.53	{(g4125, F1, i)}
42.53	{(I7978->g4125, F1, i)}
42.53	{(g4934, F1, i)}
42.53	{(g4125->g4934, F1, i)}
42.53	{(g5525, F1, i)}
42.53	{(g4934->g5525, F1, i)}
42.53	{(g1771, F1, i)}
42.53	{(g609->g1771, F1, i)}
42.53	{(g3574, F1, i)}
42.53	{(g1771->g3574, F1, i)}
36.78	{(I10923, F1, i)}
31.03	{(I10924, F1, i)}
31.03	{(I10924->g6188, F1, i)}
21.84	{(g5525->I10924, F1, i)}
20.69	{(g5525->I10923, F1, i)}
83.33	{(g2889, F1, i)}
83.33	{(g2889->g5708, F1, i)}
66.67	{(g1612->g2889, F1, i)}
