81.82	{(g6121, F1, i)}
81.82	{(g6121->g7179, F1, i)}
81.82	{(g7179, F1, i)}
81.82	{(I13562, F1, i)}
81.82	{(g7179->I13562, F1, i)}
81.82	{(g7433, F1, i)}
81.82	{(I13562->g7433, F1, i)}
81.82	{(I14001, F1, i)}
81.82	{(g7433->I14001, F1, i)}
81.82	{(g7704, F1, i)}
81.82	{(I14001->g7704, F1, i)}
81.82	{(I14199, F1, i)}
81.82	{(g7704->I14199, F1, i)}
81.82	{(g7776, F1, i)}
81.82	{(I14199->g7776, F1, i)}
81.82	{(g7776->tmp_wire_199, F1, i)}
54.55	{(g5425, F1, i)}
54.55	{(g5425->g6121, F1, i)}
54.55	{(g4785, F1, i)}
54.55	{(g4785->g6121, F1, i)}
54.55	{(I5507, F1, i)}
54.55	{(I5507->g1678, F1, i)}
