65.33	{(g9267, F1, i)}
63.33	{(I15814, F1, i)}
63.33	{(g9154->I15814, F1, i)}
63.33	{(g9178, F1, i)}
63.33	{(I15814->g9178, F1, i)}
63.33	{(g9182, F1, i)}
63.33	{(g9178->g9182, F1, i)}
63.33	{(g9194, F1, i)}
63.33	{(g9182->g9194, F1, i)}
63.33	{(I15915, F1, i)}
63.33	{(g9194->I15915, F1, i)}
63.33	{(g9213, F1, i)}
63.33	{(I15915->g9213, F1, i)}
63.33	{(I15940, F1, i)}
63.33	{(g9213->I15940, F1, i)}
63.33	{(g9222, F1, i)}
63.33	{(I15940->g9222, F1, i)}
63.33	{(I15950, F1, i)}
63.33	{(g9222->I15950, F1, i)}
63.33	{(g9230, F1, i)}
63.33	{(I15950->g9230, F1, i)}
52.67	{(g9251, F1, i)}
52.67	{(g9251->g9267, F1, i)}
52.67	{(g9230->g9251, F1, i)}
