100.0	{(I5386, F0, i)}
100.0	{(I5389, F0, i)}
100.0	{(I5398, F0, i)}
100.0	{(I5398->g703, F0, i)}
100.0	{(g703, F1, i)}
100.0	{(g1579->g2635, F0, i)}
100.0	{(g1579, F0, i)}
100.0	{(g6371->tmp_wire_586, F1, i)}
100.0	{(I9099, F1, i)}
100.0	{(I9099->g4786, F1, i)}
100.0	{(g4790->g5440, F1, i)}
100.0	{(g5440, F1, i)}
100.0	{(g4786, F1, i)}
100.0	{(g5440->I10605, F1, i)}
100.0	{(I10605, F0, i)}
100.0	{(I10605->g6009, F0, i)}
100.0	{(g4786->g5440, F1, i)}
100.0	{(g6009, F1, i)}
100.0	{(g6009->I11440, F1, i)}
100.0	{(I11440, F0, i)}
100.0	{(I11440->g6371, F0, i)}
100.0	{(g6371, F1, i)}
