51.65	{(g6274, F1, i)}
51.65	{(I11832, F1, i)}
51.65	{(g6274->I11832, F1, i)}
51.65	{(g6612, F1, i)}
51.65	{(I11832->g6612, F1, i)}
51.65	{(I12505, F1, i)}
51.65	{(g6612->I12505, F1, i)}
51.65	{(g6878, F1, i)}
51.65	{(I12505->g6878, F1, i)}
51.65	{(g6878->tmp_wire_127, F1, i)}
51.65	{(g1743, F1, i)}
51.65	{(g598->g1743, F1, i)}
51.65	{(g3462, F1, i)}
51.65	{(g1743->g3462, F1, i)}
51.65	{(I7922, F1, i)}
51.65	{(g3462->I7922, F1, i)}
51.65	{(g4103, F1, i)}
51.65	{(I7922->g4103, F1, i)}
51.65	{(g4918, F1, i)}
51.65	{(g4103->g4918, F1, i)}
51.65	{(g5491, F1, i)}
51.65	{(g4918->g5491, F1, i)}
47.25	{(I11101, F1, i)}
42.86	{(I11103, F1, i)}
42.86	{(I11103->g6274, F1, i)}
38.46	{(I11101->I11103, F1, i)}
38.46	{(g5491->I11101, F1, i)}
27.47	{(I11101->I11102, F1, i)}
27.47	{(g2712->I11101, F1, i)}
24.18	{(g2712->I11103, F1, i)}
13.19	{(g5491->I11102, F1, i)}
