100.0	{(g6056, F1, i)}
100.0	{(I11764, F1, i)}
100.0	{(g6056->I11764, F1, i)}
100.0	{(g6572, F1, i)}
100.0	{(I11764->g6572, F1, i)}
100.0	{(I12418, F1, i)}
100.0	{(g6572->I12418, F1, i)}
100.0	{(I12418->g6849, F1, i)}
100.0	{(tmp_wire_666, F1, i)}
100.0	{(g6459, F1, i)}
100.0	{(I12659, F1, i)}
100.0	{(g6459->I12659, F1, i)}
100.0	{(g6950, F1, i)}
100.0	{(I12659->g6950, F1, i)}
100.0	{(I12891, F1, i)}
100.0	{(g6950->I12891, F1, i)}
100.0	{(g7101, F1, i)}
100.0	{(I12891->g7101, F1, i)}
100.0	{(g7101->tmp_wire_666, F1, i)}
15.38	{(g1926->g6193, F0, i)}
