100.0	{(g7041, F1, i)}
100.0	{(I13261, F1, i)}
100.0	{(g7041->I13261, F1, i)}
100.0	{(g7275, F1, i)}
100.0	{(I13261->g7275, F1, i)}
100.0	{(I13383, F1, i)}
100.0	{(g7275->I13383, F1, i)}
100.0	{(g7317, F1, i)}
100.0	{(I13383->g7317, F1, i)}
100.0	{(I13755, F1, i)}
100.0	{(g7317->I13755, F1, i)}
100.0	{(g7525, F1, i)}
100.0	{(I13755->g7525, F1, i)}
100.0	{(g7525->tmp_wire_277, F1, i)}
100.0	{(g6734, F1, i)}
100.0	{(g6734->g7041, F1, i)}
100.0	{(g5198, F1, i)}
100.0	{(g4969->g5198, F1, i)}
100.0	{(g5198->g6176, F1, i)}
100.0	{(g6176, F1, i)}
100.0	{(g6176->g6734, F1, i)}
