59.57	{(g5216, F1, i)}
59.57	{(I10451, F1, i)}
59.57	{(g5216->I10451, F1, i)}
59.57	{(g5806, F1, i)}
59.57	{(I10451->g5806, F1, i)}
59.57	{(I11287, F1, i)}
59.57	{(g5806->I11287, F1, i)}
59.57	{(g6320, F1, i)}
59.57	{(I11287->g6320, F1, i)}
59.57	{(g6320->tmp_wire_393, F1, i)}
51.06	{(g4391, F1, i)}
51.06	{(g4391->g5216, F1, i)}
42.55	{(g249->g4391, F1, i)}
17.02	{(g235->g5062, F1, i)}
100.0	{(I6371, F1, i)}
100.0	{(g33->I6371, F1, i)}
100.0	{(g2547, F1, i)}
100.0	{(I6371->g2547, F1, i)}
100.0	{(I7115, F1, i)}
100.0	{(g2547->I7115, F1, i)}
100.0	{(g3641, F1, i)}
100.0	{(I7115->g3641, F1, i)}
100.0	{(I8483, F1, i)}
100.0	{(g3641->I8483, F1, i)}
100.0	{(g4463, F1, i)}
100.0	{(I8483->g4463, F1, i)}
100.0	{(I9531, F1, i)}
100.0	{(g4463->I9531, F1, i)}
100.0	{(g5129, F1, i)}
100.0	{(I9531->g5129, F1, i)}
