100.0	{(I11603, F1, i)}
100.0	{(I11603->g6459, F1, i)}
100.0	{(g6175, F1, i)}
100.0	{(g6175->I11603, F1, i)}
100.0	{(g6459, F1, i)}
100.0	{(I12659, F1, i)}
100.0	{(g6459->I12659, F1, i)}
100.0	{(g6950, F1, i)}
100.0	{(I12659->g6950, F1, i)}
100.0	{(I12891, F1, i)}
100.0	{(g6950->I12891, F1, i)}
100.0	{(g7101, F1, i)}
100.0	{(I12891->g7101, F1, i)}
100.0	{(g7101->tmp_wire_666, F1, i)}
100.0	{(g5615, F1, i)}
100.0	{(g5615->g6196, F1, i)}
100.0	{(g6196, F1, i)}
100.0	{(g6196->g6457, F1, i)}
100.0	{(g6457, F1, i)}
100.0	{(I12649, F1, i)}
100.0	{(g6457->I12649, F1, i)}
100.0	{(g6946, F1, i)}
100.0	{(I12649->g6946, F1, i)}
100.0	{(I12885, F1, i)}
100.0	{(g6946->I12885, F1, i)}
100.0	{(g7099, F1, i)}
100.0	{(I12885->g7099, F1, i)}
100.0	{(g7099->tmp_wire_664, F1, i)}
