80.91	{(I12687, F1, i)}
80.91	{(g6745->I12687, F1, i)}
80.91	{(g6962, F1, i)}
80.91	{(I12687->g6962, F1, i)}
80.91	{(I12897, F1, i)}
80.91	{(g6962->I12897, F1, i)}
80.91	{(I12897->g7103, F1, i)}
68.61	{(g6745, F1, i)}
62.56	{(g6198->g6745, F1, i)}
50.91	{(I12897->g7103, F0, i)}
50.91	{(I12897, F0, i)}
50.91	{(g6962->I12897, F1, i)}
50.91	{(g6962, F1, i)}
50.91	{(I12687->g6962, F0, i)}
50.91	{(I12687, F0, i)}
50.91	{(g6745->I12687, F1, i)}
30.0	{(I12897->g7103, F1, i)}
30.0	{(I12897, F1, i)}
30.0	{(g6962->I12897, F0, i)}
30.0	{(g6962, F0, i)}
30.0	{(I12687->g6962, F1, i)}
30.0	{(I12687, F1, i)}
30.0	{(g6745->I12687, F0, i)}
