100.0	{(g7832, F1, i)}
100.0	{(I14614, F1, i)}
100.0	{(g7832->I14614, F1, i)}
100.0	{(g8406, F1, i)}
100.0	{(I14614->g8406, F1, i)}
100.0	{(I14964, F1, i)}
100.0	{(g8406->I14964, F1, i)}
100.0	{(g8774, F1, i)}
100.0	{(I14964->g8774, F1, i)}
100.0	{(I15193, F1, i)}
100.0	{(g8774->I15193, F1, i)}
100.0	{(g8869, F1, i)}
100.0	{(I15193->g8869, F1, i)}
100.0	{(g8869->tmp_wire_238, F1, i)}
100.0	{(tmp_wire_238, F1, i)}
100.0	{(g5767, F1, i)}
100.0	{(I11607, F1, i)}
100.0	{(g5767->I11607, F1, i)}
100.0	{(g6461, F1, i)}
100.0	{(I11607->g6461, F1, i)}
100.0	{(g6461->g7833, F1, i)}
100.0	{(g3079, F1, i)}
100.0	{(g1603->g3079, F1, i)}
100.0	{(g3079->g5767, F1, i)}
100.0	{(g7833, F1, i)}
100.0	{(I14623, F1, i)}
100.0	{(g7833->I14623, F1, i)}
100.0	{(g8442, F1, i)}
100.0	{(I14623->g8442, F1, i)}
100.0	{(I14974, F1, i)}
100.0	{(g8442->I14974, F1, i)}
100.0	{(g8778, F1, i)}
100.0	{(I14974->g8778, F1, i)}
100.0	{(I15196, F1, i)}
100.0	{(g8778->I15196, F1, i)}
100.0	{(g8870, F1, i)}
100.0	{(I15196->g8870, F1, i)}
100.0	{(g8870->tmp_wire_239, F1, i)}
100.0	{(tmp_wire_239, F1, i)}
