100.0	{(I13779, F1, i)}
100.0	{(g7406->I13779, F1, i)}
100.0	{(g7533, F1, i)}
100.0	{(I13779->g7533, F1, i)}
100.0	{(I14163, F1, i)}
100.0	{(g7533->I14163, F1, i)}
100.0	{(g7764, F1, i)}
100.0	{(I14163->g7764, F1, i)}
100.0	{(g7764->tmp_wire_219, F1, i)}
100.0	{(tmp_wire_219, F1, i)}
100.0	{(g7575, F1, i)}
100.0	{(g7575->g7827, F1, i)}
100.0	{(I13012, F1, i)}
100.0	{(g7071->I13012, F1, i)}
100.0	{(g7142, F1, i)}
100.0	{(I13012->g7142, F1, i)}
100.0	{(g7142->g7575, F1, i)}
100.0	{(g7827, F1, i)}
100.0	{(I14603, F1, i)}
100.0	{(g7827->I14603, F1, i)}
100.0	{(g8381, F1, i)}
100.0	{(I14603->g8381, F1, i)}
100.0	{(I14925, F1, i)}
100.0	{(g8381->I14925, F1, i)}
100.0	{(g8753, F1, i)}
100.0	{(I14925->g8753, F1, i)}
100.0	{(I15178, F1, i)}
100.0	{(g8753->I15178, F1, i)}
100.0	{(g8864, F1, i)}
100.0	{(I15178->g8864, F1, i)}
100.0	{(g8864->tmp_wire_224, F1, i)}
100.0	{(tmp_wire_224, F1, i)}
