100.0	{(g8646, F1, i)}
100.0	{(g8646->g8895, F1, i)}
100.0	{(g8895, F1, i)}
100.0	{(I15426, F1, i)}
100.0	{(g8895->I15426, F1, i)}
100.0	{(g8974, F1, i)}
100.0	{(I15426->g8974, F1, i)}
100.0	{(I15498, F1, i)}
100.0	{(g8974->I15498, F1, i)}
100.0	{(g9028, F1, i)}
100.0	{(I15498->g9028, F1, i)}
100.0	{(g9028->tmp_wire_516, F1, i)}
100.0	{(g553->g8646, F1, i)}
100.0	{(g8643, F1, i)}
100.0	{(g8643->g8893, F1, i)}
100.0	{(g8893, F1, i)}
100.0	{(I15417, F1, i)}
100.0	{(g8893->I15417, F1, i)}
100.0	{(g8971, F1, i)}
100.0	{(I15417->g8971, F1, i)}
100.0	{(I15492, F1, i)}
100.0	{(g8971->I15492, F1, i)}
100.0	{(g9026, F1, i)}
100.0	{(I15492->g9026, F1, i)}
100.0	{(g9026->tmp_wire_514, F1, i)}
